b1 REF x1
b1 Location x1 x2
b2 REF x2
b2 PRESUPPOSITION b1
b1 REF x3
b1 PRESUPPOSITION b3
b1 PartOf x1 x3
b1 incident "n.01" x1
b3 REF x4
b3 Co-Theme x4 x5
b3 TPR x5 "now"
b3 Theme x4 x1
b3 Time x4 x5
b3 be "v.01" x4
b3 REF x5
b3 time "n.08" x5
b4 REF x6
b4 REF x7
b4 Attribute x6 x7
b4 alleged "a.01" x7
b4 recovery "n.01" x6
b4 Part x6 x9
b4 REF x8
b4 REF x9
b4 Attribute x9 x8
b4 PRESUPPOSITION b3
b4 debris "n.01" x9
b3 Sub x6 x11
b3 REF x10
b3 REF x11
b3 Attribute x11 x10
b3 alien "a.01" x10
b3 vegetable "n.01" x11
b3 Sub x11 x12
b3 REF x12
b3 REF x13
b3 Attribute x12 x13
b3 alien "n.03" x13
b3 corpse "n.01" x12
b3 Sub x11 x14
b3 REF x14
b3 REF x15
b3 REF x16
b3 TPR x16 "now"
b3 Theme x15 x14
b3 Time x15 x16
b3 crash "v.01" x15
b3 time "n.08" x16
b3 Location x15 x17
b5 REF x17
b5 PRESUPPOSITION b3
b5 location "n.01" x17
b6 REF x18
b6 PRESUPPOSITION b3
b6 state "n.01" x18
b3 REF x19
b3 REF x20
b3 REF x21
b3 APX x20 x21
b3 Quantity x19 x20
b3 quantity "n.01" x20
b3 quantity "n.01" x21
b3 EQU x19 "11"
b3 YearOfCentury x19 "05"

b1 Participant x4 x1
b2 REF x1
b2 REF x2
b2 Attribute x1 x2
b2 PRESUPPOSITION b1
b2 late "a.02" x2
b3 REF x3
b3 PRESUPPOSITION b1
b3 incident "n.01" x3
b1 REF x4
b1 Agent x4 x3
b1 Theme x4 x6
b1 be "a.01" x4
b4 REF x5
b4 REF x6
b4 PRESUPPOSITION b1
b4 Role x5 x6
b4 person "n.01" x5
b4 subject "n.01" x6
b1 Part x5 x8
b1 REF x7
b1 REF x8
b1 Attribute x8 x7
b1 intense "a.01" x7
b1 controversy "n.01" x8
b1 REF x9
b1 Sub x9 x8
b1 Sub x9 x10
b1 entity "n.01" x9
b1 REF x10
b1 subject "n.01" x10
b1 Part x10 x11
b1 REF x11
b1 REF x12
b1 Location x11 x12
b1 near~east "n.01" x12
b1 theory "n.01" x11
b1 Co-Patient x1 x13
b1 REF x13
b1 REF x14
b1 Attribute x13 x14
b1 PRESUPPOSITION "a.01" b4
b1 nature "n.01" x13
b1 PartOf x13 x15
b5 REF x15
b5 PRESUPPOSITION b1
b5 object "n.01" x15
b1 REF x16
b1 Patient x16 x13
b1 Time x16 x17
b1 crash "v.01" x16
b1 REF x17
b1 TPR x17 "now"
b1 time "n.08" x17

b1 REF x1
b1 Location x1 x2
b2 REF x2
b2 Name x2 "united~states"
b2 PRESUPPOSITION b1
b2 country "n.02" x2
b1 REF x3
b1 PRESUPPOSITION b3
b1 Role x1 x3
b1 military "n.01" x3
b1 person "n.01" x1
b3 REF x4
b3 REF x5
b3 EQU x5 "now"
b3 Location x4 x1
b3 Time x4 x5
b3 Topic x4 x6
b3 recover "v.01" x4
b3 time "n.08" x5
b3 REF x6
b3 vanity "n.01" x6
b3 REF x7
b3 Theme x7 x6
b3 Time x7 x8
b3 recover "v.01" x7
b3 REF x8
b3 TPR x8 "now"
b3 time "n.08" x8
b3 Source x7 x9
b3 REF x9
b3 REF x10
b3 Attribute x9 x10
b3 experimental "a.01" x10
b3 REF x11
b3 Attribute x9 x11
b3 REF x12
b3 Theme x12 x5
b3 Time x12 x8
b3 belong "v.01" x12
b3 Result x12 x13
b3 REF x13
b3 REF x14
b3 Attribute x13 x14
b3 program "n.01" x13
b3 REF x15
b3 Result x15 x16
b3 Theme x15 x8
b3 Time x15 x8
b3 name "v.01" x15
b3 REF x16
b3 name "n.01" x16

b1 REF x1
b1 Quantity x1 "+"
b1 REF x2
b1 Source x1 x2
b1 ufo "n.01" x2
b1 REF x3
b1 Role x1 x3
b1 person "n.01" x1
b1 Context x7 x4
b1 REF x4
b1 fact "n.01" x4
b1 REF x5
b1 REF x6
b1 Attribute x5 x6
b1 escaped "a.01" x6
b1 REF x7
b1 Attribute x5 x7
b1 alien "a.01" x7
b1 REF x8
b1 TPR x8 "now"
b1 Time x9 x8
b1 time "n.08" x8
b1 REF x9
b1 Theme x9 x5
b1 recover "v.01" x9
b1 CONTINUATION b2
b3 REF x10
b3 PRESUPPOSITION b2
b3 military "n.01" x10
b1 REF x11
b1 TPR x11 "now"
b1 time "n.08" x11
b2 REF x12
b2 Theme x12 x10
b2 Time x12 x11
b2 engage "v.01" x12
b2 Location x12 x13
b2 REF x13

b1 REF x1
b1 PRESUPPOSITION b2
b1 incident "n.01" x1
b2 REF x2
b2 REF x3
b2 Patient x2 x1
b2 TPR x3 "now"
b2 Time x2 x3
b2 time "n.08" x3
b2 turn "v.03" x2
b2 Destination x2 x4
b2 REF x4
b2 REF x5
b2 Attribute x4 x5
b2 well-known "a.01" x5
b2 REF x6
b2 Theme x4 x6
b2 REF x7
b2 Attribute x4 x7
b2 cultural "a.01" x7
b2 REF x8
b2 Agent x8 x4
b2 Theme x8 x9
b2 make "v.01" x8
b3 REF x9
b3 REF x10
b3 PRESUPPOSITION b2
b3 Theme x9 x10
b3 name "n.01" x10
b2 Co-Theme x7 x11
b2 REF x11
b2 ufo "n.01" x11

b1 REF x1
b1 PRESUPPOSITION b2
b1 entity "n.01" x1
b2 Attribute x1 x2
b2 REF x2
b2 Quantity x2 "1"
b2 entity "n.01" x2
b2 SubOf x2 x3
b2 REF x3
b2 REF x4
b2 REF x5
b2 LEQ x4 x5
b2 Quantity x3 x4
b2 quantity "n.01" x4
b2 quantity "n.01" x5
b2 REF x6
b2 Attribute x5 x6
b2 REF x7
b2 Attribute x3 x7
b2 incident "n.01" x4

b1 Time x4 x1
b1 MonthOfYear x1 "07"
b1 DayOfMonth x1 "09"
b1 REF x1
b1 REF x2
b1 Attribute x1 x2
b1 REF x3
b1 PRESUPPOSITION b1
b1 REF x4
b1 REF x5
b1 REF x6
b1 ATTRIBUTION b2
b1 Agent x4 x3
b1 TPR x6 "now"
b1 Theme x4 x5
b1 Time x4 x6
b1 proposition "n.01" x5
b1 issue "v.01" x4
b1 time "n.08" x6
b2 REF x7
b2 personnel "n.01" x7
b2 Source x7 x9
b3 REF x8
b3 PRESUPPOSITION b4
b3 field "n.01" x8
b4 REF x9
b4 PRESUPPOSITION b2
b4 PartOf x9 x8
b4 organization "n.01" x9
b2 REF x10
b2 Agent x10 x7
b2 Theme x10 x11
b2 recover "v.01" x10
b2 REF x11
b2 REF x12
b2 Attribute x11 x12
b2 Source x10 x13
b2 REF x13
b2 ranch "n.01" x13
b2 Location x13 x14
b2 REF x14

b1 REF x1
b1 REF x2
b1 Attribute x1 x2
b1 PRESUPPOSITION b2
b1 same "a.01" x2
b1 day "n.01" x1
b3 REF x3
b3 REF x4
b3 PRESUPPOSITION b2
b3 Role x3 x4
b3 person "n.01" x3
b2 PartOf x2 x5
b4 REF x5
b4 PRESUPPOSITION b2
b4 organization "n.01" x5
b2 REF x6
b2 REF x7
b2 REF x8
b2 ATTRIBUTION b5
b2 Agent x6 x3
b2 TPR x8 "now"
b2 Time x6 x8
b2 Topic x6 x7
b2 proposition "n.01" x7
b2 state "v.01" x6
b2 time "n.08" x8
b2 Context x12 x9
b2 REF x9
b2 fact "n.01" x9
b5 REF x10
b5 REF x11
b5 TPR x11 "now"
b5 Time x12 x11
b5 time "n.08" x11
b5 REF x12
b5 Theme x12 x10
b5 recover "v.01" x12
b5 Agent x12 x13
b6 REF x13
b6 PRESUPPOSITION b5
b5 NEGATION b7
b7 Instrument x12 x14
b7 REF x14

b1 REF x1
b1 REF x2
b1 Attribute x1 x2
b1 subsequent "a.01" x2
b1 REF x3
b1 TPR x3 "now"
b1 Time x4 x3
b1 time "n.08" x3
b1 REF x4
b1 Theme x4 x1
b1 call "v.01" x4
b1 REF x5
b1 Agent x5 x1
b1 Theme x5 x6
b1 feature "v.01" x5
b1 REF x6
b2 REF x7
b2 REF x8
b2 Attribute x7 x8
b2 PRESUPPOSITION b1
b2 injured "a.01" x8
b2 object "n.01" x7
b1 REF x9
b1 REF x10
b1 Causer x9 x7
b1 Patient x9 x11
b1 TPR x10 "now"
b1 Time x9 x10
b1 confirm "v.01" x9
b1 time "n.08" x10
b3 REF x11
b3 REF x12
b3 PRESUPPOSITION b1
b3 Theme x11 x12

b1 REF x1
b1 PRESUPPOSITION b2
b1 case "n.01" x1
b2 REF x2
b2 TPR x2 "now"
b2 Time x4 x2
b2 time "n.08" x2
b2 REF x3
b2 Manner x4 x3
b2 quickly "a.01" x3
b2 REF x4
b2 Experiencer x4 x1
b2 forget "a.01" x4
b2 Stimulus x4 x5
b2 REF x5
b2 Creator x5 x6
b3 REF x6
b3 PRESUPPOSITION b2
b3 religion "n.01" x6
b2 REF x7
b2 Role x5 x7
b2 person "n.01" x5
b2 researcher "n.01" x7
b2 Duration x4 x8
b2 REF x8
b2 REF x9
b2 REF x10
b2 LES x10 x9
b2 Quantity x8 x9
b2 quantity "n.01" x9
b2 quantity "n.01" x10
b2 EQU x10 "30"
b2 Unit x8 "year"
b2 measure "n.02" x8

b1 Time x4 x1
b1 REF x1
b1 REF x2
b1 time "n.08" x2
b1 REF x3
b1 REF x4
b1 Attribute x4 x3
b1 nuclear "a.01" x3
b1 REF x5
b1 Role x4 x5
b1 person "n.01" x4
b1 REF x6
b1 Sub x6 x4
b1 Sub x6 x7
b1 entity "n.01" x6
b2 REF x7
b2 REF x8
b2 PRESUPPOSITION b1
b2 Role x7 x8
b2 author "n.01" x8
b2 female "n.02" x7
b1 REF x9
b1 REF x10
b1 Agent x9 x6
b1 Patient x9 x11
b1 TPR x10 "now"
b1 Time x9 x10
b1 interview "v.01" x9
b1 time "n.08" x10
b3 REF x11
b3 PRESUPPOSITION b1
b3 male "n.02" x11
b1 EQU x11 x12
b1 REF x12
b1 REF x13
b1 REF x14
b1 ATTRIBUTION b4
b1 Experiencer x12 x13
b1 Stimulus x12 x13
b1 TPR x14 "now"
b1 Time x12 x14
b1 know "v.01" x12
b1 proposition "n.01" x13
b1 time "n.08" x14
b4 REF x15
b4 REF x16
b4 ATTRIBUTION b5
b4 Agent x15 x11
b4 Topic x15 x16
b4 have "v.01" x15
b4 proposition "n.01" x16
b5 REF x17
b5 Agent x17 x10
b5 Theme x17 x18
b5 accompany "v.01" x17
b5 REF x18
b5 REF x19
b5 Source x19 x20
b6 REF x20
b6 PRESUPPOSITION b5
b6 entity "n.01" x20
b5 REF x21
b5 TPR x21 "now"
b5 Time x22 x21
b5 time "n.08" x21
b5 REF x22
b5 Agent x22 x19
b5 Theme x22 x23
b5 recover "v.01" x22
b7 REF x23
b7 PRESUPPOSITION b5
b7 artifact "n.01" x23

b1 CONDITION b2
b3 Time x4 x1
b4 REF x1
b4 PRESUPPOSITION b3
b4 Quantity x1 "-"
b4 Unit x1 "year"
b4 measure "n.02" x1
b5 REF x2
b5 PRESUPPOSITION b3
b5 entity "n.01" x2
b6 REF x3
b6 PRESUPPOSITION b3
b6 female "n.02" x3
b3 REF x4
b3 Sub x4 x3
b3 Sub x4 x5
b3 entity "n.01" x4
b3 REF x5
b3 REF x6
b3 Role x5 x6
b3 person "n.01" x5
b3 person "n.01" x6
b3 REF x7
b3 REF x8
b3 Agent x7 x4
b3 TPR x8 "now"
b3 Theme x7 x9
b3 Time x7 x8
b3 time "n.08" x8
b3 REF x9
b3 REF x10
b3 REF x11
b3 Attribute x10 x11
b3 forget "a.01" x11
b3 incident "n.01" x10
b7 Recipient x10 x12
b4 POSSIBILITY b8
b8 REF x12
b8 REF x13
b8 Degree x14 x13
b8 PRESUPPOSITION b7
b8 most "r.01" x13
b8 REF x14
b8 Attribute x12 x14
b8 famous "a.01" x14
b8 REF x15
b8 Creator x12 x15
b8 ufo "n.01" x15
b8 case "n.01" x12
b9 PartOf x12 x16
b7 REF x16
b7 CONSEQUENCE b9
b7 time "n.01" x16

b1 Agent x4 x1
b2 REF x1
b2 REF x2
b2 Attribute x1 x2
b2 PRESUPPOSITION b1
b2 early "a.01" x2
b1 REF x3
b1 REF x4
b1 Role x3 x4
b1 person "n.01" x3
b1 researcher "n.01" x4
b1 REF x5
b1 REF x6
b1 Agent x5 x3
b1 Patient x5 x7
b1 TPR x6 "now"
b1 Time x5 x6
b1 interview "v.01" x5
b1 time "n.08" x6
b1 REF x7
b1 Quantity x7 "+"
b1 EQU x7 "100"
b1 person "n.01" x7
b1 REF x8
b1 REF x9
b1 ATTRIBUTION b3
b1 Pivot x8 x7
b1 Theme x8 x9
b1 Time x8 x10
b1 have "v.01" x8
b1 proposition "n.01" x9
b1 REF x10
b1 TPR x10 "now"
b1 time "n.08" x10
b3 REF x11
b3 REF x12
b3 ATTRIBUTION b4
b3 Pivot x11 x7
b3 Theme x11 x12
b3 Time x11 x10
b3 claim "v.01" x11
b3 proposition "n.01" x12
b4 REF x13
b4 Pivot x13 x6
b4 Theme x13 x14
b4 Time x13 x9
b4 have "v.01" x13
b4 REF x14
b4 connection "n.01" x14
b4 Co-Patient x14 x15
b5 REF x15
b5 PRESUPPOSITION b4
b5 event "n.01" x15
b4 Location x14 x16
b6 REF x16
b6 PRESUPPOSITION b4

b1 REF x1
b1 REF x2
b1 LES "200" x2
b1 Quantity x1 x2
b1 quantity "n.01" x2
b1 document "n.01" x1
b1 Time x4 x3
b1 REF x3
b1 TPR x3 "now"
b1 time "n.08" x3
b1 REF x4
b1 Theme x4 x1
b1 obtain "v.01" x4
b1 Agent x4 x5
b1 REF x5
b1 Creator x5 x6
b2 REF x6
b2 PRESUPPOSITION b1
b1 request "n.01" x5
b1 REF x7
b1 Co-Theme x7 x8
b1 Theme x7 x1
b1 Time x7 x4
b1 be "v.01" x7
b1 REF x8
b1 some "n.01" x8
b1 REF x9
b1 REF x10
b1 Manner x11 x10
b1 REF x11
b1 Agent x11 x9
b1 Time x11 x5
b1 leak "v.04" x11

b1 REF x1
b1 PRESUPPOSITION b2
b1 person "n.01" x1
b2 REF x2
b2 Creator x2 x1
b2 PRESUPPOSITION b3
b2 conclusion "n.01" x2
b3 REF x3
b3 REF x4
b3 REF x5
b3 ATTRIBUTION b4
b3 Co-Theme x3 x4
b3 TPR x5 "now"
b3 Theme x3 x2
b3 Time x3 x5
b3 be "v.01" x3
b3 proposition "n.01" x4
b3 time "n.08" x5
b4 REF x6
b4 REF x7
b4 REF x8
b4 LEQ x7 x6
b4 Quantity x8 x6
b4 quantity "n.01" x6
b4 quantity "n.01" x7
b4 REF x9
b4 REF x10
b4 LEQ x9 x8
b4 Quantity x10 x8
b4 quantity "n.01" x8
b4 quantity "n.01" x9
b4 EQU x9 "1"
b4 REF x11
b4 Attribute x10 x11
b4 alien "a.01" x11
b4 spacecraft "n.01" x10
b4 REF x12
b4 REF x13
b4 Patient x12 x10
b4 TPR x13 "now"
b4 Time x12 x13
b4 crash "v.01" x12
b4 time "n.08" x13
b4 Location x12 x14
b5 REF x14
b5 PRESUPPOSITION b4
b4 CONTINUATION b6
b7 REF x15
b7 alien "n.01" x15
b6 POSSIBILITY b7
b7 REF x16
b7 Manner x17 x16
b7 still "a.01" x16
b7 Time x18 x17
b7 REF x17
b7 TPR x17 "now"
b7 time "n.08" x17
b7 REF x18
b7 Theme x18 x15
b7 recover "v.01" x18
b7 CONTINUATION b8
b8 REF x19
b8 REF x20
b8 Attribute x19 x20
b8 massive "a.01" x20
b8 PartOf x19 x21
b8 REF x21
b8 knowledge "n.01" x21
b8 PartOf x21 x22
b9 REF x22
b9 PRESUPPOSITION b8
b9 incident "n.01" x22
b8 Time x23 x17
b8 REF x23
b8 Theme x23 x20

b1 REF x1
b1 Quantity x1 "+"
b1 book "n.02" x1
b1 REF x2
b1 letter "n.01" x2
b1 REF x3
b1 Sub x3 x1
b1 Sub x3 x2
b1 Sub x3 x4
b1 entity "n.01" x3
b1 REF x4
b1 REF x5
b1 REF x6
b1 Sub x6 x3
b1 Sub x6 x5
b1 Sub x6 x7
b1 entity "n.01" x6
b1 REF x7
b1 REF x8
b1 MadeOf x7 x8
b1 REF x9
b1 REF x10
b1 Agent x9 x6
b1 TPR x10 "now"
b1 Theme x9 x11
b1 Time x9 x10
b1 time "n.08" x10
b2 REF x11
b2 REF x12
b2 Attribute x11 x12
b2 PRESUPPOSITION b1
b1 REF x13
b1 REF x14
b1 Attribute x14 x13
b1 strong "a.01" x13
b1 REF x15
b1 Role x14 x15
b1 major "n.01" x15
b1 person "n.01" x14
b1 Context x15 x16
b1 REF x16
b1 poll "n.01" x16
b1 Attribute x13 x17
b1 REF x17
b1 REF x18
b1 Attribute x17 x18
b1 REF x19
b1 Attribute x17 x19
b1 REF x20
b1 REF x21
b1 ATTRIBUTION b3
b1 Experiencer x20 x16
b1 Stimulus x20 x21
b1 Time x20 x22
b1 believe "v.01" x20
b1 proposition "n.01" x21
b1 REF x22
b1 TPR x22 "now"
b1 time "n.08" x22
b3 REF x23
b3 alien "n.01" x23
b3 REF x24
b3 Agent x24 x23
b3 Theme x24 x25
b3 Time x24 x22
b3 visit "v.01" x24
b3 REF x25
b3 REF x26
b3 alien "n.01" x26
b3 REF x27
b3 Theme x27 x26
b3 Time x27 x16
b3 land "v.01" x27
b3 Location x27 x28
b4 REF x28

b1 Time x4 x1
b2 REF x1
b2 PRESUPPOSITION b1
b1 REF x2
b1 Sub x2 x1
b1 Sub x2 x3
b1 entity "n.01" x2
b1 REF x3
b1 REF x4
b1 REF x5
b1 Attribute x4 x5
b1 new "a.01" x5
b1 narrative "n.01" x4
b1 REF x6
b1 Theme x6 x4
b1 Time x6 x7
b1 emerge "v.01" x6
b1 TPR x7 "now"
b1 REF x7
b1 time "n.08" x7
b1 Time x8 x7
b1 REF x8
b1 Attribute x4 x8
b1 strong "a.01" x8
b1 odds "n.01" x3
b1 Co-Theme x4 x9
b1 REF x9
b1 entity "n.01" x9
b1 Time x10 x6
b1 REF x10
b1 Theme x10 x9
b1 report "v.01" x10
b1 YearOfCentury x7 "05"

b1 REF x1
b1 PRESUPPOSITION b2
b1 narrative "n.01" x1
b2 REF x2
b2 Patient x2 x1
b2 TPR x3 "now"
b2 evolve "v.01" x2
b2 REF x3
b2 Time x2 x3
b2 time "n.08" x3
b2 Path x2 x4
b3 REF x4
b3 PRESUPPOSITION b2
b3 Unit x4 "year"
b3 measure "n.02" x4
b2 Source x2 x3
b2 REF x5
b2 PRESUPPOSITION b1
b2 time "n.01" x5
b1 REF x6
b1 Order x6 "1"
b1 book "n.01" x6
b1 Location x6 x7
b4 REF x7
b4 PRESUPPOSITION b1
b4 person "n.01" x7
b1 time "n.08" x7
b1 REF x8
b1 Patient x8 x4
b1 publish "v.01" x8
b1 Time x8 x7
b1 YearOfCentury x7 "1948"
b1 REF x9
b1 Quantity x9 "+"
b1 REF x10
b1 Attribute x9 x10
b1 new "a.01" x10
b1 REF x11
b1 Role x9 x11
b1 person "n.01" x9
b1 witness "n.01" x11
b1 REF x12
b1 Sub x12 x9
b1 Sub x12 x13
b1 entity "n.01" x12
b1 REF x13
b1 fact "n.01" x13
b1 REF x14
b1 Theme x14 x12
b1 Time x14 x15
b1 emerge "v.01" x14
b1 REF x15
b1 TPR x15 "now"
b1 time "n.08" x15
b1 REF x16
b1 Patient x16 x6
b1 draw "v.01" x16
b1 Context x16 x17
b1 REF x17
b1 Location "n.01" x17
b1 REF x18
b1 Location x18 x19
b5 REF x19
b5 PRESUPPOSITION b1
b5 incident "n.01" x19

b1 REF x1
b1 REF x2
b1 Role x1 x2
b1 person "n.01" x1
b2 REF x3
b2 REF x4
b2 Attribute x3 x4
b2 various "a.01" x4
b2 REF x5
b2 PRESUPPOSITION b1
b2 Role x3 x5
b2 person "n.01" x3
b2 researcher "n.01" x5
b1 REF x6
b1 Agent x6 x3
b1 Theme x6 x3
b1 Time x6 x7
b1 interview "v.01" x6
b1 REF x7
b1 TPR x7 "now"
b1 time "n.08" x7
b1 Attribute x6 x8
b1 REF x8
b1 REF x9
b1 Attribute x8 x9
b1 impressive "a.01" x9
b1 figure "n.01" x8
b1 REF x10
b1 REF x11
b1 Attribute x10 x11
b1 comparable "a.01" x11
b1 Quantity x10 "-"
b1 REF x12
b1 Role x10 x12
b1 person "n.01" x10
b1 REF x13
b1 REF x14
b1 ATTRIBUTION b3
b1 Agent x13 x10
b1 Time x13 x8
b1 Topic x13 x14
b1 claim "v.01" x13
b1 proposition "n.01" x14
b3 REF x15
b3 Manner x16 x15
b3 actually "a.01" x15
b3 REF x16
b3 Experiencer x16 x9
b3 Stimulus x16 x9
b3 Time x16 x10

b1 REF x1
b1 most "n.01" x1
b1 SubOf x1 x2
b2 REF x2
b2 REF x3
b2 Attribute x2 x3
b2 PRESUPPOSITION b1
b2 entity "n.01" x2
b1 REF x4
b1 TPR x4 "now"
b1 Time x5 x4
b1 time "n.08" x4
b1 REF x5
b1 Agent x5 x1
b1 Theme x5 x6
b1 repeat "v.01" x5
b3 REF x6
b3 claim "n.01" x6
b3 Of x6 x7
b3 REF x7
b3 REF x8
b3 PRESUPPOSITION b1
b3 Role x7 x8
b3 person "n.01" x7
b3 person "n.01" x8
b1 REF x9
b1 Sub x9 x6
b1 Sub x9 x10
b1 entity "n.01" x9
b1 REF x10
b1 testimony "n.01" x10
b1 REF x11
b1 TPR "now" x11
b1 Time x12 x11
b1 time "n.08" x11
b1 REF x12
b1 Co-Theme x12 x14
b1 Theme x12 x9
b1 REF x13
b1 REF x14
b1 Attribute x14 x13
b1 Location x12 x15
b1 REF x15
b1 Source x15 x16
b4 REF x16
b4 Name x16 "america"
b4 PRESUPPOSITION b1
b4 country "n.02" x16
b1 court "n.01" x15

b1 REF x1
b1 REF x2
b1 ATTRIBUTION b2
b1 Topic x2 x1
b1 as "a.01" x2
b1 proposition "n.01" x1
b1 Theme x2 x3
b1 REF x3
b1 Quantity x3 "+"
b1 REF x4
b1 Role x3 x4
b1 account "n.01" x4
b1 person "n.01" x3
b1 Source x4 x5
b1 REF x5
b1 person "n.01" x5
b1 REF x6
b1 REF x7
b1 ATTRIBUTION b3
b1 Agent x6 x5
b1 Time x6 x8
b1 Topic x6 x7
b1 claim "v.01" x6
b1 proposition "n.01" x7
b1 REF x8
b1 TPR x8 "now"
b1 time "n.08" x8
b3 REF x9
b3 Agent x9 x5
b3 Theme x9 x10
b3 Time x9 x8
b3 see "v.01" x9
b3 REF x10
b3 alien "n.03" x10
b3 REF x11
b3 critic "n.01" x11
b3 REF x12
b3 Agent x12 x11
b3 Theme x12 x13
b3 identify "v.01" x12
b3 REF x13
b3 variety "n.01" x13
b3 Content x13 x14
b3 REF x14
b3 problem "n.01" x14
b3 Co-Theme x12 x15
b4 REF x15
b4 PRESUPPOSITION b3
b4 person "n.01" x15

b1 REF x1
b1 PRESUPPOSITION b2
b1 problem "n.01" x1
b2 REF x2
b2 REF x3
b2 TPR x3 "now"
b2 Theme x2 x1
b2 Time x2 x3
b2 range "v.01" x2
b2 time "n.08" x3
b2 Source x2 x4
b3 REF x4
b3 Theme x4 x6
b3 REF x5
b3 REF x6
b3 Attribute x6 x5
b3 PRESUPPOSITION b2
b3 magazine "n.01" x6
b2 Recipient x3 x8
b2 REF x7
b2 REF x8
b2 Attribute x8 x7
b2 serious "a.01" x7
b2 REF x9
b2 Attribute x8 x9
b2 credibility "n.01" x9
b2 problem "n.01" x8
b2 Part x8 x10
b2 REF x10
b2 REF x11
b2 Attribute x10 x11
b2 REF x12
b2 Attribute x10 x12
b2 claim "n.01" x10
b2 Recipient x5 x14
b2 REF x13
b2 REF x14
b2 Attribute x14 x13

b1 REF x1
b1 REF x2
b1 Attribute x1 x2
b1 basic "a.01" x2
b1 problem "n.01" x1
b2 Co-Theme x1 x3
b1 CONDITION b3
b3 REF x3
b3 CONSEQUENCE b2
b3 PartOf x3 x4
b3 entity "n.01" x3
b4 REF x4
b4 REF x5
b4 PRESUPPOSITION b3
b4 Theme x4 x5
b4 witness_stand "n.01" x5
b4 magazine "n.01" x4
b3 REF x6
b3 Theme x6 x2
b3 according "a.01" x6
b3 Source x6 x7
b5 REF x7
b5 PRESUPPOSITION b3
b5 critic "n.01" x7
b3 REF x8
b3 REF x9
b3 REF x10
b3 ATTRIBUTION b6
b3 Co-Theme x8 x9
b3 EQU x10 "now"
b3 Theme x8 x7
b3 Time x8 x10
b3 be "v.01" x8
b3 proposition "n.01" x9
b3 time "n.08" x10
b7 REF x11
b7 PRESUPPOSITION b6
b7 person "n.01" x11
b6 CONDITION b8
b8 REF x12
b8 CONSEQUENCE b9
b8 SubOf x12 x11
b8 entity "n.01" x12
b8 REF x13
b8 TPR x13 "now"
b8 time "n.08" x13
b9 REF x14
b9 Agent x14 x12
b9 Theme x14 x15
b9 Time x14 x13
b9 occur "v.01" x14
b9 REF x15
b9 quota "n.01" x15
b9 Value x15 x16
b9 REF x16
b9 Quantity x16 "30"
b9 Unit x16 "year"
b9 measure "n.02" x16
b9 Time x15 x17
b10 REF x17
b10 PRESUPPOSITION b9
b10 event "n.01" x17
b9 Context x14 x18
b9 REF x18
b9 question "n.01" x18
b9 REF x19
b9 Quantity x19 "+"
b9 case "n.01" x19
b9 Time x21 x20
b8 REF x20
b8 TPR x20 "now"
b8 time "n.08" x20
b8 REF x21
b8 Theme x21 x19
b8 REF x22

b1 NEGATION b2
b2 REF x1
b2 Manner x2 x1
b2 only "a.01" x1
b2 REF x2
b2 REF x3
b2 Co-Theme x2 x4
b2 EQU x3 "now"
b2 Theme x2 x7
b2 Time x2 x3
b2 be "v.01" x2
b2 time "n.08" x3
b2 REF x4
b2 memory "n.01" x4
b3 REF x5
b3 PRESUPPOSITION b2
b3 old "n.01" x5
b2 Theme x3 x7
b2 REF x6
b2 REF x7
b2 Attribute x7 x6
b4 REF x8
b4 PRESUPPOSITION b2
b4 person "n.01" x8
b2 REF x9
b2 TPR x9 "now"
b2 Time x10 x9
b2 time "n.08" x9
b2 REF x10
b2 Experiencer x10 x8
b2 subject "a.01" x10
b2 Stimulus x10 x11
b2 REF x11
b2 contamination "n.01" x11
b2 Source x11 x12
b2 REF x12
b2 NEQ x12 x13
b5 REF x13
b5 PRESUPPOSITION b2
b2 document "n.01" x12
b5 document "n.01" x13
b6 REF x14
b6 REF x15
b6 PRESUPPOSITION b7
b6 Role x14 x15
b6 person "n.01" x14
b6 witness "n.01" x15
b4 POSSIBILITY b7
b7 REF x16
b7 Theme x16 x14
b7 Time x16 x17
b7 be "v.01" x16
b7 REF x17
b7 TPR x17 "now"
b7 time "n.08" x17
b7 Recipient x16 x14

b1 REF x1
b1 TPR x2 "now"
b1 Theme x1 x3
b1 Time x1 x2
b1 be "v.01" x1
b1 REF x2
b1 time "n.08" x2
b1 REF x3
b1 Quantity x3 "+"
b1 REF x4
b1 Part x4 x5
b2 REF x5
b2 PRESUPPOSITION b1
b2 document "n.01" x5
b3 REF x6
b3 PRESUPPOSITION b1
b3 entity "n.01" x6
b4 EQU x6 x8
b4 TPR x6 "now"
b1 NEGATION b4
b1 REF x7
b1 REF x8
b1 Attribute x7 x8
b1 Value x8 "+"
b1 strong "a.01" x8
b1 Recipient x7 x9
b5 REF x9
b5 PRESUPPOSITION b1
b5 presence "n.01" x9
b5 Theme x9 x10
b5 REF x10
b5 alien "n.03" x10
b1 REF x11
b1 TPR x11 "now"
b1 time "n.08" x11
b4 Time x12 x11
b4 REF x12
b4 Patient x12 x8
b4 unbuckle "v.01" x12

b1 REF x1
b1 PRESUPPOSITION b2
b2 REF x2
b2 Agent x2 x1
b2 TPR x3 "now"
b2 Theme x2 x4
b2 Time x2 x3
b2 launch "v.01" x2
b2 REF x3
b2 time "n.08" x3
b2 REF x4
b2 REF x5
b2 Role x4 x5
b2 person "n.01" x4
b2 PartOf x4 x6
b3 REF x6
b3 REF x7
b3 PRESUPPOSITION b2
b3 Role x6 x7
b3 person "n.01" x6
b3 secretary "n.01" x7
b2 Of x5 x8
b4 REF x8
b4 PRESUPPOSITION b2
b4 organization "n.01" x8
b2 REF x9
b2 Agent x9 x2
b2 Theme x9 x10
b2 conduct "v.01" x9
b2 REF x10
b2 REF x11
b2 Attribute x10 x11
b2 internal "a.01" x11
b2 investigation "n.01" x10

b1 REF x1
b1 PRESUPPOSITION b2
b1 result "n.03" x1
b2 REF x2
b2 TPR x2 "now"
b2 Time x3 x2
b2 time "n.08" x2
b2 REF x3
b2 Recipient x3 x1
b2 Duration x3 x4
b2 REF x4
b2 Quantity x4 "2"
b2 report "n.01" x4

b1 REF x1
b1 PRESUPPOSITION b2
b1 Order x1 "1"
b1 entity "n.01" x1
b2 REF x2
b2 Theme x2 x1
b2 release "v.01" x2
b2 Time x2 x3
b2 REF x3
b2 time "n.08" x3
b2 REF x4
b2 REF x5
b2 REF x6
b2 ATTRIBUTION b3
b2 Agent x4 x2
b2 TPR x6 "now"
b2 Time x4 x6
b2 Topic x4 x5
b2 decide "v.01" x4
b2 proposition "n.01" x5
b2 time "n.08" x6
b4 REF x7
b4 REF x8
b4 Theme x8 x7
b4 recover "v.01" x8
b4 material "n.01" x7
b4 PartOf x7 x9
b4 REF x9
b4 REF x10
b4 Attribute x9 x10
b4 secret "a.01" x10
b4 REF x11
b4 MadeOf x9 x11
b4 PRESUPPOSITION b3
b4 government "n.01" x11
b4 program "n.01" x9
b3 REF x12
b3 REF x13
b3 Agent x12 x9
b3 TPR x13 "now"
b3 Theme x12 x15
b3 Time x12 x13
b3 involve "v.01" x12
b3 time "n.08" x13
b3 REF x14
b3 REF x15
b3 Attribute x15 x14
b3 high "a.01" x14
b3 REF x16
b3 MadeOf x15 x16
b3 sail "n.01" x16
b3 balloon "n.02" x15
b3 REF x17
b3 REF x18
b3 Agent x17 x15
b3 TPR x18 "now"
b3 Theme x17 x20
b3 Time x17 x18
b3 involve "v.01" x17
b3 time "n.08" x18
b3 REF x19
b3 REF x20
b3 Attribute x20 x19
b3 Value x19 "+"
b3 high "a.01" x19
b3 REF x21
b3 Attribute x20 x21
b3 sail "a.01" x21
b3 REF x22
b3 Theme x22 x20
b3 Time x22 x23
b3 generate "v.01" x22
b3 REF x23
b3 TPR x23 "now"
b3 time "n.08" x23

b1 REF x1
b1 PRESUPPOSITION b2
b1 Order x1 "2"
b1 report "n.01" x1
b2 REF x2
b2 Theme x2 x1
b2 release "v.01" x2
b2 REF x3
b2 Quantity x3 "2"
b2 Unit x3 "year"
b2 measure "n.02" x3
b2 REF x4
b2 REF x5
b2 ATTRIBUTION b3
b2 Agent x4 x3
b2 Topic x4 x5
b2 late "v.01" x4
b2 proposition "n.01" x5
b3 Context x9 x6
b3 REF x6
b3 REF x7
b3 Attribute x7 x6
b3 PRESUPPOSITION b2
b3 measure "n.02" x7
b2 REF x8
b2 REF x9
b2 ATTRIBUTION b4
b2 Agent x8 x7
b2 TPR x10 "now"
b2 Time x8 x10
b2 Topic x8 x9
b2 proposition "n.01" x9
b2 REF x10
b2 time "n.08" x10
b2 REF x11
b2 report "n.01" x11
b2 Part x11 x12
b2 REF x12
b2 REF x13
b2 Attribute x12 x13
b2 military "a.01" x13
b2 accident "n.01" x12
b2 REF x14
b2 Agent x14 x11
b2 Theme x14 x15
b2 involve "v.01" x14
b2 REF x15
b2 REF x16
b2 Attribute x15 x16
b2 isolated "a.01" x16
b5 REF x17
b5 Manner x15 x17
b5 REF x18
b5 Agent x18 x15
b5 Patient x18 x19
b5 transfer "v.01" x18
b5 REF x19
b5 personal "n.01" x19
b5 PartOf x19 x20
b6 REF x20
b6 recovery "n.01" x20
b6 Part x20 x22
b6 REF x21
b6 REF x22
b6 Attribute x21 x22
b6 PRESUPPOSITION b5
b6 jam "n.01" x21
b5 Context x20 x23
b5 REF x23
b5 REF x24
b5 Attribute x23 x24
b5 military "a.01" x24
b5 Context x23 x25
b5 REF x25
b5 REF x26

b1 REF x1
b1 REF x2
b1 Attribute x1 x2
b1 psychological "a.01" x2
b1 effect "n.01" x1
b1 Theme x1 x4
b1 REF x3
b1 REF x4
b1 PRESUPPOSITION b2
b1 Theme x3 x4
b1 time "n.01" x4
b2 REF x5
b2 Sub x5 x3
b2 Sub x5 x6
b2 entity "n.01" x5
b2 REF x6
b2 confusion "n.01" x6
b2 Theme x6 x7
b2 REF x7
b2 REF x8
b2 Theme x7 x8
b2 occur "n.01" x8
b2 occur "n.01" x7
b2 REF x9
b2 TPR x9 "now"
b2 time "n.08" x9
b2 REF x10
b2 Agent x10 x6
b2 Theme x10 x11
b2 Time x10 x9
b2 explain "v.01" x10
b3 REF x11
b3 PRESUPPOSITION b2
b2 Co-Patient x10 x12
b4 REF x12
b4 PRESUPPOSITION b2
b4 Unit x12 "year"
b4 measure "n.02" x12
b2 Location x10 x13
b2 REF x13
b2 question "n.01" x13

b1 Time x4 x1
b1 REF x1
b1 MonthOfYear x1 "01"
b1 time "n.08" x1
b2 REF x2
b2 PRESUPPOSITION b1
b2 male "n.02" x2
b1 EQU x2 x3
b1 REF x3
b1 person "n.01" x3
b1 SubOf x3 x4
b1 REF x4
b1 REF x5
b1 REF x6
b1 LES x6 x5
b1 Quantity x4 x5
b1 quantity "n.01" x5
b1 quantity "n.01" x6
b1 REF x7
b1 Attribute x6 x7
b1 prominent "a.01" x7
b1 REF x8
b1 Attribute x4 x8
b1 REF x9
b1 Role x5 x9
b1 person "n.01" x5
b1 researcher "n.01" x9
b1 REF x10
b1 Sub x10 x5
b1 Sub x10 x11
b1 entity "n.01" x10
b1 REF x11
b1 REF x12
b1 ATTRIBUTION b3
b1 Agent x11 x10
b1 Topic x11 x12
b1 proposition "n.01" x12
b1 say "v.01" x11
b3 REF x13
b3 EQU x13 "now"
b3 Time x14 x13
b3 time "n.08" x13
b3 REF x14
b3 Attribute x10 x14
b3 possible "a.01" x14
b4 REF x15
b4 Theme x15 x10
b4 be "v.01" x15
b4 NEGATION b5
b5 Instrument x15 x17
b5 REF x16
b5 REF x17
b5 Attribute x17 x16
b5 absolute "a.01" x16
b5 REF x18
b5 REF x19
b5 ATTRIBUTION b6
b5 Agent x17 "speaker"
b5 EQU x19 "now"
b5 Time x17 x19
b5 Topic x17 x18
b5 proposition "n.01" x18
b5 time "n.08" x19
b6 Context x17 x20
b7 REF x20
b7 REF x21
b7 Attribute x20 x21
b7 PRESUPPOSITION b6
b7 general "a.01" x21
b7 vicinity "n.01" x20
b6 PartOf x19 x22
b8 REF x22
b8 PRESUPPOSITION b6
b8 location "n.01" x22
b6 Time x20 x22

b1 REF x1
b1 PRESUPPOSITION b2
b1 male "n.02" x1
b2 REF x2
b2 REF x3
b2 Agent x2 x1
b2 TPR x3 "now"
b2 Theme x2 x4
b2 Time x2 x3
b2 find "v.01" x2
b2 time "n.08" x3
b3 REF x4
b3 PRESUPPOSITION b2
b3 remains "n.01" x4
b3 Part x4 x5
b3 REF x5
b3 entity "n.01" x5
b2 CONTRAST b4
b4 CONDITION b5
b5 REF x6
b5 CONSEQUENCE b6
b5 SubOf x6 x1
b5 entity "n.01" x6
b6 REF x7
b6 Manner x8 x7
b6 certainly "r.01" x7
b6 REF x8
b6 entity "n.01" x8
b6 Source x8 x9
b7 REF x9
b7 PRESUPPOSITION b6
b7 artifact "n.01" x9

b1 REF x1
b1 Quantity x1 "+"
b1 measure "n.02" x1
b1 REF x2
b1 REF x3
b1 EQU x2 "now"
b1 EQU x3 "now"
b1 PRESUPPOSITION b2
b1 Time x4 x2
b1 time "n.08" x2
b1 time "n.08" x3
b2 Time x5 x3
b1 REF x4
b1 Co-Theme x4 x6
b1 Theme x4 x1
b2 REF x5
b2 Co-Theme x5 x7
b2 EQU x6 "now"
b2 Theme x5 x1
b2 Time x5 x6
b1 REF x6
b1 time "n.08" x6
b3 REF x7
b3 PRESUPPOSITION b1
b4 REF x8
b4 PRESUPPOSITION b1
b3 conclusion "n.01" x7
b4 conclusion "n.01" x8
b1 Time x5 x9
b1 REF x9
b1 CONSEQUENCE b1
b1 Time x6 x9
b1 time "n.08" x9
b5 REF x10
b5 PRESUPPOSITION b1
b5 tournament "n.01" x10
b1 REF x11
b1 REF x12
b1 Agent x11 x10
b1 EQU x12 "now"
b1 Theme x11 x13
b1 Time x11 x12
b1 host "v.01" x11
b1 time "n.08" x12
b6 REF x13
b6 PRESUPPOSITION b1
b6 Source x13 x14
b7 REF x14
b7 PRESUPPOSITION b6
b3 REF x15
b3 Agent x15 x4
b3 Theme x15 x16
b3 feature "v.01" x15
b3 REF x16

