b1 PRECONDITION b2
b1 REF x1
b1 TPR x1 "now"
b1 Time x2 x1
b1 time "n.08" x1
b1 REF x2
b1 Theme x2 "speaker"
b1 journey "v.01" x2
b1 Destination x2 x3
b3 REF x3
b3 PRESUPPOSITION b1
b3 north "n.01" x3
b3 Name x3 "england"
b1 REF x4
b1 TPR "now" x4
b1 time "n.08" x4
b2 Time x5 x4
b2 REF x5
b2 Theme x5 "hearer"
b2 come "v.01" x5
b2 Destination x5 x6
b2 REF x6
b2 valley "n.01" x6
b2 REF x7
b2 Attribute x6 x7
b2 high "a.01" x7
b2 Instrument x7 x8
b2 REF x8
b2 mountain "n.01" x8

b1 REF x1
b1 PRESUPPOSITION b2
b1 entity "n.01" x1
b2 REF x2
b2 REF x3
b2 EQU x3 "now"
b2 Theme x2 x1
b2 Time x2 x3
b2 be "v.01" x2
b2 time "n.08" x3
b2 Location x2 x4
b3 REF x4
b3 PRESUPPOSITION b2
b3 valley "n.01" x4
b4 Location x6 x4
b2 REF x5
b2 TPR "now" x5
b2 Time x6 x5
b2 time "n.08" x5
b2 REF x6
b2 Agent x6 "hearer"
b2 Theme x6 x7
b2 find "v.01" x6
b5 REF x7
b5 PRESUPPOSITION b2
b5 city "n.01" x7
b2 CONTINUATION b6
b6 REF x8
b6 Quantity x8 "1000"
b6 REF x9
b6 Agent x9 x8
b6 Time x9 x10
b6 hum "v.01" x9
b6 REF x10
b6 TPR x10 "now"
b6 time "n.08" x10
b6 CONTINUATION b7
b7 REF x11
b7 Agent x11 x8
b7 Theme x11 x12
b7 Time x11 x10
b7 clog "v.01" x11
b7 REF x12
b7 wool "n.02" x12
b7 Destination x11 x13
b7 REF x13
b7 money "n.01" x13
b7 Beneficiary x11 x14
b8 REF x14
b8 REF x15
b8 Attribute x14 x15
b8 PRESUPPOSITION b7
b8 mill "n.01" x14

b1 CONDITION b2
b3 REF x1
b4 CONDITION b5
b6 CONDITION b7
b8 REF x2
b8 CONSEQUENCE b9
b8 REF x3
b8 CONSEQUENCE b10
b8 REF x4
b8 CONSEQUENCE b11
b8 REF x5
b8 CONSEQUENCE b12
b8 REF x6
b8 Role x5 x6
b8 mill "n.01" x6
b8 REF x7
b8 Role x5 x7
b8 dealer "n.01" x7
b8 person "n.01" x5
b11 REF x8
b11 TPR x8 "now"
b11 Time x10 x8
b11 time "n.08" x8
b11 REF x9
b11 Degree x10 x9
b11 generally "r.01" x9
b11 REF x10
b11 Experiencer x10 x6
b11 busy "a.01" x10
b11 Stimulus x10 x11
b11 REF x11
b11 beaver "n.01" x11
b11 REF x12
b11 Degree x13 x12
b11 quite "r.01" x12
b11 REF x13
b11 Experiencer x13 x11
b11 pleased "a.01" x13
b11 Stimulus x13 x14
b13 REF x14
b13 PRESUPPOSITION b11
b13 person "n.02" x14
b11 REF x15
b11 Degree x16 x15
b11 so "r.01" x15
b11 REF x16
b11 Attribute x9 x16
b11 successful "a.01" x16
b11 REF x17
b11 Manner x18 x17
b11 well "r.01" x17
b11 REF x18
b11 REF x19
b11 Experiencer x18 "hearer"
b11 TPR x19 "now"
b11 Time x18 x19
b11 know "v.01" x18
b11 time "n.08" x19
b11 Stimulus x18 x20
b14 REF x20
b14 REF x21
b14 PRESUPPOSITION b11
b14 Role x20 x21
b14 person "n.01" x20
b14 resident "n.01" x21
b11 Of x19 x22
b15 REF x22
b15 PRESUPPOSITION b11
b15 organization "n.01" x22
b11 REF x23
b11 TPR x23 "now"
b11 Time x24 x23
b11 time "n.08" x23
b11 REF x24

b1 REF x1
b1 PRESUPPOSITION b2
b1 entity "n.01" x1
b2 REF x2
b2 REF x3
b2 Agent x2 x1
b2 EQU x3 "now"
b2 Theme x2 x4
b2 Time x2 x3
b2 show "v.01" x2
b2 time "n.08" x3
b2 REF x4
b2 REF x5
b2 Attribute x4 x5
b2 REF x6
b2 MadeOf x4 x6
b2 look "n.01" x6
b2 roar "n.01" x4
b2 REF x7
b2 Theme x7 x4
b2 sit "v.01" x7
b2 Location x7 x8
b2 REF x8
b2 top "n.01" x8
b2 PartOf x8 x9
b2 REF x9
b2 well "n.01" x9
b2 REF x10
b2 REF x11
b2 EQU x11 "now"
b2 Experiencer x10 x9
b2 Stimulus x10 x12
b2 Time x10 x11
b2 seem "v.01" x10
b2 time "n.08" x11
b2 REF x12
b2 Attribute x9 x12
b2 CONTRAST b3
b1 REF x13
b1 PRESUPPOSITION b3
b1 reason "n.01" x13
b1 Goal x13 x14
b4 REF x14
b4 PRESUPPOSITION b1
b4 symbol "n.01" x14
b1 REF x15
b1 EQU x15 "now"
b1 time "n.08" x15
b3 REF x16
b3 Co-Theme x16 x17
b3 Theme x16 x13
b3 Time x16 x15
b3 be "v.01" x16
b3 REF x17
b3 matter "n.01" x17
b3 Content x17 x18
b3 REF x18
b3 legend "n.01" x18

b1 REF x1
b1 TPR x2 "now"
b1 Theme x1 x3
b1 Time x1 x2
b1 be "v.01" x1
b1 REF x2
b1 time "n.08" x2
b1 Frequency x1 x2
b1 Quantity x2 "1"
b1 REF x3
b1 legend "n.01" x3
b1 REF x4
b1 Pivot x4 x3
b1 Theme x4 x5
b1 Time x4 x2
b1 have "v.01" x4
b2 REF x5
b2 PRESUPPOSITION b1
b2 entity "n.01" x5
b1 REF x6
b1 REF x7
b1 Attribute x6 x7
b1 REF x8
b1 Role x6 x8
b1 hog "n.01" x8
b1 person "n.01" x6
b1 REF x9
b1 Theme x9 x6
b1 Time x9 x10
b1 live "v.01" x9
b1 REF x10
b1 TPR x10 "now"
b1 time "n.08" x10
b1 Location x9 x11
b1 REF x11
b1 wood "n.01" x11
b1 REF x12
b1 Theme x12 x11
b1 Time x12 x10
b1 located "v.01" x12
b1 REF x13
b1 Manner x12 x13
b1 just "r.01" x13
b1 REF x14
b1 Location x12 x14
b1 STO x14 x15
b1 location "n.01" x14
b3 REF x15
b3 PRESUPPOSITION b1

b1 REF x1
b1 source "n.01" x1
b1 Part x1 x3
b1 REF x2
b1 REF x3
b1 Attribute x3 x2
b1 great "a.01" x2
b1 trouble "n.01" x3
b1 Destination x3 x4
b2 REF x4
b2 REF x5
b2 Attribute x4 x5
b2 PRESUPPOSITION b1
b2 local "a.01" x5
b2 folk "n.01" x4
b3 REF x6
b3 PRESUPPOSITION b1
b3 sausage "n.01" x6
b1 REF x7
b1 REF x8
b1 Co-Theme x7 x3
b1 TPR x8 "now"
b1 Theme x7 x6
b1 Time x7 x8
b1 be "v.01" x7
b1 time "n.08" x8
b1 REF x9
b1 Agent x9 x1
b1 Theme x9 x10
b1 bring "v.01" x9
b1 REF x10
b1 terror "n.01" x10
b1 Destination x9 x11
b4 REF x11
b4 REF x12
b4 Attribute x11 x12
b4 PRESUPPOSITION b1
b4 peaceful "a.01" x12
b4 flock "n.01" x11
b1 REF x13
b1 Agent x13 x6
b1 Patient x13 x14
b5 REF x14
b5 PRESUPPOSITION b1
b5 countryside "n.01" x14

b1 REF x1
b1 REF x2
b1 PRESUPPOSITION b2
b1 Role x1 x2
b1 hog "n.01" x2
b1 person "n.01" x1
b2 REF x3
b2 REF x4
b2 REF x5
b2 ATTRIBUTION b3
b2 Experiencer x3 x1
b2 Stimulus x3 x4
b2 TPR x5 "now"
b2 Time x3 x5
b2 like "v.01" x3
b2 proposition "n.01" x4
b2 time "n.08" x5
b3 REF x6
b3 Theme x6 x1
b3 go "v.01" x6
b3 Destination x6 x7
b4 REF x7
b4 PRESUPPOSITION b3
b4 well "n.01" x7
b3 REF x8
b3 Theme x8 x7
b3 Time x8 x9
b3 be "v.03" x8
b3 REF x9
b3 TPR x9 "now"
b3 time "n.08" x9
b3 Location x8 x10
b5 REF x10
b5 PRESUPPOSITION b3
b5 wood "n.01" x10
b3 CONTINUATION b6
b6 REF x11
b6 Agent x11 x7
b6 Patient x11 x13
b6 drink "v.01" x11
b7 REF x12
b7 PRESUPPOSITION b8
b7 entity "n.01" x12
b8 REF x13
b8 PartOf x13 x12
b8 REF x14
b8 Attribute x13 x14
b8 PRESUPPOSITION b6
b8 fresh "a.01" x14
b8 water "n.01" x13
b6 REF x15
b6 person "n.01" x15
b6 REF x16
b6 Agent x16 x15
b6 Theme x16 x17
b6 visit "v.01" x16
b9 REF x17
b9 PRESUPPOSITION b6
b9 well "n.01" x17

b1 REF x1
b1 person "n.01" x1
b1 PartOf x1 x2
b2 REF x2
b2 PRESUPPOSITION b1
b2 person "n.01" x2
b1 REF x3
b1 REF x4
b1 Agent x3 x1
b1 TPR x4 "now"
b1 Theme x3 x5
b1 Time x3 x4
b1 bear "v.01" x3
b1 time "n.08" x4
b1 REF x5
b1 PartOf x5 x6
b3 REF x6
b3 PRESUPPOSITION b1
b3 REF x7
b3 Role x6 x7
b3 brute "n.01" x7
b3 person "n.01" x6
b1 REF x8
b1 REF x9
b1 TPR x9 "now"
b1 Time x10 x9
b1 time "n.08" x9
b1 REF x10
b1 Theme x10 x8
b1 unfair "v.01" x10
b1 Location x10 x11
b1 REF x11
b1 eye "n.01" x11
b1 PartOf x11 x12
b1 REF x12
b1 person "n.01" x12
b1 PartOf x12 x13
b4 REF x13
b4 PRESUPPOSITION b1
b4 region "n.03" x13

b1 REF x1
b1 PRESUPPOSITION b2
b1 issue "n.01" x1
b2 REF x2
b2 Goal x2 x4
b2 TPR x3 "now"
b2 Theme x2 x1
b2 reach "v.01" x2
b2 REF x3
b2 Time x2 x3
b2 time "n.08" x3
b2 REF x4
b2 ear "n.01" x4
b2 PartOf x4 x5
b2 REF x5
b2 REF x6
b2 Attribute x5 x6
b2 REF x7
b2 Role x5 x7
b2 person "n.01" x5
b2 PartOf x5 x8
b3 REF x8
b3 PRESUPPOSITION b2
b3 artifact "n.01" x8
b4 REF x9
b4 PRESUPPOSITION b2
b4 person "n.01" x9
b2 REF x10
b2 Quantity x10 "+"
b2 Time x11 x10
b2 time "n.08" x10
b2 REF x11
b2 Agent x11 x9
b2 TPR x12 "now"
b2 Time x11 x12
b2 ask "v.01" x11
b2 REF x12
b2 time "n.08" x12
b2 Result x11 x13
b2 REF x13
b2 help "n.01" x13

b1 REF x1
b1 PRESUPPOSITION b2
b1 person "n.01" x1
b2 REF x2
b2 Experiencer x2 x1
b2 Stimulus x2 x4
b2 Time x2 x3
b2 see "v.01" x2
b2 REF x3
b2 TPR x3 "now"
b2 time "n.08" x3
b2 REF x4
b2 PartOf x4 x5
b3 REF x5
b3 PRESUPPOSITION b2
b3 problem "n.01" x5
b4 REF x6
b4 PRESUPPOSITION b2
b4 person "n.01" x6
b2 REF x7
b2 Agent x7 x6
b2 Theme x7 x5
b2 Time x7 x3
b2 face "v.01" x7
b2 CONTINUATION b5
b5 REF x8
b5 Agent x8 x1
b5 Theme x8 x9
b5 Time x8 x3
b5 REF x9
b5 competition "n.01" x9
b6 POSSIBILITY b1
b3 REF x10
b3 Agent x10 x3
b3 Theme x10 x11
b3 solve "v.01" x10
b7 REF x11
b7 PRESUPPOSITION b3
b7 problem "n.02" x11

b1 REF x1
b1 PRESUPPOSITION b2
b1 male "n.02" x1
b2 REF x2
b2 REF x3
b2 REF x4
b2 ATTRIBUTION b3
b2 Agent x2 x1
b2 TPR x4 "now"
b2 Time x2 x4
b2 Topic x2 x3
b2 proposition "n.01" x3
b2 say "v.01" x2
b2 time "n.08" x4
b4 REF x5
b4 REF x6
b4 CONSEQUENCE b5
b4 person "n.01" x6
b2 POSSIBILITY b4
b5 REF x7
b5 Agent x7 x6
b5 Patient x7 x8
b5 kill "v.01" x7
b6 REF x8
b6 PRESUPPOSITION b5
b6 sausage "n.01" x8
b5 REF x9
b5 Sub x9 x8
b5 Sub x9 x10
b5 entity "n.01" x9
b5 REF x10
b5 bring "v.01" x10
b5 Attribute x10 x12
b5 REF x11
b5 REF x12
b5 Attribute x12 x11
b5 proof "a.01" x11
b5 entity "n.01" x12
b5 Destination x10 x13
b7 REF x13
b7 PRESUPPOSITION b5
b5 REF x14
b5 TPR "now" x14
b5 Time x15 x14
b5 time "n.08" x14
b5 REF x15
b5 Theme x15 x8
b5 reward "v.01" x15
b5 Co-Theme x15 x17
b5 REF x16
b5 land "n.01" x16
b5 REF x17
b5 Sub x17 x16
b5 Sub x17 x18
b5 entity "n.01" x17
b5 REF x18
b5 fame "n.01" x18

b1 REF x1
b1 PRESUPPOSITION b2
b1 entity "n.01" x1
b2 REF x2
b2 REF x3
b2 Co-Theme x2 x4
b2 TPR x3 "now"
b2 Theme x2 x1
b2 Time x2 x3
b2 be "v.01" x2
b2 time "n.08" x3
b2 REF x4
b2 person "n.01" x4
b2 PartOf x4 x6
b3 REF x5
b3 PRESUPPOSITION b2
b3 location "n.01" x5
b2 REF x6
b2 Sub x6 x5
b2 Sub x6 x7
b2 entity "n.01" x6
b2 REF x7
b2 person "n.01" x7
b2 REF x8
b2 Theme x8 x7
b2 Time x8 x9
b2 rejoice "v.01" x8
b2 REF x9
b2 TPR x9 "now"
b2 time "n.08" x9
b2 Location x8 x10
b4 REF x10
b4 PRESUPPOSITION b2
b4 proclamation "n.01" x10
b2 CONTRAST b5
b5 REF x11
b5 Quantity x11 "1"
b5 question "n.01" x11
b5 REF x12
b5 Agent x12 x11
b5 Time x12 x9
b5 remain "v.01" x12
b5 Time x13 x9
b5 REF x13
b5 Agent x13 x11
b5 Patient x13 x14
b5 kill "v.01" x13
b6 REF x14
b6 PRESUPPOSITION b5
b6 pig "n.01" x14

b1 Theme x4 x1
b2 REF x1
b2 REF x2
b2 Attribute x1 x2
b2 PRESUPPOSITION b1
b2 handsome "a.01" x2
b2 reward "n.01" x1
b1 REF x3
b1 Quantity x3 "+"
b1 Time x4 x3
b1 time "n.08" x3
b1 REF x4
b1 Patient x4 x1
b1 CONTRAST b3
b1 REF x5
b1 PRESUPPOSITION b3
b1 thought "n.01" x5
b1 PartOf x5 x6
b4 REF x6
b4 PRESUPPOSITION b1
b4 REF x7
b4 Attribute x6 x7
b4 deadly "a.01" x7
b4 tusk "n.01" x6
b3 REF x8
b3 Sub x8 x5
b3 Sub x8 x9
b3 entity "n.01" x8
b3 REF x9
b3 face "n.01" x9
b3 Attribute x9 x10
b3 REF x10
b3 thunder "n.01" x10
b3 REF x11
b3 Manner x12 x11
b3 soon "a.01" x11
b3 REF x12
b3 Agent x12 x9
b3 Theme x12 x14
b3 Time x12 x13
b3 put "v.01" x12
b3 REF x13
b3 TPR x13 "now"
b3 time "n.08" x13
b3 REF x14
b3 end "n.01" x14
b3 Destination x12 x16
b5 REF x15
b5 PRESUPPOSITION b6
b5 person "n.01" x15
b6 REF x16
b6 Owner x16 x15
b6 PRESUPPOSITION b3
b6 ambition "n.01" x16

b1 REF x1
b1 TPR x1 "now"
b1 Quantity x1 "1"
b1 REF x2
b1 Role x1 x2
b1 person "n.01" x1
b1 Time x4 x3
b1 REF x3
b1 TPR x3 "now"
b1 time "n.08" x3
b1 REF x4
b1 Attribute x1 x4
b1 wet "a.01" x4
b1 REF x5
b1 Location x4 x5
b1 SXP x5 x6
b1 location "n.01" x5
b2 REF x6
b2 PRESUPPOSITION b1
b2 ear "n.01" x6
b1 REF x7
b1 REF x8
b1 ATTRIBUTION b3
b1 Agent x7 x5
b1 Time x7 x3
b1 Topic x7 x8
b1 decide "v.01" x7
b1 proposition "n.01" x8
b4 REF x9
b4 PRESUPPOSITION b3
b4 prize "n.01" x9
b3 Time x10 x4
b3 REF x10
b3 Theme x10 x9
b3 Value x10 x11
b3 worth "a.01" x10
b3 REF x11
b3 shot "n.01" x11
b3 Context x10 x12
b3 REF x12
b3 spite "n.01" x12
b3 PartOf x12 x14
b5 REF x13
b5 PRESUPPOSITION b6
b5 REF x14
b5 PRESUPPOSITION b3
b5 Role x13 x14
b5 hog "n.01" x14
b5 person "n.01" x13
b6 REF x15
b6 PRESUPPOSITION b3
b6 PartOf x15 x13
b6 reputation "n.01" x15

b1 REF x1
b1 REF x2
b1 PRESUPPOSITION b2
b1 Role x1 x2
b1 person "n.01" x1
b2 REF x3
b2 REF x4
b2 Agent x3 x1
b2 TPR x4 "now"
b2 Theme x3 x5
b2 Time x3 x4
b2 discover "v.01" x3
b2 time "n.08" x4
b3 REF x5
b3 PRESUPPOSITION b2
b3 deer "n.01" x5
b2 REF x6
b2 REF x7
b2 REF x8
b2 ATTRIBUTION b4
b2 Experiencer x6 x5
b2 Stimulus x6 x7
b2 TPR x8 "now"
b2 Time x6 x8
b2 prefer "v.01" x6
b2 proposition "n.01" x7
b2 time "n.08" x8
b4 REF x9
b4 Theme x9 x5
b4 come "v.01" x9
b2 Location x6 x10
b2 REF x10
b2 PRESUPPOSITION b4
b2 middle "n.01" x10
b2 PartOf x10 x11
b5 REF x11
b5 PRESUPPOSITION b2
b5 day "n.01" x11

b1 PRESUPPOSITION b2
b1 REF x1
b1 male "n.02" x1
b3 REF x2
b3 TPR x3 "now"
b3 Theme x2 x1
b3 go "v.01" x2
b3 REF x3
b3 Time x2 x3
b3 time "n.08" x3
b3 Destination x2 x4
b4 REF x4
b4 PRESUPPOSITION b3
b4 wood "n.02" x4
b3 Instrument x2 x5
b5 REF x5
b5 PRESUPPOSITION b3
b5 well "n.01" x5
b3 Instrument x3 x6
b2 REF x6
b2 PartOf x6 x1
b2 REF x7
b2 Attribute x6 x7
b2 PRESUPPOSITION b3
b2 good "a.01" x7
b2 bow "n.01" x6
b2 REF x8
b5 REF x9
b5 Agent x9 x2
b5 Patient x9 x10
b5 bid "v.02" x9
b2 PRESUPPOSITION b6
b6 REF x10
b6 Owner x10 x4
b6 PRESUPPOSITION b5
b6 time "n.01" x10

b1 Time x2 x1
b1 REF x1
b1 ClockTime x1 "12:00"
b1 time "n.08" x1
b2 REF x2
b2 PRESUPPOSITION b1
b2 sausage "n.01" x2
b1 REF x3
b1 Experiencer x3 x2
b1 fear "v.01" x3
b1 Stimulus x3 x4
b3 REF x4
b3 REF x5
b3 PRESUPPOSITION b1
b3 Role x4 x5
b3 local "n.01" x5
b3 person "n.01" x4
b1 REF x6
b1 TPR x7 "now"
b1 Theme x6 x1
b1 Time x6 x7
b1 REF x7
b1 time "n.08" x7
b1 REF x8
b1 Manner x6 x8
b1 slow "a.01" x8
b1 Attribute x6 x9
b1 REF x9
b1 snail "n.01" x9
b1 REF x10
b1 Manner x7 x10
b1 just "r.01" x10
b4 REF x11
b4 REF x12
b4 PRESUPPOSITION b1
b4 Role x11 x12
b4 person "n.01" x11
b1 REF x13
b1 Patient x13 x11
b1 Time x13 x7
b1 predict "v.01" x13

b1 REF x1
b1 REF x2
b1 PRESUPPOSITION b2
b1 Role x1 x2
b1 person "n.01" x1
b2 REF x3
b2 REF x4
b2 TPR x4 "now"
b2 Theme x3 x1
b2 Time x3 x4
b2 leap "v.01" x3
b2 time "n.08" x4
b2 Source x3 x5
b3 REF x5
b3 PRESUPPOSITION b4
b3 male "n.02" x5
b4 REF x6
b4 User x6 x5
b4 REF x7
b4 Attribute x6 x7
b4 PRESUPPOSITION b2
b4 hide "a.01" x7
b4 place "n.01" x6
b2 Location x4 x8
b5 REF x8
b5 PRESUPPOSITION b2
b5 heart "n.01" x8
b2 Instrument x3 x10
b6 REF x9
b6 PRESUPPOSITION b7
b6 male "n.02" x9
b7 REF x10
b7 Creator x10 x9
b7 REF x11
b7 Attribute x10 x11
b7 PRESUPPOSITION b3
b7 fine "a.01" x11
b7 arrow "n.01" x10
b3 REF x12
b3 REF x13
b3 Agent x12 x6
b3 Patient x12 x14
b3 TPR x13 "now"
b3 Time x12 x13
b3 shoot "v.01" x12
b3 time "n.08" x13
b8 REF x14
b8 PRESUPPOSITION b3
b8 river "n.01" x14

b1 REF x1
b1 EQU x1 "now"
b1 time "n.08" x1
b2 Time x3 x1
b3 REF x2
b3 PRESUPPOSITION b2
b3 problem "n.01" x2
b2 REF x3
b2 TPR x3 "now"
b2 time "n.08" x3
b4 Time x4 x3
b2 NEGATION b4
b4 REF x4
b4 Agent x4 x2
b4 Patient x4 x5
b4 kill "v.01" x4
b5 REF x5
b5 PRESUPPOSITION b4
b5 river "n.01" x5

b1 REF x1
b1 PRESUPPOSITION b2
b1 entity "n.01" x1
b2 REF x2
b2 TPR x2 "now"
b2 Time x3 x2
b2 time "n.08" x2
b2 REF x3
b2 Agent x3 x1
b2 Theme x3 x4
b2 find "v.01" x3
b2 REF x4
b2 way "n.01" x4
b2 REF x5
b2 Agent x5 x4
b2 Theme x5 x6
b2 carry "v.01" x5
b3 REF x6
b3 PRESUPPOSITION b2
b3 river "n.01" x6
b2 REF x7
b2 Manner x5 x7
b2 back "a.01" x7

b1 REF x1
b1 PRESUPPOSITION b2
b1 head "n.01" x1
b2 REF x2
b2 TPR x2 "now"
b2 Time x4 x2
b2 time "n.08" x2
b2 REF x3
b2 Degree x4 x3
b2 too "r.01" x3
b2 REF x4
b2 Attribute x1 x4
b2 heavy "a.01" x4
b2 Participant x4 x5
b2 REF x5
b2 REF x6
b2 Attribute x5 x6
b2 little "a.01" x6
b2 REF x7
b2 Role x5 x7
b2 person "n.01" x5
b2 REF x8
b2 Agent x8 x5
b2 Theme x8 x9
b2 carry "v.01" x8
b2 REF x9
b2 Theme x9 x5
b2 back "v.01" x9
b2 Destination x9 x10
b3 REF x10
b3 PRESUPPOSITION b2
b3 house "n.01" x10
b2 CONTRAST b4
b5 REF x11
b5 REF x12
b5 PRESUPPOSITION b4
b5 Role x11 x12
b5 person "n.01" x11
b4 REF x13
b4 REF x14
b4 TPR x13 x11
b4 TPR x14 "now"
b4 Time x13 x14
b4 Topic x13 x15
b4 be "v.01" x13
b4 time "n.08" x14
b4 REF x15
b4 Attribute x11 x15
b4 REF x16
b4 Sub x16 x11
b4 Sub x16 x17
b4 entity "n.01" x16
b4 REF x17
b4 REF x18
b4 Location x19 x18
b4 time "n.01" x18
b4 REF x19
b4 Agent x19 "speaker"
b4 Theme x19 x16
b4 Time x19 x20
b4 ask "v.01" x19
b4 REF x20
b4 TPR x20 "now"
b4 time "n.08" x20
b4 REF x21
b4 REF x22
b4 ATTRIBUTION b6
b4 Agent x21 "speaker"
b4 Topic x21 x22
b4 proposition "n.01" x22
b4 prove "v.01" x21
b6 REF x23
b6 Agent x23 "speaker"
b6 Theme x23 x23
b6 Time x23 x20

b1 REF x1
b1 PRESUPPOSITION b2
b1 PartOf x1 x2
b3 REF x2
b3 PRESUPPOSITION b1
b1 entity "n.01" x1
b1 instance "n.01" x2
b4 REF x3
b4 PRESUPPOSITION b1
b4 male "n.02" x3
b1 REF x4
b1 REF x5
b1 Agent x4 x3
b1 Patient x4 x7
b1 TPR x5 "now"
b1 Time x4 x5
b1 open "v.01" x4
b1 time "n.08" x5
b5 REF x6
b5 PRESUPPOSITION b6
b5 REF x7
b5 PRESUPPOSITION b2
b5 Role x6 x7
b5 hog "n.01" x7
b5 person "n.01" x6
b6 REF x8
b6 PRESUPPOSITION b2
b6 PartOf x8 x6
b6 mouth "n.01" x8
b2 CONTINUATION b7
b7 REF x9
b7 REF x10
b7 Agent x9 x3
b7 Patient x9 x12
b7 TPR x10 "now"
b7 Time x9 x10
b7 cut "v.01" x9
b7 time "n.08" x10
b8 REF x11
b8 PRESUPPOSITION b9
b8 entity "n.01" x11
b9 REF x12
b9 PRESUPPOSITION b7
b9 PartOf x12 x11
b9 tongue "n.01" x12
b7 CONTINUATION b10
b10 REF x13
b10 Agent x13 x6
b10 Theme x13 x14
b10 take "v.01" x13
b11 REF x14
b11 PRESUPPOSITION b10
b11 entity "n.01" x14
b10 Attribute x13 x15
b10 REF x15
b10 office "n.01" x15
b10 Goal x15 x16
b12 REF x16
b12 PRESUPPOSITION b10
b12 organization "n.01" x16

b1 PRESUPPOSITION b2
b1 REF x1
b1 male "n.02" x1
b2 REF x2
b2 REF x3
b2 TPR x3 "now"
b2 Theme x2 x1
b2 Time x2 x3
b2 set "v.01" x2
b2 time "n.08" x3
b2 Destination x2 x4
b3 REF x4
b3 PRESUPPOSITION b2
b2 REF x5
b2 Manner x2 x5
b2 quickly "a.01" x5
b2 Participant x2 x6
b2 REF x6
b2 Theme x6 x1
b2 could "a.01" x6
b2 CONTINUATION b4
b1 PRESUPPOSITION b4
b4 REF x7
b4 Manner x8 x7
b4 only "a.01" x7
b4 REF x8
b4 Quantity x8 "-"
b4 Unit x8 "minute"
b4 measure "n.02" x8
b5 REF x9
b5 Order x9 "2"
b5 REF x10
b5 Role x9 x10
b5 person "n.01" x9
b4 NEGATION b6
b6 REF x11
b6 Degree x12 x11
b6 so "r.01" x11
b6 RESULT b7
b7 REF x12
b7 Degree x13 x12
b7 so "r.01" x12
b7 REF x13
b7 Attribute x9 x13
b7 bold "a.01" x13
b7 Instrument x13 x14
b8 REF x14
b8 PRESUPPOSITION b7
b8 Order x14 "1"
b8 CONTRAST b9
b9 REF x15
b9 little "n.01" x15
b9 REF x16
b9 Attribute x15 x16
b9 dark "a.01" x16
b9 REF x17
b9 Theme x17 x15
b9 Time x17 x18
b9 come "v.01" x17
b9 REF x18
b9 TPR x18 "now"
b9 time "n.08" x18
b9 Location x17 x19
b10 REF x19
b10 PRESUPPOSITION b9
b10 scene "n.01" x19

b1 REF x1
b1 REF x2
b1 Agent x2 x1
b1 Patient x2 x3
b1 see "v.01" x2
b1 REF x3
b1 REF x4
b1 Attribute x3 x4
b1 PartOf x3 x5
b2 REF x5
b2 PRESUPPOSITION b1
b2 pig "n.01" x5
b3 REF x6
b3 PRESUPPOSITION b1
b1 REF x7
b1 Theme x7 x6
b1 rejoice "v.01" x7
b1 Location x7 x9
b4 REF x8
b4 PRESUPPOSITION b5
b4 male "n.02" x8
b5 REF x9
b5 PRESUPPOSITION b1
b5 PartOf x9 x8
b5 REF x10
b5 Attribute x9 x10
b5 good "a.01" x10
b5 fortune "n.02" x9

b1 REF x1
b1 Source x1 x2
b2 REF x2
b2 Name x2 "2"
b2 PRESUPPOSITION b1
b1 REF x3
b1 PRESUPPOSITION b3
b1 Role x1 x3
b1 person "n.01" x1
b3 REF x4
b3 REF x5
b3 Experiencer x4 x1
b3 Stimulus x4 x6
b3 TPR x5 "now"
b3 Time x4 x5
b3 know "v.01" x4
b3 time "n.08" x5
b3 REF x6
b3 shortcut "n.01" x6
b3 Destination x6 x7
b4 REF x7
b4 PRESUPPOSITION b3
b4 house "n.01" x7
b3 REF x8
b3 Co-Theme x8 x10
b3 Theme x8 x6
b3 Time x8 x9
b3 be "v.01" x8
b3 REF x9
b3 TPR x9 "now"
b3 time "n.08" x9
b3 REF x10
b3 Manner x8 x10
b3 just "a.01" x10
b5 REF x11
b5 REF x12
b5 Attribute x11 x12
b5 PRESUPPOSITION b3
b5 nearby "a.01" x12
b5 pond "n.01" x11
b3 CONTINUATION b6
b6 REF x13
b6 Co-Theme x13 x14
b6 Theme x13 x6
b6 be "v.01" x13
b6 REF x14
b6 REF x15
b6 Attribute x15 x14
b6 big "a.01" x15
b6 REF x16
b6 Attribute x14 x16
b6 big "a.01" x16
b6 man "n.01" x14
b6 PartOf x14 x17
b7 REF x17
b7 PRESUPPOSITION b6
b7 Order x17 "1"
b8 REF x18
b8 TPR x18 "now"
b8 Time x20 x18
b8 time "n.08" x18
b8 REF x19
b8 REF x20
b8 ATTRIBUTION b9
b8 Agent x20 x15
b8 Topic x20 x19
b8 able "a.01" x20
b8 proposition "n.01" x19
b9 REF x21
b9 Agent x21 x14
b9 Theme x21 x22
b9 pick_up "v.04" x21
b10 REF x22
b10 PRESUPPOSITION b11
b10 entity "n.01" x22

b1 REF x1
b1 REF x2
b1 Role x1 x2
b1 person "n.01" x1
b1 PartOf x1 x3
b2 REF x3
b2 PRESUPPOSITION b1
b2 organization "n.01" x3
b1 Time x5 x4
b1 REF x4
b1 TPR x4 "now"
b1 time "n.08" x4
b1 REF x5
b1 Theme x5 x1
b1 seat "v.01" x5
b1 Location x5 x7
b3 REF x6
b3 PRESUPPOSITION b4
b3 male "n.02" x6
b4 REF x7
b4 PRESUPPOSITION b1
b4 User x7 x6
b4 hall "n.01" x7
b5 REF x8
b5 PRESUPPOSITION b1
b5 Order x8 "2"
b1 REF x9
b1 Theme x9 x8
b1 Time x9 x4
b1 burst "v.01" x9
b1 Path x9 x10
b6 REF x10
b6 PRESUPPOSITION b1
b6 door "n.01" x10
b1 CONTINUATION b7
b7 REF x11
b7 PartOf x11 x12
b7 Time x11 x5
b7 begin "v.01" x11
b7 REF x12
b7 Agent x12 x5
b7 Product x12 x13
b7 spin "v.05" x12
b7 REF x13
b7 line "n.01" x13

b1 REF x1
b1 PartOf x1 x2
b2 REF x2
b2 Name x2 "birmingham"
b2 PRESUPPOSITION b1
b2 person "n.01" x2
b1 REF x3
b1 EQU x3 "now"
b1 Time x4 x3
b1 time "n.08" x3
b1 REF x4
b1 Theme x4 x1
b1 Time x4 x5
b1 end "v.01" x4
b1 REF x5
b1 TPR x5 "now"
b1 time "n.08" x5

b1 Theme x3 x1
b2 REF x1
b2 PRESUPPOSITION b1
b2 PartOf x1 "speaker"
b2 hand "n.01" x1
b1 REF x2
b1 Agent x2 "speaker"
b1 Patient x2 x3
b1 kill "v.01" x2
b3 REF x3
b3 PRESUPPOSITION b1
b3 river "n.01" x3

b1 Co-Theme x4 x1
b2 REF x1
b2 PRESUPPOSITION b1
b2 entity "n.01" x1
b3 Location x5 x2
b1 REF x2
b1 foot "n.01" x2
b1 PartOf x2 x3
b4 PRESUPPOSITION b5
b5 REF x3
b5 Of x4 "hearer"
b5 REF x4
b5 PRESUPPOSITION b2
b5 male "n.02" x4
b2 REF x5
b2 PRESUPPOSITION b2
b2 Role x3 x5
b2 person "n.01" x3
b2 senate "n.01" x5
b6 REF x6
b6 PRESUPPOSITION b3
b6 male "n.02" x6
b3 REF x7
b3 REF x8
b3 Agent x7 x6
b3 TPR x8 "now"
b3 Theme x7 x10
b3 Time x7 x8
b3 drop "v.01" x7
b3 time "n.08" x8
b7 REF x9
b7 PRESUPPOSITION b8
b7 cow "n.01" x9
b8 REF x10
b8 PartOf x10 x9
b8 REF x11
b8 Attribute x10 x11
b8 PRESUPPOSITION b4
b8 enormous "a.01" x11
b8 head "n.01" x10

b1 REF x1
b1 TPR "now" x1
b1 Time x2 x1
b1 time "n.08" x1
b1 REF x2
b1 Theme x2 "hearer"
b1 renew "v.01" x2
b1 REF x3
b1 REF x4
b1 Agent x3 "speaker"
b1 TPR x4 "now"
b1 Time x3 x4
b1 promise "v.01" x3
b1 time "n.08" x4

b1 Instrument x1 "speaker"
b1 REF x1
b1 Agent x1 "speaker"
b1 Theme x1 x2
b1 examine "v.01" x1
b1 REF x2
b1 head "n.01" x2
b1 PartOf x2 x3
b2 REF x3
b2 PRESUPPOSITION b1
b2 monster "n.01" x3
b1 REF x4
b1 REF x5
b1 REF x6
b1 ATTRIBUTION b3
b1 Agent x4 x2
b1 TPR x6 "now"
b1 Time x4 x6
b1 Topic x4 x5
b1 proposition "n.01" x5
b1 say "v.01" x4
b1 time "n.08" x6
b3 REF x7
b3 REF x8
b3 PRESUPPOSITION b2
b3 Role x7 x8
b3 person "n.01" x7

b1 REF x1
b1 REF x2
b1 Agent x2 x1
b1 Theme x2 x3
b1 examine "v.01" x2
b2 REF x3
b2 PRESUPPOSITION b1
b2 head "n.01" x3
b1 Context x2 x4
b1 REF x4
b1 advance "n.01" x4
b1 NEGATION b3
b1 REF x5
b1 TPR x5 "now"
b1 time "n.08" x5
b3 Time x7 x5
b3 REF x6
b3 Degree x7 x6
b3 very "r.01" x6
b3 REF x7
b3 Experiencer x7 x1
b3 clever "a.02" x7
b3 Stimulus x7 x8
b3 REF x8
b3 part "n.01" x8
b3 PartOf x8 x9
b4 REF x9
b4 REF x10
b4 PRESUPPOSITION b3
b4 Role x9 x10
b4 person "n.01" x9

b1 REF x1
b1 Manner x5 x1
b1 away "r.01" x1
b2 REF x2
b2 PRESUPPOSITION b1
b2 geological_formation "n.01" x2
b1 REF x3
b1 REF x4
b1 Experiencer x3 x2
b1 Stimulus x3 x5
b1 TPR x4 "now"
b1 Time x3 x4
b1 notice "v.01" x3
b1 time "n.08" x4
b1 REF x5
b1 tongue "n.01" x5
b1 PartOf x5 x6
b3 REF x6
b3 PRESUPPOSITION b1
b3 sausage "n.01" x6
b1 Time x8 x7
b1 REF x7
b1 TPR x7 "now"
b1 time "n.08" x7
b1 REF x8
b1 Patient x8 x5
b1 miss "v.01" x8
b1 CONTINUATION b4
b4 REF x9
b4 entity "n.01" x9
b4 REF x10
b4 Co-Theme x10 x11
b4 Theme x10 x9
b4 Time x10 x7
b4 be "v.02" x10
b5 REF x11
b5 PRESUPPOSITION b4
b5 entity "n.01" x11

b1 REF x1
b1 Participant x1 x2
b1 event "v.01" x1
b1 REF x2
b1 deer "n.01" x2
b2 Part x2 x3
b1 NEGATION b2
b2 REF x3
b2 tongue "n.01" x3

b1 REF x1
b1 PRESUPPOSITION b2
b1 male "n.02" x1
b2 REF x2
b2 REF x3
b2 Agent x2 x1
b2 TPR x3 "now"
b2 Time x2 x3
b2 look "v.01" x2
b2 time "n.08" x3
b2 Theme x2 x4
b3 REF x4
b3 REF x5
b3 PRESUPPOSITION b2
b3 Role x4 x5
b3 person "n.01" x4
b2 REF x6
b2 Manner x1 x6

b1 REF x1
b1 Location x2 x1
b1 Name x1 "?"
b1 how "n.01" x1
b2 REF x2
b2 PRESUPPOSITION b1
b2 creature "n.01" x2
b1 REF x3
b1 EQU x3 "now"
b1 time "n.08" x3
b3 REF x4
b3 Pivot x4 x2
b3 Theme x4 x5
b3 Time x4 x3
b3 have "v.01" x4
b1 NEGATION b3
b3 REF x5
b3 tongue "n.01" x5
b4 REF x6
b4 PRESUPPOSITION b1
b4 male "n.02" x6
b1 REF x7
b1 TPR x7 "now"
b1 time "n.08" x7
b3 REF x8
b3 Agent x8 x6
b3 Time x8 x7
b3 soar "v.01" x8

b1 CONDITION b2
b2 REF x1
b2 CONSEQUENCE b3
b2 eye "n.01" x1
b2 REF x2
b2 TPR x2 "now"
b2 time "n.08" x2
b3 REF x3
b3 Theme x3 x1
b3 Time x3 x2
b3 be "v.03" x3
b3 Location x3 x4
b4 REF x4
b4 REF x5
b4 PRESUPPOSITION b3
b4 Role x4 x5
b4 person "n.01" x4

b1 REF x1
b1 REF x2
b1 REF x3
b1 Agent x2 x1
b1 TPR x3 "now"
b1 Time x2 x3
b1 question "v.02" x2
b1 time "n.08" x3
b1 Agent x2 x4
b2 REF x4
b2 PRESUPPOSITION b1
b2 music "n.01" x4
b1 CONTINUATION b3
b4 POSSIBILITY b5
b3 NEGATION b4
b5 REF x5
b5 Agent x5 "speaker"
b5 Topic x5 x6
b5 say "v.01" x5
b6 REF x6
b6 Of x7 "speaker"
b6 REF x7
b6 PRESUPPOSITION b5
b6 Role x6 x7
b6 mum "n.02" x7
b6 person "n.01" x6

b1 PRESUPPOSITION b2
b1 REF x1
b1 male "n.02" x1
b3 REF x2
b3 TPR x2 "now"
b3 Time x3 x2
b3 time "n.08" x2
b3 REF x3
b3 Experiencer x3 x1
b3 Stimulus x3 x4
b3 realize "v.01" x3
b2 REF x4
b2 Creator x4 x1
b2 REF x5
b2 Attribute x4 x5
b2 PRESUPPOSITION b3
b2 tricky "a.01" x5
b2 situation "n.01" x4
b1 POSSIBILITY b3
b3 REF x6
b3 Theme x6 x1
b3 end "v.01" x6
b3 badly "r.01" x6
b3 Beneficiary x6 x1

b1 Time x3 x1
b2 REF x1
b2 PRESUPPOSITION b1
b2 door "n.01" x1
b3 REF x2
b3 PRESUPPOSITION b1
b3 Order x2 "1"
b1 REF x3
b1 Patient x3 x2
b1 burst "v.01" x3

b1 REF x1
b1 PartOf x1 x2
b2 REF x2
b2 PRESUPPOSITION b1
b2 person "n.01" x2
b1 REF x3
b1 EQU x3 "now"
b1 Time x4 x3
b1 time "n.08" x3
b1 REF x4
b1 Theme x4 x1
b1 Time x4 x5
b1 end "v.01" x4
b1 REF x5
b1 TPR x5 "now"
b1 time "n.08" x5
b3 REF x6
b3 PRESUPPOSITION b1
b3 male "n.02" x6
b1 REF x7
b1 Agent x7 x6
b1 Time x7 x5
b1 cry "v.02" x7

b1 REF x1
b1 Agent x1 "speaker"
b1 Patient x1 x3
b1 TPR x2 "now"
b1 Time x1 x2
b1 kill "v.01" x1
b1 REF x2
b1 time "n.08" x2
b1 REF x3
b1 crocodile "n.01" x3
b1 REF x4
b1 person "n.01" x4
b1 Source x4 x5
b2 REF x5
b2 PRESUPPOSITION b1
b2 female "n.02" x5
b1 REF x6
b1 Experiencer x6 x4
b1 Stimulus x6 x3
b1 Time x6 x2

b1 CONDITION b2
b2 REF x1
b2 CONSEQUENCE b3
b2 PartOf x1 x2
b2 entity "n.01" x1
b4 REF x2
b4 PRESUPPOSITION b2
b4 eye "n.01" x2
b3 REF x3
b3 Theme x3 x1
b3 Time x3 x4
b3 turn "v.01" x3
b2 REF x4
b2 TPR x4 "now"
b2 time "n.08" x4
b2 Destination x3 x5
b2 REF x5
b2 man "n.01" x5
b2 REF x6
b2 Theme x6 x5
b2 Time x6 x4
b2 stand "v.01" x6
b2 Location x6 x7
b5 REF x7
b5 PRESUPPOSITION b2
b5 doorway "n.01" x7

b1 REF x1
b1 PRESUPPOSITION b2
b1 reward "n.01" x1
b2 REF x2
b2 EQU x2 "now"
b2 Time x3 x2
b2 time "n.08" x2
b2 REF x3
b2 Theme x3 x1
b2 give "v.03" x3
b3 REF x4
b3 REF x5
b3 REF x6
b3 ATTRIBUTION b2
b3 Agent x4 x7
b3 TPR x6 "now"
b3 Time x4 x6
b3 Topic x4 x5
b3 proposition "n.01" x5
b3 say "v.01" x4
b3 time "n.08" x6
b2 REF x7
b2 REF x8
b2 Role x7 x8
b2 person "n.01" x7
b2 Of x8 x9
b4 REF x9
b4 PRESUPPOSITION b2
b4 organization "n.01" x9

b1 REF x1
b1 PRESUPPOSITION b2
b1 man "n.01" x1
b2 REF x2
b2 REF x3
b2 Agent x2 x1
b2 TPR x3 "now"
b2 Time x2 x3
b2 Topic x2 x5
b2 bring "v.01" x2
b2 time "n.08" x3
b2 Recipient x2 "speaker"
b3 REF x4
b3 PRESUPPOSITION b4
b3 REF x5
b3 PRESUPPOSITION b2
b3 Role x4 x5
b3 hog "n.01" x5
b3 person "n.01" x4
b4 REF x6
b4 PRESUPPOSITION b2
b4 PartOf x6 x4
b4 head "n.01" x6

b1 REF x1
b1 EQU x1 "?"
b1 location "n.01" x1
b1 REF x2
b1 REF x3
b1 Co-Theme x2 x5
b1 EQU x3 "now"
b1 Theme x2 x1
b1 Time x2 x3
b1 be "v.02" x2
b1 time "n.08" x3
b2 REF x4
b2 PRESUPPOSITION b3
b2 entity "n.01" x4
b3 REF x5
b3 PRESUPPOSITION b1
b3 PartOf x5 x4
b3 tongue "n.01" x5
b1 CONTINUATION b4
b5 REF x6
b5 PRESUPPOSITION b4
b5 Order x6 "1"
b1 REF x7
b1 TPR x7 "now"
b1 time "n.08" x7
b4 REF x8
b4 Agent x8 x6
b4 Time x8 x7
b4 reply "v.01" x8

b1 REF x1
b1 REF x2
b1 Agent x2 x1
b1 Topic x2 x3
b1 say "v.01" x2
b2 PRESUPPOSITION b1
b2 REF x3
b2 male "n.02" x3
b1 REF x4
b1 REF x5
b1 Agent x4 x3
b1 TPR x5 "now"
b1 Theme x4 x7
b1 Time x4 x5
b1 draw "v.01" x4
b1 time "n.08" x5
b3 REF x6
b3 PRESUPPOSITION b4
b3 REF x7
b3 PRESUPPOSITION b1
b3 Role x6 x7
b3 river "n.01" x7
b3 person "n.01" x6
b4 REF x8
b4 Creator x8 x6
b4 PRESUPPOSITION b1
b4 tongue "n.01" x8
b1 REF x9
b1 REF x10
b1 Agent x9 x5
b1 TPR x10 "now"
b1 Theme x9 x8
b1 Time x9 x10
b1 put "v.01" x9
b1 time "n.08" x10
b1 Context x9 x11
b5 REF x11
b5 User x11 x7
b5 REF x12
b5 PRESUPPOSITION b1
b5 Theme x12 x11
b5 hunt "v.01" x12
b1 CONTINUATION b6
b6 REF x13
b6 REF x14
b6 REF x15
b6 ATTRIBUTION b7
b6 Agent x13 x8
b6 TPR x15 "now"
b6 Theme x13 x14
b6 Time x13 x15
b6 look "v.01" x13
b6 question "n.01" x14
b6 time "n.08" x15
b8 REF x16
b8 PRESUPPOSITION b7
b8 creature "n.01" x16
b7 Location x14 x17
b9 REF x17
b9 PRESUPPOSITION b7
b9 wood "n.01" x17
b7 REF x18
b7 Agent x18 x11
b7 Patient x18 x20
b7 Time x18 x19
b7 cut "v.01" x18
b7 REF x19
b7 TPR x19 "now"
b7 time "n.08" x19
b10 REF x20
b10 PRESUPPOSITION b11
b10 entity "n.01" x20
b11 REF x21
b11 PRESUPPOSITION b8
b11 User x21 x20

b1 REF x1
b1 REF x2
b1 Agent x2 x1
b1 listen "v.01" x2
b1 Theme x2 x3
b2 REF x3
b2 PRESUPPOSITION b1
b2 tale "n.01" x3
b3 REF x4
b3 REF x5
b3 PRESUPPOSITION b1
b3 Role x4 x5
b3 person "n.01" x4
b1 REF x6
b1 REF x7
b1 REF x8
b1 ATTRIBUTION b4
b1 Agent x6 x4
b1 TPR x8 "now"
b1 Theme x6 x7
b1 Time x6 x8
b1 proposition "n.01" x7
b1 time "n.08" x8
b1 try "v.01" x6
b4 REF x9
b4 Agent x9 x4
b4 Theme x9 x4
b5 REF x10
b5 REF x11
b5 PRESUPPOSITION b4
b5 Role x10 x11
b5 person "n.01" x10
b4 REF x12
b4 TPR x12 "now"
b4 Time x13 x12
b4 time "n.08" x12
b4 REF x13
b4 Agent x13 x10
b4 Recipient x13 x9
b4 Topic x13 x14
b4 tell "v.01" x13
b6 PRESUPPOSITION b4
b6 REF x14
b6 male "n.02" x14
b7 REF x15
b7 PRESUPPOSITION b5
b7 truth "n.01" x15
b5 REF x16
b5 Sub x16 x15
b5 Sub x16 x17
b5 entity "n.01" x16
b5 REF x17
b5 entity "n.01" x17
b8 REF x18
b8 Quantity x18 "2"
b8 REF x19
b8 PRESUPPOSITION b5
b8 Role x18 x19
b8 person "n.01" x18
b5 Time x21 x20
b5 REF x20
b5 TPR x20 "now"
b5 time "n.08" x20
b5 REF x21
b5 Agent x21 x18
b5 Theme x21 x17
b5 think "v.01" x21
b9 REF x22
b9 PRESUPPOSITION b5
b9 person "n.01" x22
b5 REF x23
b5 REF x24
b5 ATTRIBUTION b10
b5 Agent x23 x22
b5 Time x23 x19

b1 REF x1
b1 Manner x5 x1
b1 instantly "r.01" x1
b2 REF x2
b2 PRESUPPOSITION b1
b2 organization "n.01" x2
b1 REF x3
b1 REF x4
b1 REF x5
b1 ATTRIBUTION b3
b1 Experiencer x3 x2
b1 Stimulus x3 x4
b1 TPR x5 "now"
b1 Time x3 x5
b1 proposition "n.01" x4
b1 see "v.01" x3
b1 time "n.08" x5
b4 REF x6
b4 PRESUPPOSITION b3
b4 Order x6 "2"
b3 REF x7
b3 Agent x7 x6
b3 Recipient x7 x2
b3 Theme x7 x9
b3 Time x7 x8
b3 lend "v.01" x7
b3 REF x8
b3 TPR x8 "now"
b3 time "n.08" x8
b5 REF x9
b5 PRESUPPOSITION b3
b5 Order x9 "1"
b3 REF x10
b3 Co-Theme x10 x11
b3 Theme x10 x9
b3 Time x10 x8
b3 be "v.01" x10
b3 REF x11
b3 REF x12
b3 Attribute x11 x12
b3 true "a.01" x12
b3 REF x13
b3 Role x11 x13
b3 person "n.01" x11
b3 Of x13 x14
b6 REF x14
b6 PRESUPPOSITION b3
b6 person "n.01" x14

b1 REF x1
b1 REF x2
b1 PRESUPPOSITION b2
b1 Role x1 x2
b1 person "n.01" x1
b2 REF x3
b2 REF x4
b2 ATTRIBUTION b3
b2 Experiencer x3 x1
b2 Stimulus x3 x4
b2 Time x3 x5
b2 believe "v.01" x3
b2 proposition "n.01" x4
b2 REF x5
b2 TPR x5 "now"
b2 time "n.08" x5
b4 REF x6
b4 PRESUPPOSITION b3
b4 Order x6 "2"
b3 REF x7
b3 REF x8
b3 REF x9
b3 ATTRIBUTION b5
b3 Agent x7 x6
b3 TPR x9 "now"
b3 Theme x7 x8
b3 Time x7 x9
b3 proposition "n.01" x8
b3 time "n.08" x9
b3 try "v.01" x7
b5 REF x10
b5 Agent x10 x6
b5 Theme x10 x11
b5 steal "v.01" x10
b6 REF x11
b6 PRESUPPOSITION b5
b6 Order x11 "1"
b5 CONTINUATION b7
b7 REF x12
b7 Agent x12 x5
b7 Theme x12 x13
b7 Time x12 x7
b7 declare "v.01" x12
b8 REF x13
b8 Order x13 "1"
b8 REF x14
b8 PRESUPPOSITION b7
b8 Role x13 x14
b8 person "n.01" x13

b1 REF x1
b1 PRESUPPOSITION b2
b1 person "n.01" x1
b2 REF x2
b2 Agent x2 x1
b2 TPR x3 "now"
b2 Time x2 x3
b2 wonder "v.01" x2
b2 REF x3
b2 time "n.08" x3
b2 Duration x2 x4
b2 REF x4
b2 moment "n.01" x4
b3 REF x5
b3 PRESUPPOSITION b4
b3 male "n.02" x5
b2 CONDITION b5
b5 CONSEQUENCE b4
b5 REF x6
b5 time "n.08" x6
b5 REF x7
b5 Agent x7 x5
b5 TPR x4 "now"
b5 Theme x7 x8
b5 Time x7 x5
b5 encounter "v.01" x7
b5 REF x8
b5 Quantity x8 "?"
b5 Location x5 x9
b6 REF x9
b6 PartOf x9 x5
b6 REF x10
b6 Attribute x9 x10
b6 PRESUPPOSITION b5
b6 everyday "a.01" x10

b1 REF x1
b1 REF x2
b1 Role x1 x2
b1 person "n.01" x1
b1 REF x3
b1 REF x4
b1 Agent x3 x1
b1 TPR x4 "now"
b1 Theme x3 x6
b1 Time x3 x4
b1 earn "v.01" x3
b1 time "n.08" x4
b2 REF x5
b2 PRESUPPOSITION b3
b2 male "n.02" x5
b3 REF x6
b3 Owner x6 x5
b3 PRESUPPOSITION b1
b3 prize "n.01" x6
b1 REF x7
b1 Sub x7 x6
b1 Sub x7 x8
b1 entity "n.01" x7
b1 REF x8
b1 square "n.01" x8
b1 REF x9
b1 Theme x9 x2
b1 Time x9 x10
b1 receive "v.01" x9
b1 REF x10
b1 TPR x10 "now"
b1 time "n.08" x10
b1 Attribute x9 x12
b4 REF x11
b4 PRESUPPOSITION b5
b4 male "n.02" x11
b5 REF x12
b5 PRESUPPOSITION b2
b5 User x12 x11
b5 reward "n.01" x12
b2 REF x13
b2 piece "n.01" x13
b2 Content x13 x14
b2 REF x14
b2 land "n.01" x14
b2 just "r.01" x11
b2 REF x15
b2 Location x12 x15
b2 STO x15 x16
b2 location "n.01" x15
b6 REF x16
b6 PRESUPPOSITION b2
b6 town "n.01" x16
b2 REF x17
b2 Experiencer x17 x6
b2 Stimulus x17 x10
b2 know "v.01" x17
b2 Stimulus x17 x18
b7 REF x18
b7 PRESUPPOSITION b2
b7 artifact "n.01" x18

b1 REF x1
b1 PRESUPPOSITION b2
b1 male "n.02" x1
b2 REF x2
b2 Creator x2 x1
b2 PRESUPPOSITION b3
b2 fame "n.01" x2
b3 REF x3
b3 TPR x3 "now"
b3 Time x4 x3
b3 time "n.08" x3
b3 REF x4
b3 Theme x4 x2
b3 reassure "v.01" x4
b3 CONTRAST b4
b5 REF x5
b5 PRESUPPOSITION b4
b5 entity "n.01" x5
b4 REF x6
b4 TPR x6 "now"
b4 time "n.08" x6
b6 Time x7 x6
b4 NEGATION b6
b6 REF x7
b6 Experiencer x7 x5
b6 last "v.01" x7
b7 Stimulus x7 x8
b6 CONDITION b8
b8 REF x8
b8 CONSEQUENCE b7
b8 that "n.01" x8
b8 PartOf x8 x9
b9 REF x9
b9 REF x10
b9 Attribute x9 x10
b9 PRESUPPOSITION b8
b9 organization "n.01" x9

