b1 Time x4 x1
b1 REF x1
b1 time "n.01" x1
b2 REF x2
b2 PRESUPPOSITION b1
b2 bird "n.01" x2
b1 REF x3
b1 REF x4
b1 Agent x3 x2
b1 TPR x4 "now"
b1 Theme x3 x5
b1 Time x3 x4
b1 take "v.01" x3
b1 time "n.08" x4
b3 REF x5
b3 PRESUPPOSITION b1
b3 entity "n.01" x5
b1 Destination x3 x7
b4 REF x6
b4 PRESUPPOSITION b5
b4 person "n.01" x6
b5 REF x7
b5 PRESUPPOSITION b2
b5 PartOf x7 x6
b5 head "n.01" x7
b6 REF x8
b6 PRESUPPOSITION b3
b6 person "n.01" x8
b3 REF x9
b3 TPR "now" x9
b3 Time x10 x9
b3 time "n.08" x9
b3 REF x10
b3 Experiencer x10 x8
b3 Stimulus x10 x11
b3 like "v.01" x10
b3 REF x11
b3 REF x12
b3 Role x11 x12
b3 master "n.01" x12
b3 person "n.01" x11
b7 REF x13
b7 person "n.01" x13
b7 SubOf x13 x15
b8 REF x14
b8 PRESUPPOSITION b9
b8 person "n.01" x14
b9 REF x15
b9 Of x16 x14
b9 PRESUPPOSITION b7
b9 number "n.01" x15
b10 NECESSITY b7
b10 REF x16
b10 Co-Theme x16 x17
b10 Theme x16 x13
b10 choose "v.01" x16
b10 REF x17
b10 REF x18
b10 Role x17 x18
b10 king "n.01" x18
b10 person "n.01" x17

b1 CONDITION b2
b3 REF x1
b3 CONSEQUENCE b4
b3 meeting "n.01" x1
b5 Of x1 x2
b3 CONDITION b6
b6 REF x2
b6 CONSEQUENCE b5
b6 PartOf x2 x3
b6 entity "n.01" x2
b7 REF x3
b7 PRESUPPOSITION b6
b7 bird "n.01" x3
b6 REF x4
b6 TPR x4 "now"
b6 Time x5 x4
b6 time "n.08" x4
b6 REF x5
b6 Theme x5 x1
b6 call "v.01" x5
b4 CONTINUATION b8
b9 REF x6
b9 PRESUPPOSITION b8
b9 person "n.01" x6
b8 REF x7
b8 REF x8
b8 Experiencer x7 x6
b8 Stimulus x7 x9
b8 TPR x8 "now"
b8 Time x7 x8
b8 time "n.08" x8
b8 understand "v.01" x7
b5 REF x9
b5 bird "n.01" x9
b5 REF x10
b5 REF x11
b5 TPR x11 "now"
b5 Theme x10 x9
b5 Time x10 x11
b5 be "v.01" x10
b5 time "n.08" x11
b5 Source x10 x12
b10 REF x12
b10 Quantity x12 "+"
b10 REF x13
b10 Attribute x12 x13
b10 PRESUPPOSITION b5
b10 distant "a.01" x13
b10 land "n.01" x12
b6 REF x14
b6 TPR "now" x14
b6 Time x15 x14
b6 time "n.08" x14
b6 REF x15
b6 REF x16
b6 ATTRIBUTION b11
b8 Agent x16 x5
b8 Topic x16 x15
b8 proposition "n.01" x15
b8 unable "a.01" x16
b11 REF x17
b11 Theme x17 x10
b11 come "v.01" x17
b8 REF x18
b8 Quantity x18 "+"
b8 bird "n.01" x18
b8 REF x19
b8 TPR x19 "now"
b8 time "n.08" x19
b11 REF x20
b11 Theme x20 x18
b11 Time x20 x19
b11 come "v.01" x20
b11 Source x20 x21
b11 REF x21

b1 REF x1
b1 PRESUPPOSITION b2
b1 eagle "n.01" x1
b2 REF x2
b2 Agent x2 x1
b2 Patient x2 x4
b2 Time x2 x3
b2 think "v.01" x2
b2 REF x3
b2 TPR x3 "now"
b2 time "n.08" x3
b3 REF x4
b3 PRESUPPOSITION b2
b3 male "n.02" x4
b4 REF x5
b4 REF x6
b4 Attribute x5 x6
b4 PRESUPPOSITION b2
b4 limited "a.01" x6
b4 REF x7
b4 Role x5 x7
b4 king "n.01" x7
b4 person "n.01" x5
b2 REF x8
b2 Theme x8 x1
b2 Time x8 x3
b2 arrive "v.01" x8
b2 REF x9
b2 Manner x8 x9
b2 late "r.01" x9

b1 REF x1
b1 PRESUPPOSITION b2
b1 entity "n.01" x1
b2 REF x2
b2 Co-Theme x2 x4
b2 Theme x2 x1
b2 Time x2 x3
b2 be "v.01" x2
b2 REF x3
b2 TPR x3 "now"
b2 time "n.08" x3
b2 REF x4
b2 hawk "n.01" x4
b2 Time x5 x3
b2 REF x5
b2 Experiencer x5 x4
b2 excited "a.01" x5
b2 Stimulus x5 x6
b3 REF x6
b3 PRESUPPOSITION b2
b3 meeting "n.01" x6
b2 EXPLANATION b4
b5 REF x7
b5 PRESUPPOSITION b4
b5 male "n.02" x7
b4 REF x8
b4 Co-Theme x8 x9
b4 Theme x8 x7
b4 Time x8 x3
b4 be "v.01" x8
b6 REF x9
b6 PRESUPPOSITION b4
b4 Beneficiary x8 x10
b4 REF x10
b4 REF x11
b4 Role x10 x11
b4 king "n.01" x11
b4 person "n.01" x10

b1 REF x1
b1 REF x2
b1 Attribute x1 x2
b1 PRESUPPOSITION b2
b1 Value x2 "+"
b1 small "a.01" x2
b2 REF x3
b2 REF x4
b2 TPR x4 "now"
b2 Theme x3 x1
b2 Time x3 x4
b2 come "v.01" x3
b2 time "n.08" x4
b2 CONTINUATION b3
b4 REF x5
b4 PRESUPPOSITION b3
b5 REF x6
b5 PRESUPPOSITION b3
b3 REF x7
b3 Sub x7 x5
b3 Sub x7 x6
b3 Sub x7 x8
b3 entity "n.01" x7
b6 REF x8
b6 PRESUPPOSITION b3
b6 hawk "n.01" x8
b3 REF x9
b3 Sub x9 x7
b3 Sub x9 x8
b3 Sub x9 x10
b3 entity "n.01" x9
b7 REF x10
b7 PRESUPPOSITION b3
b7 sparrow "n.01" x10
b3 REF x11
b3 REF x12
b3 Pivot x11 x8
b3 TPR x12 "now"
b3 Theme x11 x13
b3 Time x11 x12
b3 have "v.01" x11
b3 time "n.08" x12
b3 REF x13
b3 chance "n.01" x13
b3 Location x11 x14
b3 REF x14
b3 Quantity x14 "million"
b3 measure "n.02" x14
b3 REF x15
b3 TPR x15 "now"
b3 time "n.08" x15
b4 Time x16 x15
b4 REF x16
b4 Attribute x14 x16
b4 present "a.02" x16
b4 Location x16 x17
b8 REF x17
b8 PRESUPPOSITION b4
b8 meeting "n.01" x17

b1 REF x1
b1 PRESUPPOSITION b2
b1 artifact "n.01" x1
b3 Time x3 x2
b3 REF x2
b3 TPR x2 "now"
b3 time "n.08" x2
b2 NEGATION b3
b3 REF x3
b3 Theme x3 x1
b3 invite "v.02" x3
b3 EXPLANATION b4
b5 REF x4
b5 PRESUPPOSITION b6
b5 male "n.02" x4
b6 REF x5
b6 Creator x5 x4
b6 PRESUPPOSITION b4
b6 call "n.01" x5
b3 REF x6
b3 Degree x7 x6
b3 so "r.01" x6
b3 REF x7
b3 Experiencer x7 x5
b3 Stimulus x7 x8
b3 Time x7 x2
b3 annoy "v.01" x7
b7 REF x8
b7 PRESUPPOSITION b3
b7 NEQ x8 x9
b8 REF x9
b8 PRESUPPOSITION b4
b7 bird "n.01" x8
b8 bird "n.01" x9
b4 CONTINUATION b9
b9 REF x10
b9 Theme x10 x3
b9 Time x10 x4
b9 come "v.01" x10

b1 REF x1
b1 PRESUPPOSITION b2
b1 entity "n.01" x1
b2 REF x2
b2 REF x3
b2 Co-Theme x2 x4
b2 TPR x3 "now"
b2 Theme x2 x1
b2 Time x2 x3
b2 be "v.01" x2
b2 time "n.08" x3
b3 REF x4
b3 Degree x5 x4
b3 very "r.01" x4
b3 REF x5
b3 Attribute x3 x5
b3 PRESUPPOSITION b2
b3 little "a.01" x5
b3 bird "n.01" x3
b4 REF x6
b4 REF x7
b4 Pivot x6 x3
b4 TPR x7 "now"
b4 Theme x6 x8
b4 Time x6 x7
b4 have "v.01" x6
b4 time "n.08" x7
b2 NEGATION b4
b4 REF x8
b4 name "n.01" x8
b4 REF x9
b4 Theme x9 x8
b4 at~all "a.01" x9
b5 REF x10
b5 PRESUPPOSITION b4
b5 entity "n.01" x10
b4 REF x11
b4 TPR "now" x11
b4 Time x12 x11
b4 time "n.08" x11
b4 REF x12
b4 Patient x12 x10
b4 end "v.01" x12
b1 REF x13
b1 PRESUPPOSITION b4
b1 balance "n.01" x13
b1 Theme x13 x14
b1 REF x14
b1 power "n.01" x14
b1 Location x14 x15
b6 REF x15
b6 PRESUPPOSITION b1
b6 bird "n.01" x15

b1 REF x1
b1 TPR "now" x1
b1 Time x2 x1
b1 time "n.08" x1
b1 REF x2
b1 Co-Theme x2 x4
b1 Theme x2 x6
b1 be "v.01" x2
b1 REF x3
b1 REF x4
b1 Attribute x4 x3
b1 great "a.01" x3
b1 confusion "n.01" x4
b1 REF x5
b1 Sub x5 x4
b1 Sub x5 x6
b1 entity "n.01" x5
b1 REF x6
b1 noise "n.01" x6
b1 Location x3 x7
b2 REF x7
b2 PRESUPPOSITION b1
b2 meeting "n.01" x7
b1 REF x8
b1 TPR x8 "now"
b1 Time x9 x8
b1 time "n.08" x8
b1 REF x9
b1 Agent x9 x2
b1 Topic x9 x10
b1 be "v.01" x9
b1 REF x10
b1 Theme x10 x3
b1 Time x10 x11
b1 expect "v.01" x10
b1 REF x11
b1 TPR x11 "now"
b1 time "n.08" x11
b1 Instrument x10 x12
b1 REF x12
b1 REF x13
b1 Theme x12 x13
b1 number "n.01" x12
b1 PartOf x12 x14
b1 REF x14
b1 bird "n.01" x14
b1 REF x15
b1 Agent x15 x14
b1 Time x15 x10
b1 gather "v.02" x15

b1 REF x1
b1 TPR x1 "now"
b1 REF x2
b1 hiss "v.01" x2
b1 REF x3
b1 Sub x3 x1
b1 Sub x3 x2
b1 Sub x3 x4
b1 entity "n.01" x3
b1 REF x4
b1 clumsily "n.01" x4
b1 CONTRAST b2
b3 REF x5
b3 PRESUPPOSITION b2
b3 entity "n.01" x5
b2 REF x6
b2 TPR x6 "now"
b2 Time x7 x6
b2 time "n.08" x6
b2 REF x7
b2 REF x8
b2 ATTRIBUTION b4
b2 Agent x7 x5
b2 Topic x7 x8
b2 decide "v.01" x7
b2 proposition "n.01" x8
b5 REF x9
b5 PRESUPPOSITION b6
b5 bird "n.01" x9
b4 POSSIBILITY b7
b7 REF x10
b7 Agent x10 x9
b7 Theme x10 x11
b7 fly "v.01" x10
b8 REF x11
b8 PRESUPPOSITION b7
b8 lowest "n.01" x11
b7 NECESSITY b9
b9 REF x12
b9 Co-Theme x12 x13
b9 Theme x12 x11
b9 be "v.01" x12
b9 REF x13
b9 king "n.01" x13

b1 REF x1
b1 REF x2
b1 Attribute x1 x2
b1 PRESUPPOSITION b2
b1 little "a.01" x2
b1 bird "n.01" x1
b2 REF x3
b2 REF x4
b2 Agent x3 x1
b2 TPR x4 "now"
b2 Time x3 x4
b2 Topic x3 x5
b2 lie "v.01" x3
b2 time "n.08" x4
b2 REF x5
b2 Manner x3 x5
b2 low "r.01" x5
b2 REF x6
b2 APX x6 x7
b2 Location x4 x6
b2 location "n.01" x6
b3 REF x7
b3 PRESUPPOSITION b2
b3 eagle "n.01" x7
b2 CONTINUATION b4
b4 1 "a.01" x8
b4 REF x8
b2 CONTINUATION b5
b6 REF x9
b6 PRESUPPOSITION b5
b6 eagle "n.01" x9
b7 Time x11 x10
b7 REF x10
b7 TPR x10 "now"
b7 time "n.08" x10
b5 NEGATION b7
b7 REF x11
b7 Experiencer x11 x9
b7 Stimulus x11 x12
b7 notice "v.01" x11
b4 REF x12
b4 PRESUPPOSITION b7
b4 bird "n.01" x12
b4 REF x13
b4 Theme x13 x12
b4 perch "v.01" x13
b4 Destination x13 x15
b8 REF x14
b8 PRESUPPOSITION b9
b8 male "n.02" x14
b9 REF x15
b9 PRESUPPOSITION b5
b9 PartOf x15 x14
b9 back "n.01" x15
b5 REF x16
b5 PRESUPPOSITION b6
b7 competition "n.01" x16
b7 Time x17 x11
b7 REF x17
b7 Theme x17 x16
b7 commence "v.01" x17

b1 Location x4 x1
b2 REF x1
b2 PRESUPPOSITION b1
b2 air "n.01" x1
b1 Location x1 x2
b1 REF x2
b1 REF x3
b1 Attribute x2 x3
b1 great "a.01" x3
b1 conflict "n.01" x2
b3 CONDITION b4
b4 REF x4
b4 CONSEQUENCE b1
b4 PartOf x4 x5
b4 entity "n.01" x4
b5 REF x5
b5 PRESUPPOSITION b4
b5 bird "n.01" x5
b2 REF x6
b2 TPR x6 "now"
b2 time "n.08" x6
b4 REF x7
b4 Theme x7 x4
b4 Time x7 x6
b4 fly "v.01" x7
b6 REF x8
b6 PRESUPPOSITION b4
b6 signal "n.01" x8
b4 REF x9
b4 TPR x9 "now"
b4 Time x10 x9
b4 time "n.08" x9
b4 REF x10
b4 Theme x10 x8
b4 give "v.03" x10

b1 REF x1
b1 PRESUPPOSITION b2
b1 air "n.01" x1
b2 Time x3 x2
b2 REF x2
b2 TPR x2 "now"
b2 time "n.08" x2
b2 REF x3
b2 Experiencer x3 x1
b2 full "a.01" x3
b2 Stimulus x3 x4
b2 REF x4
b2 dust "n.01" x4
b2 CONTINUATION b3
b4 REF x5
b4 PRESUPPOSITION b3
b4 entity "n.01" x5
b3 REF x6
b3 Theme x6 x5
b3 Time x6 x2
b3 seem "v.01" x6
b3 REF x7
b3 REF x8
b3 Colour x7 x8
b3 black "a.01" x8
b3 cloud "n.01" x7
b3 Time x9 x3
b3 REF x9
b3 Theme x9 x7
b3 float "v.01" x9
b3 Path x9 x10
b5 REF x10
b5 PRESUPPOSITION b3
b5 field "n.01" x10

b1 POSSIBILITY b2
b2 REF x1
b2 Experiencer x1 "hearer"
b2 Stimulus x1 x3
b2 hear "v.01" x1
b3 REF x2
b3 PRESUPPOSITION b2
b3 bird "n.01" x2
b2 REF x3
b2 Agent x3 x2
b2 Time x3 x4
b2 chirp "v.01" x3
b2 REF x4
b2 EQU x4 "now"
b2 time "n.08" x4
b2 CONTINUATION b4
b4 REF x5
b4 Agent x5 x2
b4 flap "v.03" x5
b4 Source x5 x6
b4 REF x6
b4 field "n.01" x6
b4 Time x7 x4
b4 REF x7
b4 Theme x7 x6
b4 Value x7 x8
b4 be "v.01" x7
b4 REF x8
b4 Unit x8 "mile"
b4 measure "n.02" x8
b4 REF x9
b4 Attribute x8 x9
b4 Value x9 "+"
b4 away "a.01" x9

b1 REF x1
b1 Quantity x1 "-"
b1 bird "n.01" x1
b1 REF x2
b1 Manner x3 x2
b1 soon "a.01" x2
b1 REF x3
b1 Patient x3 x1
b1 Time x3 x4
b1 grow "v.01" x3
b1 REF x4
b1 TPR x4 "now"
b1 time "n.08" x4
b1 REF x5
b1 Experiencer x5 x1
b1 tired "a.01" x5
b1 REF x6
b1 Patient x6 x1
b1 Time x6 x4
b1 fall "v.01" x6
b1 REF x7
b1 Manner x4 x7
b1 quickly "a.01" x7
b1 Destination x4 x8
b1 REF x8
b1 earth "n.01" x8

b1 REF x1
b1 REF x2
b1 PRESUPPOSITION b2
b1 Role x1 x2
b1 fact "n.01" x2
b1 person "n.01" x1
b3 REF x3
b3 REF x4
b3 PRESUPPOSITION b2
b3 Theme x3 x4
b3 larger "n.01" x4
b3 tire "n.01" x3
b2 REF x5
b2 Theme x5 x3
b2 Time x5 x6
b2 hold "v.01" x5
b2 REF x6
b2 TPR x6 "now"
b2 time "n.08" x6
b2 CONTINUATION b4
b4 REF x7
b4 Theme x7 x3
b4 Time x7 x6
b4 fly "v.01" x7
b1 REF x8
b1 Sub x8 x3
b1 Sub x8 x9
b1 entity "n.01" x8
b1 REF x9
b1 higher "n.01" x9
b1 CONTRAST b5
b6 REF x10
b6 PRESUPPOSITION b5
b6 eagle "n.01" x10
b5 REF x11
b5 REF x12
b5 Agent x11 x10
b5 TPR x12 "now"
b5 Theme x11 x13
b5 Time x11 x12
b5 fly "v.01" x11
b5 time "n.08" x12
b5 REF x13
b5 REF x14
b5 REF x15
b5 Attribute x13 x14
b5 Degree x14 x15
b5 entity "n.01" x13
b5 high "a.01" x14
b5 most "r.01" x15
b7 EQU x15 x16
b5 CONDITION b8
b8 REF x16
b8 CONSEQUENCE b7
b8 person "n.01" x16
b9 REF x17
b9 Experiencer x17 x10
b9 Stimulus x17 x18
b9 surprised "a.01" x17
b6 NEGATION b9
b9 REF x18
b9 person "n.01" x18

b1 POSSIBILITY b2
b2 REF x1
b2 person "n.01" x1
b2 REF x2
b2 Agent x2 x1
b2 Theme x2 x3
b2 stop "v.01" x2
b1 REF x3
b1 eagle "n.01" x3
b1 REF x4
b1 REF x5
b1 Experiencer x4 x3
b1 Stimulus x4 x6
b1 TPR x5 "now"
b1 Time x4 x5
b1 seem "v.01" x4
b1 time "n.08" x5
b1 REF x6
b1 Theme x6 x2
b1 fly "v.01" x6
b1 straight "r.01" x4
b1 Destination x4 x7
b3 REF x7
b3 PRESUPPOSITION b1
b3 sun "n.01" x7

b1 REF x1
b1 PRESUPPOSITION b2
b1 NEQ x1 x2
b3 REF x2
b3 PRESUPPOSITION b2
b1 bird "n.01" x1
b3 bird "n.01" x2
b2 REF x3
b2 REF x4
b2 Agent x3 x1
b2 TPR x4 "now"
b2 Theme x3 x5
b2 Time x3 x4
b2 give "v.01" x3
b2 time "n.08" x4
b2 REF x5
b2 one "n.01" x5
b2 Instrument x3 x6
b2 REF x6
b2 one "n.01" x6
b2 CONTINUATION b4
b5 REF x7
b5 PRESUPPOSITION b4
b5 eagle "n.01" x7
b4 REF x8
b4 REF x9
b4 Experiencer x8 x7
b4 Stimulus x8 x11
b4 TPR x9 "now"
b4 Time x8 x9
b4 see "v.01" x8
b4 time "n.08" x9
b6 REF x10
b6 PRESUPPOSITION b4
b6 entity "n.01" x10
b4 REF x11
b4 REF x12
b4 ATTRIBUTION b7
b4 Agent x11 x10
b4 Theme x11 x12
b4 Time x11 x13
b4 proposition "n.01" x12
b4 think "v.01" x11
b4 REF x13
b4 TPR x13 "now"
b4 time "n.08" x13
b7 REF x14
b7 EQU x14 "?"
b7 entity "n.01" x14
b7 REF x15
b7 Co-Theme x15 x16
b7 Theme x15 x14
b7 Time x15 x13
b7 be "v.01" x15
b8 REF x16
b8 PRESUPPOSITION b7
b8 use "n.01" x16
b8 PartOf x16 x17
b8 REF x17
b8 fly "v.01" x17

b1 REF x1
b1 PRESUPPOSITION b2
b1 victory "n.01" x1
b2 REF x2
b2 Theme x2 x1
b2 Time x2 x3
b2 be "v.03" x2
b2 REF x3
b2 EQU x3 "now"
b2 time "n.08" x3
b2 Location x2 x4
b3 REF x4
b3 PRESUPPOSITION b2
b3 bag "n.01" x4
b2 CONTINUATION b4
b4 Time x5 x3
b4 REF x5
b4 Agent x5 "speaker"
b4 king "v.01" x5

b1 REF x1
b1 PRESUPPOSITION b2
b1 bird "n.01" x1
b2 REF x2
b2 REF x3
b2 Agent x2 x1
b2 TPR x3 "now"
b2 Time x2 x3
b2 call "v.01" x2
b2 time "n.08" x3
b2 Co-Agent x2 x4
b2 REF x4
b2 Quantity x4 "1"
b2 accord "n.01" x4
b2 CONTINUATION b3
b3 REF x5
b3 Theme x5 x1
b3 come "v.01" x5
b3 CONTINUATION b4
b4 REF x6
b4 Theme x6 "hearer"
b4 come "v.01" x6

b1 REF x1
b1 PRESUPPOSITION b2
b1 entity "n.01" x1
b2 REF x2
b2 REF x3
b2 Co-Theme x2 "hearer"
b2 EQU x3 "now"
b2 Theme x2 x1
b2 Time x2 x3
b2 be "v.01" x2
b2 time "n.08" x3
b3 REF x4
b3 Co-Theme x4 x5
b3 Theme x4 x1
b3 be "v.01" x4
b4 REF x5
b4 Of x6 "speaker"
b4 REF x6
b4 PRESUPPOSITION b3
b4 Role x5 x6
b4 king "n.01" x6
b4 person "n.01" x5
b3 EXPLANATION b5
b5 NEGATION b6
b6 REF x7
b6 person "n.01" x7
b3 POSSIBILITY b5
b6 REF x8
b6 Theme x8 x7
b6 fly "v.01" x8
b6 REF x9
b6 Manner x8 x9
b6 high "a.01" x9
b6 Instrument x8 "hearer"

b1 NEGATION b2
b2 REF x1
b2 Agent x1 "speaker"
b2 Theme x1 x3
b2 Time x1 x2
b2 cry "v.01" x1
b2 REF x2
b2 TPR x2 "now"
b2 time "n.08" x2
b2 REF x3
b2 REF x4
b2 REF x5
b2 Attribute x3 x4
b2 Manner x3 x5
b2 shrill "n.01" x4
b2 shrill "n.01" x5
b2 REF x6
b2 REF x7
b2 Attribute x3 x6
b2 Attribute x3 x7
b2 voice "n.01" x4
b2 voice "n.01" x5
b2 CONTRAST b3
b3 REF x8
b3 REF x9
b3 Attribute x8 x9
b3 little "a.01" x9
b3 bird "n.01" x8
b3 NEQ x8 x10
b3 REF x10
b3 REF x11
b3 PRESUPPOSITION b2
b3 Role x10 x11
b3 name "n.01" x11
b3 person "n.01" x10
b2 REF x12
b2 REF x13
b2 TPR x13 "now"
b2 Theme x12 x9
b2 Time x12 x13
b2 rise "v.01" x12
b2 time "n.08" x13
b2 Source x12 x15
b4 REF x14
b4 PRESUPPOSITION b5
b4 eagle "n.01" x14
b5 REF x15
b5 PRESUPPOSITION b2
b5 PartOf x15 x14
b5 back "n.01" x15
b2 EXPLANATION b6
b7 REF x16
b7 PRESUPPOSITION b6
b7 male "n.02" x16
b6 REF x17
b6 Agent x17 x16
b6 Time x17 x6
b6 lie "v.01" x17
b6 REF x18
b6 Patient x18 x16
b6 hidden "a.01" x18
b6 Location x18 x19
b8 REF x19
b8 PRESUPPOSITION b6
b8 feather "n.01" x19

b1 REF x1
b1 Creator x1 x2
b1 PRESUPPOSITION b2
b3 REF x2
b3 PRESUPPOSITION b1
b3 male "n.02" x2
b2 REF x3
b2 REF x4
b2 Co-Theme x3 x5
b2 TPR x4 "now"
b2 Theme x3 x1
b2 Time x3 x4
b2 be "v.01" x3
b2 time "n.08" x4
b2 REF x5
b2 secret "n.01" x5
b2 Instrument x5 x6
b4 REF x6
b4 PRESUPPOSITION b2
b4 User x6 x2
b4 sleeve "n.01" x6
b2 CONTINUATION b5
b2 PRESUPPOSITION b5
b5 REF x7
b5 Agent x7 x1
b5 Time x7 x8
b5 laugh "v.01" x7
b5 REF x8
b5 TPR x8 "now"
b5 time "n.08" x8
b5 Recipient x7 x6
b5 Recipient x7 x9
b5 REF x9
b5 REF x10
b5 Attribute x9 x10
b5 easy "a.01" x10
b6 REF x11
b6 PRESUPPOSITION b5
b6 entity "n.01" x11
b5 Time x12 x8
b5 REF x12
b5 Agent x12 x11
b5 Theme x12 x10
b7 REF x13
b7 PRESUPPOSITION b5
b7 NEQ x13 x14
b8 REF x14
b8 PRESUPPOSITION b5
b7 bird "n.01" x13
b8 bird "n.01" x14

b1 REF x1
b1 Participant x1 x2
b1 event "v.01" x1
b1 REF x2
b1 higher "n.01" x2
b1 REF x3
b1 Sub x3 x2
b1 Sub x3 x4
b1 entity "n.01" x3
b2 PRESUPPOSITION b1
b2 REF x4
b2 male "n.02" x4
b1 REF x5
b1 REF x6
b1 TPR x6 "now"
b1 Theme x5 x4
b1 Time x5 x6
b1 mount "v.01" x5
b1 time "n.08" x6
b3 REF x7
b3 PRESUPPOSITION b1
b3 male "n.02" x7
b1 REF x8
b1 TPR x8 "now"
b1 Time x9 x8
b1 time "n.08" x8
b1 REF x9
b1 Theme x9 x7
b1 lose "v.01" x9
b1 Destination x9 x10
b1 REF x10
b1 sight "n.01" x10
b1 CONTINUATION b4
b4 REF x11
b4 Agent x11 x7
b4 Patient x11 x12
b4 fold "v.01" x11
b1 PRESUPPOSITION b5
b5 REF x12
b5 PRESUPPOSITION b4
b5 User x12 x7
b5 wing "n.01" x12
b4 REF x13
b4 Patient x13 x12
b4 cry "v.01" x13
b4 REF x14
b4 Manner x13 x14
b4 CONTINUATION b6
b6 REF x15
b6 Co-Theme x15 x17
b6 Theme x15 "speaker"
b6 Time x15 x16
b6 be "v.01" x15
b6 REF x16
b6 EQU x16 "now"
b6 time "n.08" x16
b6 REF x17
b6 REF x18
b6 Role x17 x18
b6 king "n.01" x18
b6 person "n.01" x17
b6 CONTINUATION b7
b7 Time x19 x16
b7 REF x19
b7 Agent x19 "speaker"
b7 king "v.01" x19

b1 REF x1
b1 eagle "n.01" x1
b1 REF x2
b1 Patient x2 x1
b1 trick "v.01" x2
b1 Agent x2 x3
b2 REF x3
b2 REF x4
b2 Attribute x3 x4
b2 PRESUPPOSITION b1
b2 little "a.01" x4
b2 bird "n.01" x3
b1 NEGATION b3
b1 REF x5
b1 TPR x5 "now"
b1 time "n.08" x5
b3 REF x6
b3 Experiencer x6 x7
b3 Stimulus x6 x10
b3 Time x6 x5
b3 sense "v.01" x6
b4 REF x7
b4 PRESUPPOSITION b3
b4 bird "n.01" x7
b3 Location x6 x9
b5 REF x8
b5 PRESUPPOSITION b6
b5 male "n.02" x8
b6 REF x9
b6 PRESUPPOSITION b3
b6 User x9 x8
b6 feather "n.01" x9
b3 CONTINUATION b7
b7 NEGATION b8
b8 REF x10
b8 entity "n.01" x10
b8 NEGATION b9
b9 REF x11
b9 REF x12
b9 REF x13
b9 ATTRIBUTION b10
b9 Agent x11 x10
b9 Recipient x11 x14
b9 TPR x13 "now"
b9 Time x11 x13
b9 Topic x11 x12
b9 expect "v.01" x11
b9 proposition "n.01" x12
b9 time "n.08" x13
b11 REF x14
b11 PRESUPPOSITION b9
b11 bird "n.01" x14
b10 REF x15
b10 Theme x15 x14
b10 come "v.01" x15
b10 REF x16
b10 Manner x15 x16
b10 out "r.01" x16
b10 Instrument x15 x17
b12 REF x17
b12 PRESUPPOSITION b10
b12 entity "n.01" x17

b1 REF x1
b1 PRESUPPOSITION b2
b1 bird "n.01" x1
b2 REF x2
b2 Theme x2 x1
b2 back "a.01" x2
b2 Location x2 x3
b2 REF x3
b2 earth "n.01" x3
b3 REF x4
b3 TPR x4 "now"
b3 time "n.08" x4
b4 Time x5 x4
b2 CONDITION b3
b3 REF x5
b3 CONSEQUENCE b4
b3 SubOf x5 x1
b3 entity "n.01" x5
b4 REF x6
b4 Theme x6 x5
b4 up "v.01" x6
b4 Location x6 x7
b4 REF x7
b4 arm "n.01" x7

b1 REF x1
b1 Sub x1 "hearer"
b1 Sub x1 x1
b1 Sub x1 x2
b1 entity "n.01" x1
b2 REF x2
b2 PRESUPPOSITION b1
b2 eagle "n.01" x2
b3 REF x3
b3 Of x3 "speaker"
b3 REF x4
b3 PRESUPPOSITION b1
b3 Role x3 x4
b3 king "n.01" x4
b3 person "n.01" x3

b1 CONDITION b2
b3 REF x1
b3 REF x2
b3 Agent x1 "hearer"
b3 TPR x2 "now"
b3 Theme x1 x3
b3 Time x1 x2
b3 do "v.01" x1
b3 time "n.08" x2
b4 REF x3
b4 PRESUPPOSITION b3
b4 entity "n.01" x3
b5 REF x4
b5 Agent x4 "speaker"
b5 Theme x4 x5
b5 break "v.06" x4
b3 REF x5
b3 CONSEQUENCE b5
b3 rule "n.01" x5
b3 Location x5 x6
b6 REF x6
b6 PRESUPPOSITION b3
b6 book "n.01" x6
b7 REF x7
b7 TPR "now" x7
b7 Time x8 x7
b7 time "n.08" x7
b8 NEGATION b7
b7 REF x8
b7 Pivot x8 "speaker"
b7 Theme x8 "hearer"
b7 have "v.01" x8
b4 CONDITION b9
b9 REF x9
b9 CONSEQUENCE b8
b9 ContentOf x9 "speaker"
b9 entity "n.01" x9
b5 REF x10
b5 EQU x10 "now"
b5 PRESUPPOSITION b8
b5 time "n.08" x10
b8 Time x12 x10
b8 REF x11
b8 Manner x12 x11
b8 simply "r.04" x11
b8 REF x12
b8 Attribute x9 x12
b8 tricky "a.01" x12
b8 REF x13
b8 Attribute x9 x13
b8 tricky "a.01" x13
b8 REF x14
b8 Agent x14 x8
b8 reign "v.01" x14
b8 Theme x14 "speaker"

b1 REF x1
b1 PRESUPPOSITION b2
b1 bird "n.01" x1
b2 NEQ x1 x2
b2 REF x2
b2 name "n.01" x2
b2 REF x3
b2 REF x4
b2 REF x5
b2 ATTRIBUTION b3
b2 Agent x3 x1
b2 TPR x5 "now"
b2 Time x3 x5
b2 Topic x3 x4
b2 decide "v.01" x3
b2 proposition "n.01" x4
b2 time "n.08" x5
b3 REF x6
b3 Agent x6 x1
b3 Source x6 x7
b3 clear "v.01" x6
b4 REF x7
b4 PRESUPPOSITION b3
b4 air "n.01" x7
b3 CONTINUATION b5
b5 REF x8
b5 REF x9
b5 REF x10
b5 ATTRIBUTION b6
b5 Agent x8 x3
b5 TPR x10 "now"
b5 Time x8 x10
b5 Topic x8 x9
b5 proposition "n.01" x9
b5 say "v.01" x8
b5 time "n.08" x10
b3 CONDITION b7
b7 REF x11
b7 CONSEQUENCE b8
b7 person "n.01" x11
b8 REF x12
b8 Theme x12 x11
b8 start "v.01" x12
b8 Instrument x12 x13
b8 REF x13
b8 REF x14
b8 Attribute x13 x14
b8 clean "a.01" x14
b8 slate "n.01" x13
b8 CONTINUATION b9
b8 REF x15
b8 EQU x15 "now"
b8 time "n.08" x15
b9 REF x16
b9 Agent x16 x9
b9 Theme x16 x17
b9 Time x16 x15
b9 perform "v.01" x16
b9 REF x17
b9 REF x18
b9 Attribute x17 x18
b9 new "a.01" x18
b9 REF x19
b9 MadeOf x17 x19
b9 task "n.01" x17

b1 POSSIBILITY b2
b2 REF x1
b2 REF x2
b2 ATTRIBUTION b3
b2 Agent x1 "speaker"
b2 Theme x1 x2
b2 decide "v.01" x1
b2 proposition "n.01" x2
b4 REF x3
b4 Name x3 "?"
b4 person "n.01" x3
b3 NECESSITY b4
b4 REF x4
b4 Co-Theme x4 x5
b4 Theme x4 x3
b4 be "v.01" x4
b5 REF x5
b5 REF x6
b5 Attribute x5 x6
b5 PRESUPPOSITION b4
b5 real "a.01" x6
b5 REF x7
b5 Role x5 x7
b5 king "n.01" x7
b5 person "n.01" x5

b1 REF x1
b1 PRESUPPOSITION b2
b1 bird "n.01" x1
b2 REF x2
b2 REF x3
b2 TPR x3 "now"
b2 Theme x2 x1
b2 Time x2 x3
b2 gather "v.01" x2
b2 time "n.08" x3
b2 CONTINUATION b3
b3 REF x4
b3 REF x5
b3 REF x6
b3 ATTRIBUTION b4
b3 Agent x4 x1
b3 TPR x6 "now"
b3 Theme x4 x5
b3 Time x4 x6
b3 decide "v.01" x4
b3 proposition "n.01" x5
b3 time "n.08" x6
b5 REF x7
b5 PRESUPPOSITION b4
b5 case "n.01" x7
b4 REF x8
b4 TPR "now" x8
b4 Time x9 x8
b4 time "n.08" x8
b4 REF x9
b4 Theme x9 x7
b4 resolve "v.01" x9
b4 CONTINUATION b6
b6 REF x10
b6 Agent x10 x7
b6 Product x10 x11
b6 make "v.01" x10
b6 REF x11
b6 REF x12
b6 Attribute x11 x12
b6 new "a.01" x12
b6 condition "n.01" x11
b4 NECESSITY b7
b7 REF x13
b7 Co-Theme x13 x14
b7 Theme x13 x11
b7 be "v.01" x13
b6 REF x14
b6 REF x15
b6 Role x14 x15
b6 king "n.01" x15
b6 person "n.01" x14
b6 POSSIBILITY b8
b8 REF x16
b8 Agent x16 x14
b8 Theme x16 x17
b8 go "v.01" x16
b9 REF x17
b9 PRESUPPOSITION b8
b9 deep "n.01" x17
b8 Destination x16 x18
b10 REF x18
b10 PRESUPPOSITION b8
b10 earth "n.01" x18

b1 REF x1
b1 REF x2
b1 Attribute x1 x2
b1 little "a.01" x2
b1 bird "n.01" x1
b2 REF x3
b2 PRESUPPOSITION b1
b2 NEQ x3 x4
b3 REF x4
b3 PRESUPPOSITION b1
b2 bird "n.01" x3
b3 bird "n.01" x4
b1 REF x5
b1 Experiencer x5 x3
b1 Stimulus x5 x2
b1 Time x5 x6
b1 despise "v.01" x5
b1 REF x6
b1 TPR x6 "now"
b1 time "n.08" x6
b1 Time x7 x6
b1 REF x7
b1 Experiencer x7 x2
b1 back "a.01" x7
b1 Stimulus x7 x8
b1 REF x8

b1 PRESUPPOSITION b2
b1 REF x1
b1 male "n.02" x1
b2 REF x2
b2 REF x3
b2 Agent x2 x1
b2 TPR x3 "now"
b2 Time x2 x3
b2 remain "v.01" x2
b2 time "n.08" x3
b2 EXPLANATION b3
b1 PRESUPPOSITION b4
b3 REF x4
b3 REF x5
b3 Agent x4 x1
b3 TPR x5 "now"
b3 Theme x4 x6
b3 Time x4 x5
b3 play "v.03" x4
b3 time "n.08" x5
b5 REF x6
b5 PRESUPPOSITION b3
b5 User x6 x1
b5 card "n.01" x6
b4 PRESUPPOSITION b6
b4 POSSIBILITY b6
b6 REF x7
b6 Co-Theme x7 x8
b6 Theme x7 x6
b6 be "v.01" x7
b6 REF x8
b6 king "n.01" x8

b1 REF x1
b1 Causer x5 x1
b1 EQU x1 "?"
b1 reason "n.01" x1
b2 REF x2
b2 PRESUPPOSITION b1
b2 goose "n.01" x2
b1 REF x3
b1 Theme x3 x2
b1 Time x3 x4
b1 REF x4
b1 TPR x4 "now"
b1 time "n.08" x4
b1 Location x3 x5
b3 REF x5
b3 PRESUPPOSITION b1
b3 sand "n.01" x5
b1 CONTINUATION b4
b5 REF x6
b5 PRESUPPOSITION b4
b5 duck "n.01" x6
b4 REF x7
b4 Agent x7 x6
b4 Time x7 x3
b4 soar "v.01" x7
b4 REF x8
b4 Agent x8 x6
b4 Material x8 x9
b4 dig "v.02" x8
b4 REF x9
b4 hole "n.02" x9
b4 Goal x9 x10
b6 REF x10
b6 REF x11
b6 Attribute x10 x11
b6 PRESUPPOSITION b4
b6 new "a.01" x11
b6 task "n.01" x10

b1 CONDITION b2
b2 REF x1
b2 CONSEQUENCE b3
b2 PartOf x1 x2
b2 entity "n.01" x1
b4 REF x2
b4 PRESUPPOSITION b2
b4 NEQ x2 x3
b5 REF x3
b5 PRESUPPOSITION b2
b4 bird "n.01" x2
b5 bird "n.01" x3
b2 REF x4
b2 REF x5
b2 REF x6
b2 ATTRIBUTION b6
b2 Agent x4 x1
b2 TPR x6 "now"
b2 Theme x4 x5
b2 Time x4 x6
b2 proposition "n.01" x5
b2 time "n.08" x6
b2 try "v.01" x4
b6 REF x7
b6 Agent x7 x2
b6 Patient x7 x8
b6 hide "v.01" x7
b7 REF x8
b7 PRESUPPOSITION b6
b7 person "n.02" x8
b6 Location x7 x9
b8 REF x9
b8 PRESUPPOSITION b6
b8 ground "n.01" x9
b9 REF x10
b9 PRESUPPOSITION b5
b9 person "n.01" x10
b5 REF x11
b5 TPR x11 "now"
b5 time "n.08" x11
b6 Time x12 x11
b6 REF x12
b6 Colour x10 x12
b6 blue "a.01" x12
b6 Location x12 x13
b10 REF x13
b10 PRESUPPOSITION b6
b10 face "n.01" x13

b1 REF x1
b1 REF x2
b1 Attribute x1 x2
b1 REF x3
b1 Attribute x1 x3
b1 little "a.01" x3
b1 REF x4
b1 Attribute x1 x4
b1 little "a.01" x4
b1 bird "n.01" x1
b1 REF x5
b1 REF x6
b1 Agent x5 x2
b1 TPR x6 "now"
b1 Time x5 x6
b1 Topic x5 x7
b1 be "v.01" x5
b1 time "n.08" x6
b1 REF x7
b1 Attribute x2 x7
b1 bold "a.01" x7
b1 Instrument x7 x8
b1 REF x8
b1 noble "n.01" x8
b1 REF x9
b1 REF x10
b1 Agent x9 x8
b1 TPR x10 "now"
b1 Theme x9 x11
b1 Time x9 x10
b1 find "v.01" x9
b1 time "n.08" x10
b1 REF x11
b1 REF x12
b1 Attribute x11 x12
b1 switch "n.01" x12
b1 dark "n.01" x11
b1 CONTINUATION b2
b2 REF x13
b2 Agent x13 x6
b2 creep "v.01" x13
b2 CONTINUATION b3
b3 REF x14
b3 EQU x14 "now"
b3 Time x15 x14
b3 time "n.08" x14
b3 REF x15
b3 Agent x15 "speaker"
b3 king "v.01" x15
b3 CONTINUATION b4
b5 REF x16
b5 PRESUPPOSITION b4
b5 entity "n.01" x16
b6 REF x17
b6 Theme x17 x16
b6 be "a.01" x17
b7 Attribute x17 x18
b6 NEGATION b7
b7 REF x18

b1 REF x1
b1 Participant x1 x2
b1 event "v.01" x1
b2 REF x2
b2 Of x3 "speaker"
b2 REF x3
b2 PRESUPPOSITION b1
b2 Role x2 x3
b2 king "n.01" x3
b2 person "n.01" x2

b1 REF x1
b1 EQU x1 "now"
b1 Time x2 x1
b1 time "n.08" x1
b1 REF x2
b1 REF x3
b1 ATTRIBUTION b2
b1 Agent x2 "hearer"
b1 Theme x2 x3
b1 proposition "n.01" x3
b1 think "v.01" x2
b1 REF x4
b1 TPR "now" x4
b1 time "n.08" x4
b2 Time x5 x4
b2 REF x5
b2 Agent x5 "speaker"
b2 Theme x5 x6
b2 reward "v.01" x5
b3 REF x6
b3 PRESUPPOSITION b2
b3 User x6 "hearer"
b2 Location x5 x7
b4 REF x7
b4 PRESUPPOSITION b2
b4 way "n.01" x7

b1 NEGATION b2
b2 REF x1
b2 Theme x1 "hearer"
b2 stay "v.01" x1
b2 Location x1 x2
b3 REF x2
b3 PRESUPPOSITION b2
b3 earth "n.01" x2
b2 REF x3
b2 Patient x3 "hearer"
b2 die "v.01" x3
b2 Causer x3 x4
b2 REF x4
b2 hunger "n.01" x4

b1 REF x1
b1 PRESUPPOSITION b2
b1 person "n.01" x1
b2 REF x2
b2 REF x3
b2 Agent x2 x1
b2 Patient x2 x4
b2 TPR x3 "now"
b2 Time x2 x3
b2 shut "v.01" x2
b2 time "n.08" x3
b3 REF x4
b3 REF x5
b3 Attribute x4 x5
b3 PRESUPPOSITION b2
b3 little "a.01" x5
b3 bird "n.01" x4
b2 Location x2 x7
b4 REF x6
b4 PRESUPPOSITION b5
b4 mouse "n.01" x6
b5 REF x7
b5 PRESUPPOSITION b2
b5 PartOf x7 x6
b5 hole "n.01" x7
b6 REF x8
b6 PRESUPPOSITION b3
b6 mouse "n.01" x8
b3 REF x9
b3 REF x10
b3 Agent x9 x8
b3 TPR x10 "now"
b3 Theme x9 x7
b3 Time x9 x10
b3 give "v.01" x9
b3 time "n.08" x10
b3 REF x11
b3 Quantity x11 "+"
b3 Time x12 x11
b3 time "n.08" x11
b3 REF x12
b3 Manner x13 x12
b3 CONTINUATION b7
b7 REF x13
b7 REF x14
b7 Agent x13 x16
b7 TPR x14 "now"
b7 Theme x13 x15
b7 Time x13 x14
b7 bid "v.02" x13
b7 time "n.08" x14
b8 REF x15
b8 PRESUPPOSITION b7
b8 hawk "n.01" x15
b7 REF x16
b7 REF x17
b7 Attribute x16 x17
b7 PRESUPPOSITION b6
b7 medical "a.01" x17

b1 CONDITION b2
b2 REF x1
b2 CONSEQUENCE b3
b2 PartOf x1 x2
b2 entity "n.01" x1
b4 REF x2
b4 PRESUPPOSITION b2
b4 bird "n.01" x2
b3 REF x3
b3 REF x4
b3 TPR x4 "now"
b3 Theme x3 x1
b3 Time x3 x4
b3 go "v.01" x3
b3 time "n.08" x4
b3 Destination x3 x5
b3 REF x5
b3 bed "n.01" x5
b3 CONTINUATION b5
b6 Beneficiary x9 x6
b7 REF x6
b7 PRESUPPOSITION b6
b7 person "n.01" x6
b6 REF x7
b6 TPR x7 "now"
b6 Time x9 x7
b6 time "n.08" x7
b6 REF x8
b6 Degree x9 x8
b6 very "r.01" x8
b6 REF x9
b6 Experiencer x9 x6
b6 tired "a.01" x9
b6 CONTRAST b8
b5 REF x10
b5 CONSEQUENCE b8
b5 owl "n.01" x10
b5 REF x11
b5 Agent x11 x10
b5 Theme x11 x13
b5 Time x11 x12
b5 find "v.01" x11
b5 REF x12
b5 TPR x12 "now"
b5 time "n.08" x12
b9 REF x13
b9 PRESUPPOSITION b10
b9 male "n.02" x13
b10 REF x14
b10 PRESUPPOSITION b8
b10 User x14 x13
b10 job "n.01" x14
b8 REF x15
b8 REF x16
b8 Agent x15 x14
b8 TPR x16 "now"
b8 Time x15 x16
b8 Topic x15 x18
b8 be "v.01" x15
b8 time "n.08" x16
b11 REF x17
b11 PRESUPPOSITION b12
b11 male "n.02" x17
b12 REF x18
b12 PRESUPPOSITION b9
b12 User x18 x17
b12 job "n.01" x18
b9 REF x19
b9 REF x20
b9 TPR x19 "now"
b9 TPR x20 "now"
b9 Time x20 x19
b9 time "n.08" x19
b9 time "n.08" x20
b9 Time x20 x20

b1 POSSIBILITY b2
b2 REF x1
b2 Agent x1 "speaker"
b2 Value x1 x2
b2 close "v.01" x1
b2 REF x2
b2 Quantity x2 "1"
b2 eye "n.01" x2
b2 CONTINUATION b3
b3 REF x3
b3 Agent x3 "speaker"
b3 watch "v.01" x3
b3 Co-Agent x3 x4
b4 REF x4
b4 PRESUPPOSITION b3
b4 NEQ x4 x5
b4 person "n.01" x4
b5 REF x5
b5 PRESUPPOSITION b3
b5 person "n.01" x5
b6 REF x6
b6 PRESUPPOSITION b7
b6 male "n.02" x6
b7 REF x7
b7 REF x8
b7 REF x9
b7 ATTRIBUTION b4
b7 Agent x7 x6
b7 TPR x9 "now"
b7 Theme x7 x8
b7 Time x7 x9
b7 proposition "n.01" x8
b7 think "v.01" x7
b7 time "n.08" x9

b1 PRESUPPOSITION b2
b1 REF x1
b1 male "n.02" x1
b2 REF x2
b2 REF x3
b2 Agent x2 x1
b2 TPR x3 "now"
b2 Theme x2 x4
b2 Time x2 x3
b2 close "v.01" x2
b2 time "n.08" x3
b2 REF x4
b2 Quantity x4 "1"
b2 eye "n.01" x4
b2 CONTINUATION b3
b3 REF x5
b3 Agent x5 x1
b3 Time x5 x6
b3 stare "v.01" x5
b3 REF x6
b3 TPR x6 "now"
b3 time "n.08" x6
b3 REF x7
b3 Manner x5 x7
b3 Co-Theme x5 x8
b4 REF x8
b4 PRESUPPOSITION b3
b4 NEQ x8 x9
b4 person "n.01" x8
b5 REF x9
b5 PRESUPPOSITION b3
b5 person "n.01" x9
b2 CONTRAST b6
b3 PRESUPPOSITION b6
b6 REF x10
b6 REF x11
b6 Experiencer x10 x4
b6 Stimulus x10 x12
b6 TPR x11 "now"
b6 Time x10 x11
b6 know "v.01" x10
b6 time "n.08" x11
b7 REF x12
b7 PRESUPPOSITION b6
b7 entity "n.01" x12
b6 REF x13
b6 REF x14
b6 REF x15
b6 ATTRIBUTION b8
b6 Agent x13 x8
b6 TPR x15 "now"
b6 Time x13 x15
b6 Topic x13 x14
b6 forget "v.01" x13
b6 proposition "n.01" x14
b6 time "n.08" x15
b8 REF x16
b8 Agent x16 x7
b8 Theme x16 x17
b8 keep "v.01" x16
b9 REF x17
b9 PRESUPPOSITION b8
b9 person "n.01" x17
b8 CONTINUATION b10
b10 REF x18
b10 CONDITION b11
b10 Quantity x18 "2"
b11 REF x19
b11 CONSEQUENCE b12
b11 Quantity x19 "1"
b11 SubOf x19 x18
b11 entity "n.01" x19
b12 CONDITION b13
b13 REF x20

b1 REF x1
b1 REF x2
b1 Attribute x1 x2
b1 little "a.01" x2
b1 bird "n.01" x1
b1 REF x3
b1 Theme x3 x1
b1 Time x3 x4
b1 guard "v.01" x3
b1 REF x4
b1 TPR x4 "now"
b1 time "n.08" x4
b1 Agent x3 x5
b2 REF x5
b2 PRESUPPOSITION b1
b2 owl "n.01" x5
b1 REF x6
b1 Patient x6 x5
b1 Time x6 x4
b1 shut "v.01" x6
b1 CONTINUATION b3
b4 PRESUPPOSITION b3
b4 REF x7
b4 male "n.02" x7
b3 REF x8
b3 Experiencer x8 x7
b3 Stimulus x8 x10
b3 Time x8 x9
b3 see "v.01" x8
b1 REF x9
b1 TPR x9 "now"
b1 time "n.08" x9
b5 REF x10
b5 PRESUPPOSITION b6
b5 User x10 x6
b5 male "n.02" x10
b6 REF x11
b6 PRESUPPOSITION b3
b6 PartOf x11 x10
b6 Quantity x11 "2"
b6 eye "n.01" x11
b3 REF x12
b3 Manner x13 x12
b3 shy "a.01" x12
b3 REF x13
b3 Patient x13 x11
b3 Time x13 x8
b3 shut "v.01" x13
b7 REF x14
b7 PRESUPPOSITION b8
b7 male "n.02" x14
b8 REF x15
b8 Theme x15 x14
b8 Time x15 x16
b8 sail "v.01" x15
b8 REF x16
b8 TPR x16 "now"
b8 time "n.08" x16
b8 Source x15 x17
b9 REF x17
b9 PRESUPPOSITION b8
b9 hole "n.01" x17
b8 CONTINUATION b10
b10 REF x18
b10 Theme x18 x14
b10 Time x18 x16
b10 sail "v.01" x18

b1 PRESUPPOSITION b2
b1 REF x1
b1 male "n.02" x1
b2 REF x2
b2 REF x3
b2 REF x4
b2 ATTRIBUTION b3
b2 Pivot x2 x1
b2 TPR x4 "now"
b2 Theme x2 x3
b2 Time x2 x4
b2 proposition "n.01" x3
b2 time "n.08" x4
b2 want "v.01" x2
b3 REF x5
b3 Agent x5 x1
b3 shout "v.01" x5
b3 CONTINUATION b4
b5 REF x6
b5 REF x7
b5 Co-Theme x6 x8
b5 EQU x7 "now"
b5 Theme x6 "speaker"
b5 Time x6 x7
b5 be "v.01" x6
b5 time "n.08" x7
b5 REF x8
b5 REF x9
b5 Role x8 x9
b5 king "n.01" x9
b5 person "n.01" x8
b6 REF x10
b6 PRESUPPOSITION b7
b6 owl "n.01" x10
b5 POSSIBILITY b7
b7 REF x11
b7 Experiencer x11 x10
b7 Stimulus x11 x4
b7 hear "v.01" x11
b4 PRESUPPOSITION b7
b7 REF x12
b7 Theme x12 x5
b7 Time x12 x13
b7 fly "v.01" x12
b7 REF x13
b7 TPR x13 "now"
b7 time "n.08" x13
b7 CONTRAST b8
b8 REF x14
b8 Agent x14 x5
b8 Time x14 x13
b8 think "v.01" x14
b8 Theme x14 x15
b9 REF x15
b9 PRESUPPOSITION b8
b9 entity "n.01" x15

b1 Source x4 x1
b2 REF x1
b2 PRESUPPOSITION b1
b2 time "n.01" x1
b1 Location x1 x2
b3 REF x2
b3 PRESUPPOSITION b1
b3 owl "n.01" x2
b1 REF x3
b1 Agent x3 x2
b1 Time x3 x4
b1 fool "v.01" x3
b1 REF x4
b1 TPR x4 "now"
b1 time "n.08" x4
b1 Agent x3 x5
b4 REF x5
b4 REF x6
b4 Attribute x5 x6
b4 PRESUPPOSITION b1
b4 little "a.01" x6
b4 bird "n.01" x5
b1 NEGATION b5
b5 REF x7
b5 REF x8
b5 REF x9
b5 ATTRIBUTION b6
b5 Experiencer x7 x2
b5 Stimulus x7 x8
b5 TPR x9 "now"
b5 Time x7 x9
b5 dare "v.02" x7
b5 proposition "n.01" x8
b5 time "n.08" x9
b6 REF x10
b6 Agent x10 x6
b6 Patient x10 x11
b6 show "v.01" x10
b7 REF x11
b7 PRESUPPOSITION b6
b7 male "n.02" x11
b6 Instrument x10 x12
b6 REF x12
b6 day "n.01" x12
b8 REF x13
b8 PRESUPPOSITION b6
b8 bird "n.01" x13
b6 NECESSITY b5
b5 REF x14
b5 Agent x14 x13
b5 Patient x14 x15
b5 beat "v.01" x14
b9 REF x15
b9 REF x16
b9 Attribute x15 x16
b9 PRESUPPOSITION b5
b9 living "a.01" x16
b9 daylight "n.01" x15
b5 Source x13 x17
b10 REF x17
b10 PRESUPPOSITION b5
b10 male "n.02" x17

b1 REF x1
b1 PRESUPPOSITION b2
b1 male "n.02" x1
b2 REF x2
b2 REF x3
b2 REF x4
b2 EQU x3 "now"
b2 EQU x4 "now"
b2 Theme x2 x1
b2 Time x2 x3
b2 fly "v.01" x2
b2 time "n.08" x3
b2 time "n.08" x4
b3 REF x5
b3 Theme x5 x1
b3 Time x5 x4
b3 fly "v.01" x5
b2 REF x6
b2 Manner x5 x6
b2 only "a.01" x6
b2 Context x5 x7
b2 REF x7
b2 night "n.01" x7
b2 REF x8
b2 Experiencer x8 x7
b2 Stimulus x8 x10
b2 wring "v.01" x8
b3 REF x9
b3 Agent x9 x2
b3 Theme x9 x11
b3 pursue "v.01" x9
b4 REF x10
b4 PRESUPPOSITION b2
b4 bird "n.01" x10
b2 CONTRAST b3
b5 REF x11
b5 PRESUPPOSITION b3
b5 mouse "n.01" x11
b3 REF x12
b3 Beneficiary x10 x13
b3 entity "n.01" x12
b3 REF x13
b3 Agent x13 x12
b3 Theme x13 x14
b3 make "v.01" x13
b3 REF x14
b3 hole "n.01" x14
b3 Destination x15 x13
b3 REF x15
b6 REF x16
b6 REF x17
b6 Attribute x16 x17
b6 PRESUPPOSITION b3
b6 little "a.01" x17
b6 bird "n.01" x16
b3 REF x18
b3 REF x19
b3 Patient x18 x16
b3 TPR x19 "now"
b3 Time x18 x19
b3 creep "v.01" x18
b3 time "n.08" x19

b1 REF x1
b1 REF x2
b1 Attribute x1 x2
b1 PRESUPPOSITION b2
b1 little "a.01" x2
b1 bird "n.01" x1
b2 REF x3
b2 REF x4
b2 EQU x4 "now"
b2 Theme x3 x1
b2 Time x3 x4
b2 keep "v.01" x3
b2 time "n.08" x4
b2 Source x3 x5
b2 REF x5
b2 sight "n.01" x5
b2 Duration x2 x6
b3 PRESUPPOSITION b2
b3 REF x6
b3 male "n.02" x6
b2 REF x7
b2 REF x8
b2 REF x9
b2 ATTRIBUTION b4
b2 Experiencer x7 x6
b2 Stimulus x7 x8
b2 TPR x9 "now"
b2 Time x7 x9
b2 fear "v.01" x7
b2 proposition "n.01" x8
b2 time "n.08" x9
b5 REF x10
b5 PRESUPPOSITION b4
b5 NEQ x10 x11
b6 REF x11
b6 PRESUPPOSITION b4
b5 bird "n.01" x10
b6 bird "n.01" x11
b4 NECESSITY b7
b7 REF x12
b7 Agent x12 x10
b7 Patient x12 x13
b7 punish "v.01" x12
b8 PRESUPPOSITION b9
b8 male "n.02" x12
b7 Topic x11 x13
b9 REF x13
b9 Owner x13 x12
b9 PRESUPPOSITION b7

b1 REF x1
b1 rejection "n.01" x1
b1 Creator x1 x2
b2 REF x2
b2 PRESUPPOSITION b1
b2 NEQ x2 x3
b3 REF x3
b3 PRESUPPOSITION b1
b2 bird "n.01" x2
b3 bird "n.01" x3
b1 REF x4
b1 REF x5
b1 Co-Theme x4 x6
b1 TPR x5 "now"
b1 Theme x4 x1
b1 Time x4 x5
b1 be "v.01" x4
b1 time "n.08" x5
b1 REF x6
b1 REF x7
b1 Attribute x6 x7
b1 bitter "a.01" x7
b1 pill "n.01" x6
b1 REF x8
b1 Agent x8 x6
b1 swallow "v.01" x8
b1 Theme x8 x9
b1 REF x9
b1 REF x10
b1 Attribute x9 x10
b1 bird "n.01" x9
b4 REF x11
b4 PRESUPPOSITION b1
b4 owl "n.01" x11
b1 REF x12
b1 REF x13
b1 Experiencer x12 x11
b1 Stimulus x12 x10
b1 TPR x13 "now"
b1 Time x12 x13
b1 let_up "v.01" x12
b1 time "n.08" x13

b1 PRESUPPOSITION b2
b1 REF x1
b1 male "n.02" x1
b2 REF x2
b2 REF x3
b2 Agent x2 x1
b2 EQU x3 "now"
b2 Time x2 x3
b2 hide "v.02" x2
b2 time "n.08" x3
b2 Location x2 x4
b3 REF x4
b3 PRESUPPOSITION b2
b2 CONTINUATION b4
b1 PRESUPPOSITION b4
b4 REF x5
b4 Agent x5 x1
b4 Theme x5 x1
b4 Time x5 x6
b4 think "v.01" x5
b4 REF x6
b4 EQU x6 "now"
b4 time "n.08" x6
b4 Time x7 x6
b4 REF x7
b4 Attribute "speaker" x7
b4 safe "a.01" x7
b4 CONTINUATION b5
b5 Time x8 x6
b5 REF x8
b5 Agent x8 "speaker"
b5 king "v.01" x8
b5 CONTINUATION b6
b6 Time x9 x6
b6 REF x9
b6 Agent x9 "speaker"
b6 king "v.01" x9

b1 REF x1
b1 PRESUPPOSITION b2
b1 NEQ x1 x2
b3 REF x2
b3 PRESUPPOSITION b2
b1 bird "n.01" x1
b3 bird "n.01" x2
b1 Context x1 x3
b1 REF x3
b1 REF x4
b1 REF x5
b1 Agent x4 x1
b1 EQU x5 "now"
b1 Time x4 x5
b1 call "v.01" x4
b1 time "n.08" x5
b1 CONTINUATION b4
b5 REF x6
b5 REF x7
b5 PRESUPPOSITION b4
b5 Role x6 x7
b5 person "n.01" x6

