b1 REF x1
b1 PRESUPPOSITION b2
b1 female "n.02" x1
b2 REF x2
b2 Agent x2 x1
b2 Theme x2 x4
b2 Time x2 x3
b2 lose "v.01" x2
b2 REF x3
b2 TPR x3 "now"
b2 time "n.08" x3
b2 REF x4
b2 control "n.01" x4
b2 CONTINUATION b3
b3 REF x5
b3 Agent x5 x1
b3 Time x5 x3
b3 laugh "v.01" x5

b1 REF x1
b1 Name x1 "jill"
b1 PRESUPPOSITION b2
b1 male "n.02" x1
b2 REF x2
b2 REF x3
b2 Agent x2 x1
b2 TPR x3 "now"
b2 Time x2 x3
b2 time "n.08" x3
b2 write "v.01" x2
b2 Location x2 x4
b3 REF x4
b3 PRESUPPOSITION b2
b3 envelope "n.01" x4

b1 REF x1
b1 PRESUPPOSITION b2
b1 male "n.02" x1
b3 REF x2
b3 REF x3
b3 Agent x2 x1
b3 TPR x3 "now"
b3 Time x2 x3
b3 time "n.08" x3
b3 Theme x2 x4
b2 REF x4
b2 PRESUPPOSITION b3
b2 PartOf x4 x1
b2 shoulder "n.01" x4

b1 REF x1
b1 PRESUPPOSITION b2
b1 male "n.02" x1
b2 REF x2
b2 REF x3
b2 TPR x3 "now"
b2 Theme x2 x1
b2 Time x2 x3
b2 stay "v.02" x2
b2 time "n.08" x3
b2 Location x2 x4
b3 REF x4
b3 PRESUPPOSITION b2
b3 wall "n.01" x4

b1 REF x1
b1 Name x1 "helen"
b1 PRESUPPOSITION b2
b1 female "n.02" x1
b2 REF x2
b2 REF x3
b2 TPR x3 "now"
b2 Theme x2 x1
b2 Time x2 x3
b2 run "v.01" x2
b2 time "n.08" x3
b2 Destination x2 x4
b3 REF x4
b3 PRESUPPOSITION b2
b3 toilet "n.02" x4

b1 POSSIBILITY b2
b3 NEGATION b1
b2 REF x1
b2 Agent x1 "speaker"
b2 Recipient x1 "hearer"
b2 Topic x1 x2
b2 tell "v.01" x1
b2 REF x2
b2 Attribute x2 "hearer"
b2 more "a.01" x2

b1 REF x1
b1 PRESUPPOSITION b2
b1 male "n.02" x1
b2 REF x2
b2 REF x3
b2 Agent x2 x1
b2 Recipient x2 x4
b2 TPR x3 "now"
b2 Theme x2 x5
b2 Time x2 x3
b2 give "v.03" x2
b2 time "n.08" x3
b3 REF x4
b3 PRESUPPOSITION b2
b3 male "n.02" x4
b2 REF x5
b2 Quantity x5 "2"
b2 Unit x5 "pound"
b2 measure "n.02" x5

b1 REF x1
b1 PRESUPPOSITION b2
b1 male "n.02" x1
b2 REF x2
b2 Agent x2 x1
b2 Time x2 x3
b2 smile "v.01" x2
b2 REF x3
b2 TPR x3 "now"
b2 time "n.08" x3
b2 CONTINUATION b3
b3 REF x4
b3 Agent x4 x1
b3 Time x4 x3
b3 sit_down "v.01" x4

b1 REF x1
b1 thing "n.01" x1
b1 REF x2
b1 TPR x2 "now"
b1 Time x3 x2
b1 time "n.08" x2
b1 REF x3
b1 Theme x3 x1
b1 look "v.01" x3

b1 REF x1
b1 PRESUPPOSITION b2
b1 man "n.01" x1
b2 REF x2
b2 PRESUPPOSITION b3
b2 PartOf x2 x1
b2 hair "n.01" x2
b3 REF x3
b3 EQU x3 "now"
b3 Time x4 x3
b3 time "n.08" x3
b3 REF x4
b3 Colour x2 x4
b3 black "a.01" x4

b1 REF x1
b1 Agent x1 "hearer"
b1 Theme x1 x2
b1 turn "v.01" x1
b2 REF x2
b2 Creator x2 "hearer"
b2 PRESUPPOSITION b1
b2 hearing_aid "n.01" x2

b1 REF x1
b1 TPR "now" x1
b1 time "n.08" x1
b2 Time x2 x1
b2 REF x2
b2 Agent x2 "hearer"
b2 Theme x2 x3
b2 demanding "v.01" x2
b1 NEGATION b2
b2 REF x3
b2 entity "n.01" x3
b2 SubOf x3 "speaker"

b1 REF x1
b1 horse "n.01" x1
b1 REF x2
b1 REF x3
b1 Agent x2 x1
b1 Patient x2 x4
b1 TPR x3 "now"
b1 Time x2 x3
b1 throw "v.01" x2
b1 time "n.08" x3
b1 REF x4
b1 shoe "n.01" x4

b1 REF x1
b1 REF x2
b1 MadeOf x1 x2
b1 tube "n.03" x2
b1 train "n.01" x1
b1 REF x3
b1 REF x4
b1 Agent x3 x1
b1 TPR x4 "now"
b1 Theme x3 x6
b1 Time x3 x4
b1 take "v.24" x3
b1 time "n.08" x4
b2 REF x5
b2 PRESUPPOSITION b3
b2 male "n.02" x5
b3 REF x6
b3 PRESUPPOSITION b1
b3 PartOf x6 x5
b3 leg "n.01" x6

b1 REF x1
b1 EQU x1 "5"
b1 REF x2
b1 TPR "now" x2
b1 Time x3 x2
b1 time "n.08" x2
b1 REF x3
b1 Agent x3 x1
b1 listen "v.01" x3
b1 Theme x3 x4
b1 REF x4
b1 sure "n.01" x4

b1 REF x1
b1 PRESUPPOSITION b2
b1 male "n.02" x1
b3 REF x2
b3 REF x3
b3 Agent x2 x1
b3 TPR x3 "now"
b3 Theme x2 x4
b3 Time x2 x3
b3 feel "v.01" x2
b3 time "n.08" x3
b2 REF x4
b2 Creator x4 x1
b2 PRESUPPOSITION b3
b2 anger "n.01" x4
b3 REF x5
b3 REF x6
b3 TPR x6 "now"
b3 Theme x5 x4
b3 Time x5 x6
b3 time "n.08" x6

b1 REF x1
b1 PRESUPPOSITION b2
b1 Name x1 "harry"
b1 male "n.02" x1
b3 REF x2
b3 REF x3
b3 Agent x2 x1
b3 TPR x3 "now"
b3 Time x2 x3
b3 smile "v.02" x2
b3 time "n.08" x3
b3 Recipient x2 x4
b2 REF x4
b2 Of x5 x1
b2 REF x5
b2 PRESUPPOSITION b3
b2 Role x4 x5
b2 person "n.01" x4

b1 REF x1
b1 PRESUPPOSITION b2
b1 male "n.02" x1
b3 NECESSITY b4
b4 REF x2
b4 Agent x2 x1
b4 Theme x2 x3
b4 put_on "v.01" x2
b3 REF x3
b3 PRESUPPOSITION b4
b3 User x3 x1
b3 place "n.01" x3

b1 REF x1
b1 PRESUPPOSITION b2
b1 male "n.02" x1
b2 REF x2
b2 Agent x2 x1
b2 Time x2 x3
b2 shout "v.01" x2
b2 REF x3
b2 TPR x3 "now"
b2 time "n.08" x3
b2 CONTINUATION b3
b4 REF x4
b4 PRESUPPOSITION b3
b4 call "n.01" x4
b3 REF x5
b3 Theme x5 x4
b3 Time x5 x3
b3 cease "v.01" x5

b1 REF x1
b1 PRESUPPOSITION b2
b1 male "n.02" x1
b3 REF x2
b3 REF x3
b3 Agent x2 x1
b3 EQU x3 "now"
b3 Theme x2 x4
b3 Time x2 x3
b3 time "n.08" x3
b3 use "v.01" x2
b2 REF x4
b2 PRESUPPOSITION b3
b2 User x4 x1
b2 belt "n.01" x4
b3 Destination x2 "hearer"

b1 REF x1
b1 PRESUPPOSITION b2
b1 male "n.02" x1
b3 REF x2
b3 REF x3
b3 Experiencer x2 x1
b3 Patient x2 x4
b3 TPR x3 "now"
b3 Time x2 x3
b3 break "v.57" x2
b3 time "n.08" x3
b2 REF x4
b2 PRESUPPOSITION b3
b2 PartOf x4 x1
b2 wrist "n.01" x4
b3 REF x5
b3 Manner x2 x5
b3 badly "a.01" x5

b1 REF x1
b1 EQU x1 "now"
b1 Time x2 x1
b1 time "n.08" x1
b1 REF x2
b1 Experiencer x2 "speaker"
b1 touched "a.02" x2
b1 Context x2 x3
b1 REF x3
b1 place "n.01" x3

b1 REF x1
b1 EQU x1 "now"
b1 Time x2 x1
b1 time "n.08" x1
b2 NEGATION b1
b1 REF x2
b1 REF x3
b1 ATTRIBUTION b3
b1 Pivot x2 "speaker"
b1 Theme x2 x3
b1 proposition "n.01" x3
b1 want "v.01" x2
b3 REF x4
b3 Experiencer x4 "speaker"
b3 Stimulus x4 x5
b3 hear "v.01" x4
b4 REF x5
b4 PRESUPPOSITION b3
b4 entity "n.01" x5

b1 REF x1
b1 REF x2
b1 ATTRIBUTION b2
b1 Experiencer x1 "speaker"
b1 Stimulus x1 x2
b1 Time x1 x3
b1 know "v.01" x1
b1 proposition "n.01" x2
b1 REF x3
b1 TPR x3 "now"
b1 time "n.08" x3
b2 REF x4
b2 Experiencer x4 "speaker"
b2 Stimulus x4 x5
b2 Time x4 x3
b2 hear "v.01" x4
b3 REF x5
b3 Creator x5 "hearer"
b3 PRESUPPOSITION b2
b3 voice "n.02" x5

b1 TPR "now" x1
b1 Time x2 x1
b1 REF x1
b1 time "n.08" x1
b2 NEGATION b1
b1 REF x2
b1 REF x3
b1 ATTRIBUTION b3
b1 Pivot x2 "speaker"
b1 Theme x2 x3
b1 proposition "n.01" x3
b1 want "v.01" x2
b3 REF x4
b3 Agent x4 "speaker"
b3 Theme x4 x5
b3 miss "v.01" x4
b4 REF x5
b4 PRESUPPOSITION b3
b4 this "n.01" x5

b1 REF x1
b1 Name x1 "jack"
b1 PRESUPPOSITION b2
b1 male "n.02" x1
b2 REF x2
b2 REF x3
b2 TPR x3 "now"
b2 Theme x2 x1
b2 Time x2 x3
b2 time "n.08" x3
b2 walk "v.01" x2
b2 Recipient x2 x4
b3 REF x4
b3 PRESUPPOSITION b2
b3 door "n.01" x4

b1 REF x1
b1 PRESUPPOSITION b2
b1 male "n.02" x1
b2 REF x2
b2 Agent x2 x1
b2 Time x2 x3
b2 sit_down "v.01" x2
b2 REF x3
b2 TPR x3 "now"
b2 time "n.08" x3
b2 CONTINUATION b3
b3 REF x4
b3 Experiencer x4 x1
b3 Time x4 x3
b3 shiver "v.01" x4

b1 REF x1
b1 PRESUPPOSITION b2
b1 female "n.02" x1
b3 POSSIBILITY b2
b3 NEGATION b2
b2 REF x2
b2 Agent x2 x1
b2 Theme x2 x3
b2 feel "v.01" x2
b2 REF x3
b2 name "n.01" x3

b1 REF x1
b1 REF x2
b1 Attribute x1 x2
b1 bored "a.01" x2
b1 REF x3
b1 Attribute x1 x3
b1 PRESUPPOSITION b2
b1 look "a.01" x3
b1 REF x4
b1 PRESUPPOSITION b3
b1 Theme x4 x1
b1 look "v.01" x4
b1 REF x5
b1 Role x1 x5
b1 person "n.01" x1
b1 soldier "n.01" x5
b3 REF x6
b3 TPR x6 "now"
b3 Time x7 x6
b3 time "n.08" x6
b3 REF x7
b3 Agent x7 x2
b3 point "v.01" x7

b1 REF x1
b1 PRESUPPOSITION b2
b1 campaign "n.01" x1
b2 REF x2
b2 TPR "now" x2
b2 Time x3 x2
b2 time "n.08" x2
b2 REF x3
b2 Agent x3 x1
b2 pay "v.01" x3
b2 Theme x3 x4
b3 REF x4
b3 PRESUPPOSITION b2
b3 entity "n.02" x4

b1 REF x1
b1 PRESUPPOSITION b2
b1 person "n.01" x1
b2 REF x2
b2 REF x3
b2 REF x4
b2 ATTRIBUTION b3
b2 Agent x2 x1
b2 EQU x4 "now"
b2 Time x2 x4
b2 Topic x2 x3
b2 be "v.01" x2
b2 proposition "n.01" x3
b2 time "n.08" x4
b3 REF x5
b3 Theme x5 x1
b3 ride "v.01" x5
b3 Causer x5 x6
b3 REF x6
b3 Co-Theme x6 x7
b3 Theme x6 x1
b3 meet "v.01" x6
b4 REF x7
b4 PRESUPPOSITION b3
b4 person "n.01" x7

b1 REF x1
b1 Degree x2 x1
b1 barely "r.01" x1
b1 REF x2
b1 REF x3
b1 TPR x3 "now"
b1 Theme x2 "speaker"
b1 Time x2 x3
b1 escape "v.01" x2
b1 time "n.08" x3
b1 Co-Theme x2 x4
b2 REF x4
b2 Of x4 "speaker"
b2 PRESUPPOSITION b1
b2 life "n.01" x4

b1 REF x1
b1 TPR x1 "now"
b1 Time x2 x1
b1 time "n.08" x1
b1 REF x2
b1 Agent x2 "speaker"
b1 Patient x2 x3
b1 travel "v.01" x2
b1 REF x3
b1 REF x4
b1 REF x5
b1 LES x4 x5
b1 Quantity x3 x4
b1 quantity "n.01" x4
b1 quantity "n.01" x5
b1 EQU x5 "3"
b1 Unit x3 "day"
b1 measure "n.02" x3

b1 REF x1
b1 Name x1 "alice"
b1 PRESUPPOSITION b2
b1 female "n.02" x1
b2 REF x2
b2 EQU x2 "now"
b2 Time x3 x2
b2 time "n.08" x2
b2 REF x3
b2 Agent x3 x1
b2 look "v.04" x3
b2 Theme x3 x4
b2 REF x4
b2 location "n.01" x4
b2 Causer x3 x5
b2 REF x5
b2 Theme x5 x1
b2 live "v.01" x5

b1 REF x1
b1 PRESUPPOSITION b2
b1 person "n.01" x1
b2 REF x2
b2 REF x3
b2 ATTRIBUTION b3
b2 Agent x2 x1
b2 TPR x4 "now"
b2 Time x2 x4
b2 Topic x2 x3
b2 forget "v.01" x2
b2 proposition "n.01" x3
b2 REF x4
b2 time "n.08" x4
b3 REF x5
b3 Agent x5 x1
b3 shave "v.01" x5
b3 Time x5 x4
b2 morning "n.01" x4

b1 REF x1
b1 Pivot x1 "hearer"
b1 Theme x1 x2
b1 have "v.01" x1
b1 REF x2
b1 carriage "n.01" x2
b1 REF x3
b1 REF x4
b1 TPR x4 "now"
b1 Theme x3 x2
b1 Time x3 x4
b1 time "n.08" x4
b1 Co-Theme x3 "speaker"

b1 REF x1
b1 PRESUPPOSITION b2
b1 male "n.02" x1
b3 POSSIBILITY b2
b4 REF x2
b4 EQU x2 "now"
b4 Time x3 x2
b4 time "n.08" x2
b2 NEGATION b4
b4 REF x3
b4 REF x4
b4 ATTRIBUTION b5
b4 Agent x3 x1
b4 Recipient x3 x5
b4 Topic x3 x4
b4 proposition "n.01" x4
b4 want "v.01" x3
b4 REF x5
b4 person "n.01" x5
b5 REF x6
b5 Experiencer x6 x5
b5 know "v.01" x6

b1 REF x1
b1 PRESUPPOSITION b2
b1 male "n.02" x1
b2 REF x2
b2 REF x3
b2 Agent x2 x1
b2 TPR x3 "now"
b2 Theme x2 x4
b2 Time x2 x3
b2 put "v.01" x2
b2 time "n.08" x3
b3 REF x4
b3 PRESUPPOSITION b2
b3 fork "n.01" x4
b2 Destination x2 x5
b4 REF x5
b4 PRESUPPOSITION b2
b4 table "n.02" x5

b1 REF x1
b1 TPR "now" x1
b1 Time x2 x1
b1 time "n.08" x1
b1 REF x2
b1 Agent x2 "speaker"
b1 Recipient x2 x3
b1 Theme x2 x4
b1 give "v.01" x2
b2 REF x3
b2 PRESUPPOSITION b1
b2 male "n.02" x3
b1 REF x4
b1 Attribute x4 x3
b1 more "a.01" x4
b1 Instrument x4 x5
b1 REF x5
b1 slap "n.01" x5

b1 REF x1
b1 PRESUPPOSITION b2
b1 male "n.02" x1
b2 REF x2
b2 Agent x2 x1
b2 Time x2 x3
b2 nod "v.01" x2
b2 REF x3
b2 TPR x3 "now"
b2 time "n.08" x3
b2 CONTINUATION b3
b3 REF x4
b3 Theme x4 x1
b3 Time x4 x3
b3 stand "v.01" x4
b3 Location x4 x5
b4 REF x5
b4 PRESUPPOSITION b3
b4 counter "n.01" x5

b1 REF x1
b1 look "n.01" x1
b1 REF x2
b1 Location x2 x3
b1 Theme x2 x1
b1 like "a.01" x2
b1 REF x3
b1 walk "n.01" x3
b1 REF x4
b1 TPR x4 "now"
b1 Time x2 x4
b1 time "n.08" x4
b2 REF x5
b2 PRESUPPOSITION b1
b2 trick "n.01" x5

b1 REF x1
b1 PRESUPPOSITION b2
b1 Name x1 "sam"
b1 male "n.02" x1
b2 Time x3 x2
b2 REF x2
b2 TPR x2 "now"
b2 time "n.08" x2
b2 REF x3
b2 Experiencer x3 x1
b2 proud "a.01" x3
b2 REF x4
b2 Theme x4 x1
b2 Time x4 x2
b2 go "v.01" x4

b1 Name x1 "scott"
b1 PRESUPPOSITION b2
b1 REF x1
b1 male "n.02" x1
b2 REF x2
b2 Agent x2 x1
b2 Time x2 x3
b2 get_up "v.02" x2
b2 REF x3
b2 TPR x3 "now"
b2 time "n.08" x3
b2 CONTINUATION b3
b3 REF x4
b3 Agent x4 x1
b3 Source x4 x5
b3 Time x4 x3
b3 wash "v.03" x4
b1 PRESUPPOSITION b4
b4 REF x5
b4 Consumer x5 x1
b4 PRESUPPOSITION b3
b4 plate "n.04" x5

b1 REF x1
b1 Name x1 "simon"
b1 PRESUPPOSITION b2
b1 male "n.02" x1
b2 REF x2
b2 Agent x2 x1
b2 Time x2 x3
b2 nod "v.01" x2
b2 REF x3
b2 TPR x3 "now"
b2 time "n.08" x3
b2 CONTINUATION b3
b3 REF x4
b3 Theme x4 x1
b3 Time x4 x3
b3 walk "v.01" x4
b3 Destination x4 x5
b4 REF x5
b4 PRESUPPOSITION b3
b4 room "n.01" x5

b1 REF x1
b1 Name x1 "steve"
b1 PRESUPPOSITION b2
b1 person "n.01" x1
b2 REF x2
b2 REF x3
b2 Agent x2 x1
b2 TPR x3 "now"
b2 Time x2 x3
b2 sit_down "v.01" x2
b2 time "n.08" x3
b2 Causer x2 x4
b2 REF x4
b2 Agent x4 x1
b2 Patient x4 x5
b2 eat "v.01" x4
b3 REF x5
b3 Consumer x5 x1
b3 PRESUPPOSITION b2
b3 lunch "n.01" x5

b1 REF x1
b1 PRESUPPOSITION b2
b1 Name x1 "ted"
b1 male "n.02" x1
b3 REF x2
b3 Agent x2 x1
b3 Time x2 x3
b3 smile "v.01" x2
b3 REF x3
b3 TPR x3 "now"
b3 time "n.08" x3
b3 CONTINUATION b4
b4 REF x4
b4 Experiencer x4 x1
b4 Patient x4 x5
b4 Time x4 x3
b4 bite "v.01" x4
b2 PRESUPPOSITION b5
b5 REF x5
b5 Consumer x5 x1
b5 PRESUPPOSITION b4

b1 Name x1 "thomas"
b1 PRESUPPOSITION b2
b1 REF x1
b1 male "n.02" x1
b2 REF x2
b2 Theme x2 x1
b2 Time x2 x3
b2 step "v.01" x2
b2 REF x3
b2 TPR x3 "now"
b2 time "n.08" x3
b2 CONTINUATION b3
b3 REF x4
b3 Agent x4 x1
b3 Patient x4 x5
b3 Time x4 x3
b3 shake "v.01" x4
b1 PRESUPPOSITION b4
b4 REF x5
b4 PRESUPPOSITION b3
b4 PartOf x5 x1
b4 head "n.01" x5

b1 PRESUPPOSITION b2
b1 REF x1
b1 Name x1 "tom"
b1 male "n.02" x1
b3 REF x2
b3 Agent x2 x1
b3 Time x2 x3
b3 stand "v.01" x2
b3 REF x3
b3 TPR x3 "now"
b3 time "n.08" x3
b3 CONTINUATION b4
b4 REF x4
b4 Agent x4 x1
b4 Source x4 x5
b4 Time x4 x3
b4 wipe "v.01" x4
b2 PRESUPPOSITION b5
b5 REF x5
b5 PRESUPPOSITION b4
b5 User x5 x1
b5 jean "n.01" x5

b1 REF x1
b1 PRESUPPOSITION b2
b1 Name x1 "tony"
b1 male "n.02" x1
b3 REF x2
b3 REF x3
b3 TPR x3 "now"
b3 Theme x2 x1
b3 Time x2 x3
b3 stop "v.01" x2
b3 time "n.08" x3
b3 Time x2 x4
b2 REF x4
b2 PRESUPPOSITION b3
b2 User x4 x1
b2 Order x4 "1"
b2 arrival "n.02" x4

b1 REF x1
b1 Manner x3 x1
b1 normally "r.01" x1
b2 REF x2
b2 PRESUPPOSITION b1
b2 person "n.01" x2
b1 REF x3
b1 REF x4
b1 REF x5
b1 ATTRIBUTION b3
b1 EQU x5 "now"
b1 Pivot x3 x2
b1 Theme x3 x4
b1 Time x3 x5
b1 proposition "n.01" x4
b1 time "n.08" x5
b1 want "v.01" x3
b3 REF x6
b3 Agent x6 x2
b3 Patient x6 x7
b3 cut "v.01" x6
b3 REF x7
b3 thing "n.01" x7

b1 REF x1
b1 REF x2
b1 Attribute x1 x2
b1 powerful "a.01" x2
b1 Location x2 x3
b2 REF x3
b2 REF x4
b2 Attribute x3 x4
b2 PRESUPPOSITION b1
b2 wrong "a.01" x4
b2 hand "n.01" x3
b1 REF x5
b1 Co-Theme x5 x6
b1 Theme x5 x1
b1 be "v.01" x5
b3 REF x6
b3 PRESUPPOSITION b1
b3 entity "n.01" x6

b1 PRESUPPOSITION b2
b1 REF x1
b1 female "n.02" x1
b2 REF x2
b2 REF x3
b2 REF x4
b2 ATTRIBUTION b3
b2 Agent x2 x1
b2 TPR x4 "now"
b2 Theme x2 x3
b2 Time x2 x4
b2 proposition "n.01" x3
b2 refuse "v.01" x2
b2 time "n.08" x4
b3 REF x5
b3 Agent x5 x1
b3 Theme x5 x6
b3 leave "v.01" x5
b1 PRESUPPOSITION b4
b4 REF x6
b4 PRESUPPOSITION b3
b4 User x6 x1
b4 home "n.01" x6

b1 REF x1
b1 PRESUPPOSITION b2
b1 female "n.02" x1
b2 REF x2
b2 REF x3
b2 Agent x2 x1
b2 Patient x2 x5
b2 TPR x3 "now"
b2 Time x2 x3
b2 hide "v.01" x2
b2 time "n.08" x3
b3 REF x4
b3 PRESUPPOSITION b2
b3 box "n.01" x4
b2 REF x5
b2 Sub x5 x4
b2 Sub x5 x6
b2 entity "n.01" x5
b2 REF x6
b2 match "n.02" x6
b2 REF x7
b2 Manner x2 x7
b2 well "a.01" x7

b1 REF x1
b1 REF x2
b1 Attribute x1 x2
b1 bored "a.01" x2
b1 REF x3
b1 Attribute x1 x3
b1 PRESUPPOSITION b2
b1 look "a.01" x3
b1 REF x4
b1 PRESUPPOSITION b3
b1 Theme x4 x1
b1 look "v.01" x4
b1 REF x5
b1 Role x1 x5
b1 person "n.01" x1
b1 soldier "n.01" x5
b3 REF x6
b3 REF x7
b3 PartOf x6 x8
b3 TPR x7 "now"
b3 Time x6 x7
b3 continue "v.01" x6
b3 time "n.08" x7
b3 REF x8
b3 Attribute x8 x9
b3 Theme x8 x1
b3 listen "v.01" x8
b3 REF x9
b3 Experiencer x9 x2
b3 bored "a.01" x9

b1 REF x1
b1 PRESUPPOSITION b2
b1 dead "n.01" x1
b3 NECESSITY b4
b2 NEGATION b3
b4 REF x2
b4 Agent x2 x1
b4 Patient x2 x3
b4 kill "v.01" x2
b5 REF x3
b5 PRESUPPOSITION b4
b5 living "n.01" x3

b1 REF x1
b1 REF x2
b1 PRESUPPOSITION b2
b1 Role x1 x2
b1 person "n.01" x1
b2 REF x3
b2 REF x4
b2 TPR x4 "now"
b2 Theme x3 x1
b2 Time x3 x4
b2 time "n.08" x4
b2 walk "v.01" x3
b2 Path x3 x5
b3 REF x5
b3 PRESUPPOSITION b2
b3 row "n.01" x5

b1 REF x1
b1 PRESUPPOSITION b2
b1 van "n.05" x1
b2 REF x2
b2 REF x3
b2 Co-Theme x2 x4
b2 EQU x3 "now"
b2 Theme x2 x1
b2 Time x2 x3
b2 be "v.02" x2
b2 time "n.08" x3
b3 REF x4
b3 Creator x4 "hearer"
b3 PRESUPPOSITION b2
b3 lead "n.02" x4
b2 CONTINUATION b4
b4 REF x5
b4 Agent x5 x1
b4 Theme x5 x6
b4 follow "v.01" x5
b5 REF x6
b5 PRESUPPOSITION b4
b5 entity "n.01" x6

b1 REF x1
b1 Agent x1 "hearer"
b1 EQU x2 "now"
b1 Time "v.01" x1
b1 Time x1 x2
b1 time "n.08" x2
b1 REF x2
b1 REF x3
b1 Theme x3 x2
b1 early "a.01" x3
b1 PartOf x3 x2
b1 morning "n.01" x2

b1 Time x3 x1
b1 REF x1
b1 lunch "n.01" x1
b2 PRESUPPOSITION b1
b2 REF x2
b2 male "n.02" x2
b1 Time x4 x3
b1 REF x3
b1 TPR x3 "now"
b1 time "n.08" x3
b1 REF x4
b1 REF x5
b1 ATTRIBUTION b3
b1 Recipient x4 x5
b1 Topic x4 x2
b1 proposition "n.01" x5
b1 tell "v.01" x4
b2 PRESUPPOSITION b3
b3 REF x6
b3 Experiencer x6 x2
b3 Stimulus x6 x7
b3 Time x6 x3
b3 have "v.01" x6
b3 REF x7
b3 REF x8
b3 Role x7 x8
b3 person "n.01" x7
b3 visitor "n.01" x8

b1 REF x1
b1 Name x1 "albert"
b1 PRESUPPOSITION b2
b1 male "n.02" x1
b2 REF x2
b2 Agent x2 x1
b2 Time x2 x3
b2 speak "v.02" x2
b2 REF x3
b2 TPR x3 "now"
b2 time "n.08" x3
b2 TPR x2 x5
b3 REF x4
b3 Name x4 "barbara"
b3 PRESUPPOSITION b2
b3 female "n.02" x4
b2 REF x5
b2 Experiencer x5 x4
b2 Stimulus x5 x6
b2 Time x5 x3
b2 have "v.01" x5
b2 REF x6
b2 chance "n.01" x6

b1 REF x1
b1 Theme x1 "hearer"
b1 come "v.01" x1
b1 Location x1 x2
b1 REF x2
b1 wall "n.01" x2
b1 REF x3
b1 Agent x3 x2
b1 Theme x3 x4
b1 escape "v.01" x3
b2 REF x4
b2 REF x5
b2 PRESUPPOSITION b1
b2 Role x4 x5
b2 enemy "n.01" x5
b2 person "n.01" x4

b1 REF x1
b1 Agent x1 "speaker"
b1 Theme x1 "speaker"
b1 follow "v.01" x1
b1 REF x2
b1 Manner x1 x2
b1 closely "r.01" x2
b1 CONTINUATION b2
b2 REF x3
b2 Theme x3 "hearer"
b2 watch "v.01" x3
b2 Co-Theme x3 x5
b3 REF x4
b3 PRESUPPOSITION b4
b3 person "n.01" x4
b4 REF x5
b4 Of x6 x4
b4 REF x6
b4 PRESUPPOSITION b2
b4 Role x5 x6
b4 leader "n.01" x6
b4 person "n.01" x5

b1 REF x1
b1 PRESUPPOSITION b2
b1 male "n.02" x1
b2 REF x2
b2 REF x3
b2 Agent x2 x1
b2 TPR x3 "now"
b2 Time x2 x3
b2 call "v.01" x2
b2 time "n.08" x3
b2 CONTRAST b3
b4 REF x4
b4 PRESUPPOSITION b3
b4 female "n.02" x4
b3 REF x5
b3 TPR x5 "now"
b3 time "n.08" x5
b5 Time x6 x5
b3 NEGATION b5
b5 REF x6
b5 Agent x6 x4
b5 move "v.02" x6

b1 REF x1
b1 PRESUPPOSITION b2
b1 male "n.02" x1
b2 REF x2
b2 Agent x2 x1
b2 Time x2 x3
b2 sit_down "v.01" x2
b2 REF x3
b2 TPR x3 "now"
b2 time "n.08" x3
b2 CONTINUATION b3
b3 REF x4
b3 PartOf x4 x5
b3 Time x4 x3
b3 begin "v.01" x4
b3 REF x5
b3 Agent x5 x1
b3 Patient x5 x6
b3 eat "v.01" x5
b3 REF x6
b3 breakfast "n.01" x6

b1 REF x1
b1 PRESUPPOSITION b2
b1 male "n.02" x1
b2 REF x2
b2 REF x3
b2 Agent x2 x1
b2 Patient x2 x4
b2 TPR x3 "now"
b2 Time x2 x3
b2 slam "v.01" x2
b2 time "n.08" x3
b3 REF x4
b3 PRESUPPOSITION b2
b3 knife "n.01" x4
b2 Patient x2 x5
b4 REF x5
b4 PRESUPPOSITION b2
b4 lamb "n.01" x5

b1 REF x1
b1 PRESUPPOSITION b2
b1 male "n.02" x1
b3 REF x2
b3 REF x3
b3 TPR x3 "now"
b3 Theme x2 x1
b3 Time x2 x3
b3 stagger "v.01" x2
b3 time "n.08" x3
b3 Destination x2 x4
b4 REF x4
b4 PRESUPPOSITION b3
b4 chair "n.01" x4
b3 Destination x2 x5
b2 REF x5
b2 PRESUPPOSITION b3
b2 User x5 x1
b2 desk "n.01" x5

b1 REF x1
b1 EQU x1 "now"
b1 time "n.08" x1
b2 Time x2 x1
b1 NEGATION b2
b2 REF x2
b2 Agent x2 "speaker"
b2 Recipient x2 x3
b2 Theme x2 x4
b2 save "v.01" x2
b3 REF x3
b3 PRESUPPOSITION b2
b3 bird "n.01" x3
b2 REF x4
b2 kill "n.01" x4

b1 REF x1
b1 REF x2
b1 ATTRIBUTION b2
b1 Agent x1 "speaker"
b1 Theme x1 x2
b1 Time x1 x3
b1 proposition "n.01" x2
b1 think "v.01" x1
b1 REF x3
b1 EQU x3 "now"
b1 time "n.08" x3
b3 REF x4
b3 Of x5 "speaker"
b3 PRESUPPOSITION b4
b3 REF x5
b3 PRESUPPOSITION b2
b3 Role x4 x5
b3 friend "n.01" x5
b3 person "n.01" x4
b4 REF x6
b4 Bearer x6 x4
b4 demand "n.01" x6
b4 Time x6 x3

b1 REF x1
b1 TPR "now" x1
b1 Time x2 x1
b1 time "n.08" x1
b1 REF x2
b1 Agent x2 "speaker"
b1 Theme x2 x3
b1 leave "v.01" x2
b2 REF x3
b2 REF x4
b2 Attribute x3 x4
b2 PRESUPPOSITION b1
b2 poor "a.01" x4
b2 person "n.01" x3
b1 Location x2 x5
b1 REF x5
b1 peace "n.01" x5

b1 REF x1
b1 PRESUPPOSITION b2
b1 male "n.02" x1
b2 REF x2
b2 Agent x2 x1
b2 Patient x2 x4
b2 Time x2 x3
b2 close "v.01" x2
b2 REF x3
b2 TPR x3 "now"
b2 time "n.08" x3
b3 REF x4
b3 PRESUPPOSITION b2
b3 door "n.01" x4
b2 CONTINUATION b4
b4 REF x5
b4 Agent x5 x1
b4 Theme x5 x6
b4 Time x5 x3
b4 take "v.01" x5
b4 REF x6
b4 breath "n.01" x6

b1 REF x1
b1 PRESUPPOSITION b2
b1 male "n.02" x1
b3 REF x2
b3 Agent x2 x1
b3 Time x2 x3
b3 sit_down "v.01" x2
b3 REF x3
b3 TPR x3 "now"
b3 time "n.08" x3
b3 CONTINUATION b4
b4 REF x4
b4 Agent x4 x1
b4 Time x4 x3
b4 pluck "v.05" x4
b4 Destination x4 x5
b2 PRESUPPOSITION b5
b5 REF x5
b5 Consumer x5 x1
b5 PRESUPPOSITION b4
b5 breakfast "n.01" x5

b1 REF x1
b1 PRESUPPOSITION b2
b1 male "n.02" x1
b2 REF x2
b2 REF x3
b2 Agent x2 x1
b2 TPR x3 "now"
b2 Time x2 x3
b2 stand "v.01" x2
b2 time "n.08" x3
b2 Beneficiary x2 x4
b3 REF x4
b3 PRESUPPOSITION b2
b3 wall "n.01" x4
b2 Causer x2 x5
b2 REF x5
b2 Experiencer x5 x1
b2 Value x5 x1
b2 steady "v.03" x5

b1 NEGATION b2
b2 REF x1
b2 person "n.01" x1
b3 person "n.01" x2
b2 NEQ x1 x2
b3 REF x2
b3 PRESUPPOSITION b2
b1 REF x3
b1 TPR x3 "now"
b1 time "n.08" x3
b2 REF x4
b2 Agent x4 x1
b2 Time x4 x3
b2 dare "v.02" x4
b2 REF x5
b2 Location x4 x5
b2 STI x5 x6
b2 location "n.01" x5
b4 REF x6
b4 PRESUPPOSITION b2
b4 ring "n.07" x6

b1 NEGATION b2
b2 REF x1
b2 entity "n.01" x1
b2 SubOf x1 x2
b3 REF x2
b3 PRESUPPOSITION b2
b3 city "n.01" x2
b1 REF x3
b1 EQU x3 "now"
b1 time "n.08" x3
b2 REF x4
b2 Theme x4 x1
b2 Time x4 x3
b2 dress "v.02" x4
b2 Co-Theme x4 x5
b4 REF x5
b4 PRESUPPOSITION b2
b4 entity "n.01" x5

b1 REF x1
b1 PRESUPPOSITION b2
b1 female "n.02" x1
b2 REF x2
b2 REF x3
b2 Experiencer x2 x1
b2 Stimulus x2 x4
b2 TPR x3 "now"
b2 Time x2 x3
b2 see "v.01" x2
b2 time "n.08" x3
b3 REF x4
b3 PRESUPPOSITION b2
b2 Location x2 x6
b4 REF x5
b4 PRESUPPOSITION b5
b4 male "n.02" x5
b5 REF x6
b5 PRESUPPOSITION b2
b5 PartOf x6 x5
b5 hand "n.01" x6

b1 REF x1
b1 PRESUPPOSITION b2
b1 female "n.02" x1
b2 REF x2
b2 TPR x2 "now"
b2 Time x3 x2
b2 time "n.08" x2
b2 REF x3
b2 Agent x3 x1
b2 smile "v.02" x3
b2 Location x3 x4
b3 REF x4
b3 PRESUPPOSITION b2
b3 dark "n.01" x4
b2 REF x5
b2 tooth "n.01" x5
b2 REF x6
b2 Patient x6 x5
b2 flash "v.01" x6

b1 REF x1
b1 Agent x1 "hearer"
b1 Patient x1 x3
b1 Time x1 x2
b1 shut "v.01" x1
b1 REF x2
b1 TPR x2 "now"
b1 time "n.08" x2
b2 REF x3
b2 Creator x3 "hearer"
b2 REF x4
b2 Attribute x3 x4
b2 PRESUPPOSITION b1
b2 smart "a.01" x4
b2 mouth "n.01" x3
b1 CONTINUATION b3
b3 REF x5
b3 Agent x5 "hearer"
b3 Time x5 x2
b3 sit_down "v.01" x5

b1 REF x1
b1 Agent x1 "hearer"
b1 Recipient x1 "speaker"
b1 Topic x1 x2
b1 tell "v.01" x1
b1 REF x2
b1 entity "n.01" x2
b1 REF x3
b1 Degree x4 x3
b1 really "r.01" x3
b1 REF x4
b1 REF x5
b1 TPR x5 "now"
b1 Theme x4 x2
b1 Time x4 x5
b1 happen "v.01" x4
b1 time "n.08" x5
b1 Destination x4 x6
b2 REF x6
b2 PRESUPPOSITION b1
b2 truck "n.01" x6

b1 REF x1
b1 PRESUPPOSITION b2
b1 door "n.01" x1
b2 Time x3 x2
b2 REF x2
b2 TPR x2 "now"
b2 time "n.08" x2
b2 REF x3
b2 Patient x3 x1
b2 open "v.01" x3
b3 REF x4
b3 PRESUPPOSITION b2
b3 male "n.02" x4
b2 REF x5
b2 Theme x5 x4
b2 Time x5 x2
b2 walk "v.01" x5

b1 REF x1
b1 TPR x1 "now"
b1 REF x2
b1 Source x2 x1
b1 scream "n.01" x1
b1 REF x3
b1 Sub x3 x1
b1 Sub x3 x4
b1 entity "n.01" x3
b1 REF x4
b1 poem "n.01" x4
b1 Theme x4 x5
b1 REF x5

b1 REF x1
b1 REF x2
b1 TPR "now" x2
b1 Time x1 x2
b1 time "n.08" x2
b1 Theme x1 x3
b1 kill "v.01" x1
b1 REF x3
b1 man "n.01" x3
b1 REF x4
b1 Agent x4 x3
b1 Patient x4 x5
b1 kill "v.01" x4
b1 REF x5
b1 answer "n.01" x5

b1 REF x1
b1 PRESUPPOSITION b2
b1 person "n.01" x1
b3 REF x2
b3 TPR x2 "now"
b3 time "n.08" x2
b2 Time x3 x2
b3 NECESSITY b2
b2 REF x3
b2 Agent x3 x1
b2 Theme x3 x4
b2 hold "v.02" x3
b2 REF x4
b2 hand "n.01" x4
b2 REF x5
b2 Location x3 x5
b2 SZP x6 x5
b2 location "n.01" x5
b4 REF x6
b4 PRESUPPOSITION b2
b4 table "n.02" x6

b1 REF x1
b1 PRESUPPOSITION b2
b1 female "n.02" x1
b2 REF x2
b2 REF x3
b2 Agent x2 x1
b2 EQU x3 "now"
b2 Time x2 x3
b2 teach "v.01" x2
b2 time "n.08" x3
b2 CONTINUATION b3
b3 REF x4
b3 REF x5
b3 REF x6
b3 ATTRIBUTION b4
b3 EQU x6 "now"
b3 Experiencer x4 x1
b3 Stimulus x4 x5
b3 Time x4 x6
b3 claim "v.01" x4
b3 proposition "n.01" x5
b3 time "n.08" x6
b4 REF x7
b4 Experiencer x7 x1
b4 Stimulus x7 x8
b4 hate "v.01" x7
b5 REF x8
b5 PRESUPPOSITION b4
b5 entity "n.01" x8

b1 REF x1
b1 Agent x1 "hearer"
b1 Patient x1 x2
b1 burn "v.01" x1
b2 PRESUPPOSITION b1
b2 REF x2
b2 male "n.02" x2
b1 REF x3
b1 EQU x3 "now"
b1 Time x4 x3
b1 time "n.08" x3
b1 NEGATION b3
b3 REF x4
b3 REF x5
b3 ATTRIBUTION b4
b3 Experiencer x4 x2
b3 Stimulus x4 x5
b3 proposition "n.01" x5
b3 wait "v.01" x4
b1 PRESUPPOSITION b3
b4 REF x6
b4 Theme x6 x2
b4 escape "v.01" x6

b1 Time x2 x1
b1 REF x1
b1 EQU x1 "now"
b1 time "n.08" x1
b2 NEGATION b1
b1 REF x2
b1 Patient x2 "hearer"
b1 die "v.01" x2
b1 Causer x2 x3
b1 REF x3
b1 cold "n.01" x3
b1 SXP x2 x4
b1 REF x4
b1 Patient x4 "hearer"
b1 Time x4 x1
b1 die "v.01" x4
b1 Context x4 x5
b1 REF x5
b1 battle "n.01" x5

b1 REF x1
b1 REF x2
b1 Attribute x2 x1
b1 good "a.01" x1
b1 god "n.01" x2
b1 EXPLANATION b2
b1 REF x3
b1 EQU x3 "now"
b1 time "n.08" x3
b2 Time x4 x3
b2 REF x4
b2 Agent x4 "hearer"
b2 watch "v.01" x4
b2 REF x5
b2 Agent x5 "hearer"
b2 Recipient x5 "speaker"
b2 Theme x5 x6
b2 give "v.03" x5
b2 REF x6
b2 strength "n.01" x6

b1 REF x1
b1 PRESUPPOSITION b2
b1 male "n.02" x1
b3 REF x2
b3 Agent x2 x1
b3 Patient x2 x4
b3 Time x2 x3
b3 fold "v.01" x2
b3 REF x3
b3 TPR x3 "now"
b3 time "n.08" x3
b2 REF x4
b2 PRESUPPOSITION b3
b2 PartOf x4 x1
b2 shoulder "n.01" x4
b3 CONTINUATION b4
b4 REF x5
b4 Agent x5 x1
b4 Theme x5 x6
b4 Time x5 x3
b4 swing "v.01" x5
b5 REF x6
b5 PRESUPPOSITION b4
b5 axe "n.01" x6

b1 PRESUPPOSITION b2
b1 REF x1
b1 male "n.02" x1
b2 REF x2
b2 Theme x2 x1
b2 Time x2 x3
b2 be "v.01" x2
b2 REF x3
b2 EQU x3 "now"
b2 time "n.08" x3
b2 Stimulus x2 x4
b2 REF x4
b2 sunrise "n.01" x4
b2 CONTINUATION b3
b3 REF x5
b3 Theme x5 x1
b3 Time x5 x3
b3 head "v.01" x5
b3 Destination x5 x6
b1 PRESUPPOSITION b4
b4 REF x6
b4 PRESUPPOSITION b3
b4 User x6 x1
b4 hall "n.03" x6

b1 PRESUPPOSITION b2
b1 REF x1
b1 male "n.02" x1
b2 REF x2
b2 Manner x3 x2
b2 just "a.01" x2
b2 REF x3
b2 REF x4
b2 ATTRIBUTION b3
b2 Experiencer x3 x1
b2 Stimulus x3 x4
b2 Time x3 x5
b2 proposition "n.01" x4
b2 wish "v.01" x3
b2 REF x5
b2 TPR x5 "now"
b2 time "n.08" x5
b1 PRESUPPOSITION b4
b3 POSSIBILITY b5
b5 REF x6
b5 Agent x6 x2
b5 talk "v.01" x6
b5 Co-Agent x6 x7
b2 PRESUPPOSITION b6
b6 REF x7
b6 Of x8 x2
b6 REF x8
b6 PRESUPPOSITION b5
b6 Role x7 x8
b6 dad "n.01" x8
b6 person "n.01" x7

b1 PRESUPPOSITION b2
b1 REF x1
b1 male "n.02" x1
b3 REF x2
b3 Agent x2 x1
b3 Theme x2 x4
b3 Time x2 x3
b3 lie "v.05" x2
b3 REF x3
b3 TPR x3 "now"
b3 time "n.08" x3
b2 REF x4
b2 PRESUPPOSITION b3
b2 User x4 x1
b2 sword "n.01" x4
b3 CONTINUATION b4
b4 REF x5
b4 Agent x5 x1
b4 Theme x5 x6
b4 Time x5 x3
b4 extend "v.01" x5
b1 PRESUPPOSITION b5
b5 REF x6
b5 PRESUPPOSITION b4
b5 PartOf x6 x1
b5 hand "n.01" x6

b1 REF x1
b1 PRESUPPOSITION b2
b1 male "n.02" x1
b2 REF x2
b2 Agent x2 x1
b2 Time x2 x3
b2 sigh "v.01" x2
b2 REF x3
b2 TPR x3 "now"
b2 time "n.08" x3
b2 CONTINUATION b3
b3 REF x4
b3 Theme x4 x1
b3 Time x4 x3
b3 walk "v.01" x4
b3 Destination x4 x5
b4 REF x5
b4 REF x6
b4 PRESUPPOSITION b3
b4 PartOf x5 x6
b4 wood "n.01" x6
b4 shop "n.01" x5

b1 REF x1
b1 PRESUPPOSITION b2
b1 male "n.02" x1
b2 REF x2
b2 Agent x2 x1
b2 Time x2 x3
b2 smile "v.01" x2
b2 REF x3
b2 TPR x3 "now"
b2 time "n.08" x3
b3 REF x4
b3 PRESUPPOSITION b2
b3 female "n.02" x4
b2 REF x5
b2 Agent x5 x4
b2 Theme x5 x6
b2 Time x5 x3
b2 let "v.01" x5
b2 REF x6
b2 REF x7
b2 Attribute x6 x7
b2 Value x7 "+"
b2 big "a.01" x7
b2 yawn "n.01" x6

b1 REF x1
b1 PRESUPPOSITION b2
b1 male "n.02" x1
b3 REF x2
b3 TPR x2 "now"
b3 Time x3 x2
b3 time "n.08" x2
b3 REF x3
b3 Experiencer x3 x1
b3 lean "v.02" x3
b3 Stimulus x3 x4
b2 REF x4
b2 PRESUPPOSITION b3
b2 User x4 x1
b2 truck "n.01" x4
b3 REF x5
b3 Agent x5 x1
b3 Patient x5 x6
b3 smoke "v.01" x5
b3 REF x6
b3 joint "n.01" x6

b1 REF x1
b1 TPR x1 "now"
b1 Time x2 x1
b1 time "n.08" x1
b1 REF x2
b1 Experiencer x2 "speaker"
b1 think "v.01" x2
b1 REF x3
b1 Stimulus x2 x4
b1 entity "n.01" x3
b1 REF x4
b1 Patient x4 x3
b1 Result x4 x5
b1 get "v.01" x4
b2 REF x5
b2 PRESUPPOSITION b1
b2 band "n.02" x5
b1 REF x6
b1 Theme x6 x5
b1 together "a.01" x6

b1 REF x1
b1 PRESUPPOSITION b2
b1 entity "n.01" x1
b2 REF x2
b2 REF x3
b2 Co-Theme x2 x4
b2 EQU x3 "now"
b2 Theme x2 x1
b2 Time x2 x3
b2 be "v.01" x2
b2 time "n.08" x3
b2 REF x4
b2 REF x5
b2 Attribute x4 x5
b2 narrow "n.01" x5
b2 ship "n.01" x4
b2 Quantity x2 "?"
b2 Participant x2 x6
b3 REF x6
b3 PRESUPPOSITION b2
b3 User x6 "speaker"
b3 own "n.01" x6

b1 REF x1
b1 PRESUPPOSITION b2
b1 male "n.02" x1
b2 REF x2
b2 REF x3
b2 Agent x2 x1
b2 TPR x3 "now"
b2 Theme x2 x4
b2 Time x2 x3
b2 place "v.03" x2
b2 time "n.08" x3
b3 REF x4
b3 PRESUPPOSITION b2
b3 bar "n.02" x4
b3 Theme x4 x5
b3 REF x5
b3 chocolate "n.02" x5
b2 Location x2 x6
b4 REF x6
b4 PRESUPPOSITION b2
b4 counter "n.01" x6

b1 REF x1
b1 Name x1 "john"
b1 PRESUPPOSITION b2
b1 male "n.02" x1
b2 REF x2
b2 REF x3
b2 Agent x2 x1
b2 Recipient x2 x4
b2 TPR x3 "now"
b2 Theme x2 x5
b2 Time x2 x3
b2 give "v.01" x2
b2 time "n.08" x3
b3 REF x4
b3 PRESUPPOSITION b2
b3 male "n.02" x4
b2 REF x5
b2 REF x6
b2 Attribute x5 x6
b2 strong "a.01" x6
b2 slap "n.01" x5
b2 Location x3 x7
b4 REF x7
b4 PRESUPPOSITION b2
b4 head "n.01" x7

b1 REF x1
b1 TPR "now" x1
b1 Time x2 x1
b1 time "n.08" x1
b1 REF x2
b1 Experiencer x2 "speaker"
b1 Stimulus x2 x3
b1 get "v.01" x2
b1 REF x3
b1 Attribute "speaker" x3
b1 out "a.01" x3
b1 CONTINUATION b2
b1 REF x4
b1 TPR "now" x4
b1 time "n.08" x4
b2 Time x5 x4
b2 REF x5
b2 Agent x5 "speaker"
b2 Beneficiary x5 "hearer"
b2 Theme x5 x6
b2 buy "v.01" x5
b2 REF x6
b2 drink "n.01" x6

b1 REF x1
b1 Agent x1 "hearer"
b1 Theme x1 x2
b1 have "v.01" x1
b2 REF x2
b2 PRESUPPOSITION b1
b2 gate "n.01" x2
b1 REF x3
b1 REF x4
b1 TPR x4 "now"
b1 Theme x3 x2
b1 Time x3 x4
b1 close "v.01" x3
b1 time "n.08" x4
b1 CONTINUATION b3
b3 REF x5
b3 Agent x5 "hearer"
b3 Theme x5 x6
b3 go "v.01" x5
b3 REF x6
b3 home "n.01" x6
b3 REF x7
b3 Manner x5 x7
b3 early "a.01" x7

b1 REF x1
b1 PRESUPPOSITION b2
b1 person "n.01" x1
b2 REF x2
b2 REF x3
b2 Agent x2 x1
b2 Patient x2 x4
b2 TPR x3 "now"
b2 Time x2 x3
b2 close "v.01" x2
b2 time "n.08" x3
b3 REF x4
b3 REF x5
b3 PRESUPPOSITION b2
b3 PartOf x4 x5
b3 office "n.01" x5
b3 door "n.01" x4
b2 Location x2 x6
b4 REF x6
b4 PRESUPPOSITION b2
b4 way "n.01" x6

b1 REF x1
b1 PRESUPPOSITION b2
b1 Name x1 "charles"
b1 male "n.02" x1
b3 REF x2
b3 TPR x2 "now"
b3 Time x3 x2
b3 time "n.08" x2
b3 REF x3
b3 Experiencer x3 x1
b3 sick "a.01" x3
b3 Stimulus x3 x4
b3 REF x4
b3 pit "n.01" x4
b3 PartOf x4 x5
b2 REF x5
b2 PRESUPPOSITION b3
b2 PartOf x5 x1
b2 stomach "n.01" x5

b1 PRESUPPOSITION b2
b1 REF x1
b1 male "n.02" x1
b3 REF x2
b3 Agent x2 x1
b3 Time x2 x3
b3 groan "v.01" x2
b3 REF x3
b3 TPR x3 "now"
b3 time "n.08" x3
b3 CONTINUATION b4
b4 REF x4
b4 Agent x4 x1
b4 Theme x4 x5
b4 Time x4 x3
b4 lie "v.01" x4
b2 PRESUPPOSITION b5
b5 REF x5
b5 PRESUPPOSITION b4
b5 PartOf x5 x1
b5 hand "n.01" x5
b4 Patient x4 x6
b6 REF x6
b6 PRESUPPOSITION b4
b6 PartOf x6 x1
b6 stomach "n.01" x6

b1 REF x1
b1 PRESUPPOSITION b2
b1 person "n.01" x1
b2 REF x2
b2 Agent x2 x1
b2 Patient x2 x4
b2 Time x2 x3
b2 kick "v.03" x2
b2 REF x3
b2 TPR x3 "now"
b2 time "n.08" x3
b3 PRESUPPOSITION b2
b3 REF x4
b3 male "n.02" x4
b2 Location x2 x5
b4 REF x5
b4 PRESUPPOSITION b2
b4 stomach "n.01" x5
b2 CONTINUATION b5
b6 REF x6
b6 Name x6 "paul"
b6 PRESUPPOSITION b5
b6 male "n.02" x6
b5 REF x7
b5 Agent x7 x6
b5 Time x7 x3
b5 groan "v.01" x7

b1 REF x1
b1 PRESUPPOSITION b2
b1 male "n.02" x1
b3 REF x2
b3 Agent x2 x1
b3 Patient x2 x4
b3 Time x2 x3
b3 open "v.01" x2
b3 REF x3
b3 TPR x3 "now"
b3 time "n.08" x3
b2 REF x4
b2 PRESUPPOSITION b3
b2 User x4 x1
b2 letter "n.01" x4
b3 CONTINUATION b4
b4 REF x5
b4 Agent x5 x1
b4 Theme x5 x6
b4 Time x5 x3
b4 find "v.01" x5
b4 REF x6
b4 photograph "n.01" x6

b1 REF x1
b1 PRESUPPOSITION b2
b1 male "n.02" x1
b2 REF x2
b2 REF x3
b2 Agent x2 x1
b2 TPR x3 "now"
b2 Theme x2 x4
b2 Time x2 x3
b2 take "v.01" x2
b2 time "n.08" x3
b2 REF x4
b2 breath "n.01" x4
b2 CONTINUATION b3
b3 REF x5
b3 REF x6
b3 ATTRIBUTION b4
b3 Pivot x5 x1
b3 Theme x5 x6
b3 Time x5 x7
b3 proposition "n.01" x6
b3 want "v.01" x5
b3 REF x7
b3 TPR x7 "now"
b3 time "n.08" x7
b4 Time x8 x7
b4 REF x8
b4 Attribute x4 x8
b4 sick "a.01" x8

b1 REF x1
b1 PRESUPPOSITION b2
b1 male "n.02" x1
b3 REF x2
b3 Agent x2 x1
b3 Patient x2 x4
b3 Time x2 x3
b3 wash "v.03" x2
b3 REF x3
b3 TPR x3 "now"
b3 time "n.08" x3
b2 REF x4
b2 PRESUPPOSITION b3
b2 PartOf x4 x1
b2 hand "n.01" x4
b3 CONTINUATION b4
b4 REF x5
b4 Agent x5 x1
b4 Patient x5 x6
b4 Time x5 x3
b4 kick "v.03" x5
b4 REF x6
b4 water "n.01" x6
b4 Recipient x5 x7
b5 REF x7
b5 Name x7 "bob"
b5 PRESUPPOSITION b4
b5 male "n.02" x7

b1 PRESUPPOSITION b2
b1 REF x1
b1 female "n.02" x1
b2 REF x2
b2 REF x3
b2 TPR x3 "now"
b2 Theme x2 x1
b2 Time x2 x3
b2 time "n.08" x3
b2 turn "v.01" x2
b2 CONTINUATION b3
b3 REF x4
b3 REF x5
b3 REF x6
b3 ATTRIBUTION b4
b3 Agent x4 x1
b3 Attribute x4 x5
b3 TPR x6 "now"
b3 Theme x4 x7
b3 Time x4 x6
b3 proposition "n.01" x5
b3 see "v.01" x4
b3 time "n.08" x6
b5 PRESUPPOSITION b3
b5 REF x7
b5 male "n.02" x7
b4 REF x8
b4 Theme x8 x7
b4 stand "v.01" x8
b4 Location x8 x9
b5 PRESUPPOSITION b6
b6 REF x9
b6 PRESUPPOSITION b4
b6 PartOf x9 x7
b6 path "n.01" x9

b1 REF x1
b1 PRESUPPOSITION b2
b1 person "n.01" x1
b2 REF x2
b2 Agent x2 x1
b2 Theme x2 x4
b2 Time x2 x3
b2 turn "v.01" x2
b2 REF x3
b2 TPR x3 "now"
b2 time "n.08" x3
b2 REF x4
b2 Manner x2 x4
b2 just "r.01" x4
b3 REF x5
b3 PRESUPPOSITION b2
b3 female "n.02" x5
b2 REF x6
b2 Theme x6 x5
b2 Time x6 x3
b2 walk "v.04" x6
b2 Destination x6 x7
b4 REF x7
b4 PRESUPPOSITION b2
b4 person "n.01" x7

b1 REF x1
b1 PRESUPPOSITION b2
b1 PartOf x1 x2
b3 REF x2
b3 PRESUPPOSITION b1
b3 female "n.02" x2
b1 hand "n.01" x1
b2 REF x3
b2 PRESUPPOSITION b1
b2 PartOf x3 x1
b2 hand "n.01" x3
b1 REF x4
b1 TPR x4 "now"
b1 Time x5 x4
b1 time "n.08" x4
b1 REF x5
b1 Agent x5 x3
b1 Theme x5 x6
b1 pound "v.01" x5
b4 REF x6
b4 PRESUPPOSITION b1
b4 chair "n.01" x6

b1 PRESUPPOSITION b2
b1 REF x1
b1 Name x1 "peter"
b1 male "n.02" x1
b3 REF x2
b3 Experiencer x2 x1
b3 Stimulus x2 x4
b3 Time x2 x3
b3 hear "v.01" x2
b1 REF x3
b1 TPR x3 "now"
b1 time "n.08" x3
b2 PRESUPPOSITION b1
b3 ALTERNATION b4
b5 REF x4
b5 Name x4 "bible"
b5 PRESUPPOSITION b4
b5 person "n.01" x4
b6 Time x5 x2
b4 NEGATION b6
b6 REF x5
b6 Agent x5 x4
b6 care "v.01" x5

b1 REF x1
b1 Agent x1 "hearer"
b1 Recipient x1 "speaker"
b1 Theme x1 x2
b1 give "v.01" x1
b1 REF x2
b1 lady "n.01" x2
b1 CONTINUATION b2
b1 REF x3
b1 TPR "now" x3
b1 time "n.08" x3
b2 Time x4 x3
b2 REF x4
b2 Agent x4 "speaker"
b2 Theme x4 x5
b2 follow "v.01" x4
b3 REF x5
b3 PRESUPPOSITION b2
b3 entity "n.01" x5

b1 CONDITION b2
b2 REF x1
b2 CONSEQUENCE b3
b2 PartOf x1 x2
b2 entity "n.01" x1
b1 REF x2
b1 bowl "n.01" x2
b1 Source x2 x3
b4 REF x3
b4 REF x4
b4 Attribute x3 x4
b4 PRESUPPOSITION b1
b4 empty "a.01" x4
b4 table "n.01" x3
b1 REF x5
b1 EQU x5 "now"
b1 time "n.08" x5
b3 Time x6 x5
b3 REF x6
b3 Theme x6 x1
b3 clear "v.01" x6

b1 REF x1
b1 PartOf x1 x2
b2 REF x2
b2 PRESUPPOSITION b1
b2 male "n.02" x2
b1 REF x3
b1 Attribute x1 x3
b1 PRESUPPOSITION b3
b1 dark "a.01" x3
b1 hair "n.01" x1
b3 REF x4
b3 TPR x4 "now"
b3 Time x6 x4
b3 time "n.08" x4
b3 REF x5
b3 Manner x6 x5
b3 just "a.01" x5
b3 REF x6
b3 Theme x6 x2
b3 visible "a.01" x6
b3 REF x7
b3 Location x6 x7
b3 SZP x8 x7
b3 location "n.01" x7
b4 REF x8
b4 User x8 x3
b4 REF x9
b4 Colour x8 x9
b4 PRESUPPOSITION b3
b4 white "a.01" x9
b4 hat "n.01" x8

b1 PRESUPPOSITION b2
b2 REF x1
b2 Creator x1 x2
b2 PRESUPPOSITION b3
b1 male "n.02" x1
b2 REF x2
b2 male "n.02" x2
b4 REF x3
b4 TPR "now" x3
b4 Time x4 x3
b4 time "n.08" x3
b3 NEGATION b4
b4 REF x4
b4 Agent x4 x2
b4 Theme x4 x2
b4 follow "v.01" x4
b2 PRESUPPOSITION b4
b4 CONTINUATION b5
b6 REF x5
b6 PRESUPPOSITION b5
b6 person "n.01" x5
b4 REF x6
b4 EQU x6 "now"
b4 time "n.08" x6
b5 REF x7
b5 Co-Theme x7 x8
b5 Theme x7 x5
b5 Time x7 x6
b5 be "v.01" x7
b5 REF x8
b5 Quantity x8 "-"
b5 measure "n.02" x8

b1 REF x1
b1 TPR "now" x1
b1 Time x2 x1
b1 time "n.08" x1
b1 REF x2
b1 Agent x2 "speaker"
b1 Theme x2 x3
b1 break "v.01" x2
b2 REF x3
b2 PRESUPPOSITION b1
b2 User x3 "hearer"
b2 neck "n.01" x3
b1 EXPLANATION b3
b3 REF x4
b3 EQU x4 "now"
b3 time "n.08" x4
b4 Time x5 x4
b3 NEGATION b4
b4 REF x5
b4 Agent x5 "hearer"
b4 Patient x5 x6
b4 fix "v.01" x5
b5 REF x6
b5 PRESUPPOSITION b4
b5 water "n.02" x6

b1 REF x1
b1 PRESUPPOSITION b2
b1 male "n.02" x1
b3 REF x2
b3 REF x3
b3 Agent x2 x1
b3 Recipient x2 x4
b3 TPR x3 "now"
b3 Theme x2 x5
b3 Time x2 x3
b3 give "v.01" x2
b3 time "n.08" x3
b4 REF x4
b4 PRESUPPOSITION b3
b4 male "n.02" x4
b3 REF x5
b3 REF x6
b3 Attribute x5 x6
b3 Value x6 "+"
b3 hard "a.01" x6
b3 slap "n.01" x5
b3 Path x2 x7
b2 REF x7
b2 PartOf x7 x1
b2 REF x8
b2 Attribute x7 x8
b2 PRESUPPOSITION b3
b2 right "a.01" x8
b2 ear "n.01" x7

b1 REF x1
b1 PRESUPPOSITION b2
b1 male "n.02" x1
b3 REF x2
b3 Agent x2 x1
b3 Time x2 x3
b3 smile "v.01" x2
b3 REF x3
b3 TPR x3 "now"
b3 time "n.08" x3
b3 Recipient x2 x4
b2 REF x4
b2 User x6 x1
b2 REF x5
b2 PRESUPPOSITION b3
b2 Role x4 x5
b2 baby "n.01" x5
b2 REF x6
b2 Role x4 x6
b2 daughter "n.01" x6
b2 person "n.01" x4
b3 CONTINUATION b4
b3 PRESUPPOSITION b4
b4 Time x7 x3
b4 REF x7
b4 Attribute x3 x7
b4 perfect "a.01" x7

b1 PRESUPPOSITION b1
b1 REF x1
b1 male "n.02" x1
b1 REF x2
b1 Experiencer x2 x1
b1 Stimulus x2 x4
b1 Time x2 x3
b1 like "v.03" x2
b1 REF x3
b1 TPR x3 "now"
b1 time "n.08" x3
b2 REF x4
b2 REF x5
b2 PRESUPPOSITION b1
b2 PRP x5 b3
b2 Topic x4 x5
b2 fact "n.01" x4
b4 REF x6
b4 PRESUPPOSITION b3
b4 person "n.01" x6
b3 Time x7 x3
b3 REF x7
b3 Agent x7 x6
b3 Result x7 x8
b3 Theme x7 x2
b3 call "v.01" x7
b1 PRESUPPOSITION b3
b3 REF x8

b1 PRESUPPOSITION b2
b1 REF x1
b1 Name x1 "brian"
b1 male "n.02" x1
b3 REF x2
b3 Agent x2 x1
b3 Time x2 x3
b3 sniff "v.01" x2
b3 REF x3
b3 TPR x3 "now"
b3 time "n.08" x3
b3 CONTINUATION b4
b4 REF x4
b4 Agent x4 x1
b4 Source x4 x5
b4 Time x4 x3
b4 wipe "v.01" x4
b2 PRESUPPOSITION b5
b5 REF x5
b5 PartOf x5 x1
b5 REF x6
b5 Attribute x5 x6
b5 PRESUPPOSITION b4
b5 hand "n.01" x5
b4 Destination x4 x7
b2 PRESUPPOSITION b6
b6 REF x7
b6 PRESUPPOSITION b4
b6 PartOf x7 x2
b6 nose "n.01" x7

b1 REF x1
b1 PRESUPPOSITION b2
b1 person "n.01" x1
b2 REF x2
b2 REF x3
b2 ATTRIBUTION b3
b2 Agent x2 x1
b2 Recipient x2 x1
b2 Time x2 x4
b2 Topic x2 x3
b2 let "v.01" x2
b2 proposition "n.01" x3
b2 REF x4
b2 TPR x4 "now"
b2 time "n.08" x4
b4 PRESUPPOSITION b2
b4 REF x5
b4 male "n.02" x5
b3 REF x6
b3 Theme x6 x5
b3 Time x6 x4
b3 go "v.01" x6
b3 CONTINUATION b5
b6 REF x7
b6 Name x7 "charles"
b6 PRESUPPOSITION b5
b6 person "n.01" x7
b5 REF x8
b5 Theme x8 x7
b5 Time x8 x4
b5 fall "v.01" x8
b5 Destination x8 x9
b7 REF x9
b7 PRESUPPOSITION b5
b7 ground "n.01" x9

b1 REF x1
b1 TPR "now" x1
b1 time "n.08" x1
b2 Time x2 x1
b2 REF x2
b2 Agent x2 "hearer"
b2 Topic x2 x3
b2 hear "v.01" x2
b1 NEGATION b2
b2 REF x3
b2 entity "n.01" x3
b2 SubOf x3 x4
b3 REF x4
b3 PRESUPPOSITION b2
b3 entity "n.01" x4

b1 CONDITION b2
b3 REF x1
b3 man "n.01" x1
b4 POSSIBILITY b1
b3 REF x2
b3 REF x3
b3 ATTRIBUTION b5
b3 Agent x2 x1
b3 Asset x2 x3
b3 pay "v.01" x2
b3 proposition "n.01" x3
b6 REF x4
b6 Agent x4 x1
b6 Theme x4 x5
b6 do "v.02" x4
b5 REF x5
b5 sort "n.01" x5
b5 Content x5 x6
b5 REF x6
b5 thing "n.01" x6

b1 REF x1
b1 PRESUPPOSITION b2
b1 person "n.01" x1
b2 REF x2
b2 REF x3
b2 Agent x2 x1
b2 TPR x3 "now"
b2 Time x2 x3
b2 sit "v.01" x2
b2 time "n.08" x3
b2 REF x4
b2 Manner x2 x4
b3 REF x5
b3 Agent x5 x1
b3 Patient x5 x6
b3 nurse "v.01" x5
b2 REF x6
b2 PRESUPPOSITION b3
b2 PartOf x6 x1
b2 lip "n.01" x6

b1 REF x1
b1 PRESUPPOSITION b2
b1 male "n.02" x1
b2 REF x2
b2 REF x3
b2 Agent x2 x1
b2 TPR x3 "now"
b2 Time x2 x3
b2 sigh "v.01" x2
b2 time "n.08" x3
b2 CONTINUATION b3
b3 REF x4
b3 REF x5
b3 REF x6
b3 ATTRIBUTION b4
b3 Agent x4 x1
b3 TPR x6 "now"
b3 Theme x4 x5
b3 Time x4 x6
b3 proposition "n.01" x5
b3 time "n.08" x6
b3 try "v.01" x4
b4 REF x7
b4 Theme x7 x1
b4 move "v.01" x7
b4 Source x7 x8
b5 REF x8
b5 PRESUPPOSITION b4
b5 way "n.07" x8

b1 PRESUPPOSITION b1
b1 REF x1
b1 male "n.02" x1
b1 REF x2
b1 Agent x2 x1
b1 Theme x2 x4
b1 Time x2 x3
b1 take "v.01" x2
b1 REF x3
b1 TPR x3 "now"
b1 time "n.08" x3
b1 REF x4
b1 cigarette "n.01" x4
b1 CONTINUATION b2
b3 REF x5
b3 PRESUPPOSITION b2
b3 male "n.02" x5
b2 REF x6
b2 Agent x6 x5
b2 Recipient x6 x1
b2 Theme x6 x7
b2 Time x6 x3
b2 give "v.03" x6
b1 PRESUPPOSITION b2
b2 REF x7
b2 light "n.02" x7

b1 PRESUPPOSITION b2
b1 REF x1
b1 male "n.02" x1
b3 REF x2
b3 Theme x2 x1
b3 Time x2 x3
b3 walk "v.01" x2
b3 REF x3
b3 TPR x3 "now"
b3 time "n.08" x3
b3 Destination x2 x4
b4 REF x4
b4 PRESUPPOSITION b3
b4 office "n.01" x4
b3 CONTINUATION b5
b5 REF x5
b5 Agent x5 x1
b5 Theme x5 x6
b5 Time x5 x3
b5 remove "v.01" x5
b2 PRESUPPOSITION b6
b6 REF x6
b6 User x6 x1
b6 REF x7
b6 Attribute x6 x7
b6 PRESUPPOSITION b5
b6 flat "a.01" x7
b6 cap "n.01" x6

b1 REF x1
b1 PRESUPPOSITION b2
b1 female "n.02" x1
b2 REF x2
b2 TPR "now" x2
b2 Time x4 x2
b2 time "n.08" x2
b2 REF x3
b2 Manner x4 x3
b2 soon "a.01" x3
b2 REF x4
b2 Theme x4 x1
b2 find "v.01" x4
b2 EXPLANATION b3
b1 PRESUPPOSITION b3
b3 REF x5
b3 REF x6
b3 REF x7
b3 ATTRIBUTION b4
b3 Agent x5 x2
b3 TPR x7 "now"
b3 Theme x5 x6
b3 Time x5 x7
b3 proposition "n.01" x6
b3 time "n.08" x7
b3 try "v.01" x5
b4 REF x8
b4 Agent x8 x2
b4 hide "v.01" x8

b1 REF x1
b1 REF x2
b1 PRESUPPOSITION b2
b1 Role x1 x2
b1 brother "n.01" x2
b1 person "n.01" x1
b2 REF x3
b2 Theme x3 x1
b2 Time x3 x4
b2 stand "v.01" x3
b2 REF x4
b2 TPR x4 "now"
b2 time "n.08" x4
b2 CONTINUATION b3
b3 REF x5
b3 Theme x5 x1
b3 Time x5 x4
b3 come "v.01" x5
b3 Source x5 x6
b4 REF x6
b4 PRESUPPOSITION b3
b4 platform "n.01" x6

b1 REF x1
b1 PRESUPPOSITION b2
b1 male "n.02" x1
b2 Time x3 x2
b2 REF x2
b2 TPR x2 "now"
b2 time "n.08" x2
b2 REF x3
b2 Theme x3 x1
b2 approach "v.01" x3
b2 just "r.01" x3
b3 REF x4
b3 PRESUPPOSITION b2
b3 male "n.02" x4
b2 REF x5
b2 Patient x5 x4
b2 Time x5 x2
b2 predict "v.01" x5
b2 Location x5 x6
b4 REF x6
b4 PRESUPPOSITION b2
b4 park "n.02" x6

b1 REF x1
b1 Participant x1 x2
b1 event "v.01" x1
b2 CONTRAST b1
b3 REF x2
b3 PRESUPPOSITION b1
b3 male "n.02" x2
b4 REF x3
b4 PRESUPPOSITION b1
b4 female "n.02" x3
b1 REF x4
b1 REF x5
b1 Agent x4 x3
b1 TPR x5 "now"
b1 Theme x4 x6
b1 Time x4 x5
b1 thank "v.01" x4
b1 time "n.08" x5
b5 REF x6
b5 REF x7
b5 Attribute x6 x7
b5 Value x7 "+"
b5 young "a.01" x7
b5 REF x8
b5 PRESUPPOSITION b1
b5 Role x6 x8
b5 person "n.01" x6
b5 soldier "n.01" x8

b1 REF x1
b1 PRESUPPOSITION b2
b1 male "n.02" x1
b2 REF x2
b2 REF x3
b2 Agent x2 x1
b2 TPR x3 "now"
b2 Time x2 x3
b2 call "v.01" x2
b2 time "n.08" x3
b2 CONTINUATION b3
b3 REF x4
b3 REF x5
b3 REF x6
b3 ATTRIBUTION b4
b3 Agent x4 "speaker"
b3 TPR x6 "now"
b3 Time x4 x6
b3 Topic x4 x5
b3 arrange "v.01" x4
b3 proposition "n.01" x5
b3 time "n.08" x6
b4 REF x7
b4 Patient x7 "speaker"
b4 Result x7 x8
b4 go "v.01" x7
b4 REF x8
b4 swim "n.01" x8
b4 REF x9
b4 REF x10
b4 REF x11
b4 TAB x10 x11
b4 TIN "now" x10
b4 TIN x9 x11
b4 Time x8 x9
b4 day "n.03" x10
b4 day "n.03" x11
b4 time "n.08" x9

b1 REF x1
b1 PRESUPPOSITION b2
b1 male "n.02" x1
b3 REF x2
b3 Agent x2 x1
b3 Theme x2 x4
b3 Time x2 x3
b3 drive "v.03" x2
b3 REF x3
b3 TPR x3 "now"
b3 time "n.08" x3
b2 REF x4
b2 PRESUPPOSITION b3
b2 User x4 x1
b2 truck "n.01" x4
b3 CONTINUATION b4
b4 REF x5
b4 Theme x5 x1
b4 Time x5 x3
b4 walk "v.01" x5
b4 down "r.01" x5
b4 Destination x5 x6
b5 REF x6
b5 PRESUPPOSITION b4
b5 village "n.02" x6

b1 PRESUPPOSITION b2
b1 REF x1
b1 male "n.02" x1
b3 REF x2
b3 Agent x2 x1
b3 Theme x2 x4
b3 Time x2 x3
b3 hold "v.02" x2
b3 REF x3
b3 TPR x3 "now"
b3 time "n.08" x3
b2 REF x4
b2 Of x5 x1
b2 REF x5
b2 PRESUPPOSITION b3
b2 Role x4 x5
b2 mother "n.01" x5
b2 person "n.01" x4
b3 CONTINUATION b4
b1 PRESUPPOSITION b4
b4 REF x6
b4 Agent x6 x1
b4 Time x6 x2
b4 cry "v.02" x6
b4 Destination x6 x7
b1 PRESUPPOSITION b5
b5 REF x7
b5 PRESUPPOSITION b4
b5 PartOf x7 x2
b5 chest "n.02" x7

b1 REF x1
b1 PRESUPPOSITION b2
b1 male "n.02" x1
b2 REF x2
b2 Theme x2 x1
b2 Time x2 x3
b2 go "v.01" x2
b2 REF x3
b2 TPR x3 "now"
b2 time "n.08" x3
b2 Destination x2 x4
b3 REF x4
b3 PRESUPPOSITION b2
b3 door "n.01" x4
b2 CONTINUATION b4
b4 REF x5
b4 Theme x5 x1
b4 Time x5 x3
b4 walk "v.01" x5
b4 Source x5 x6
b5 REF x6
b5 PRESUPPOSITION b4
b5 room "n.01" x6

b1 PRESUPPOSITION b2
b2 REF x1
b2 PRESUPPOSITION b3
b2 User x1 x2
b1 REF x2
b1 male "n.02" x2
b2 helmet "n.02" x1
b3 REF x3
b3 TPR x3 "now"
b3 Time x4 x3
b3 time "n.08" x3
b3 REF x4
b3 Attribute x4 x1
b3 lose "v.01" x4
b3 CONTRAST b4
b1 PRESUPPOSITION b5
b4 POSSIBILITY b5
b5 REF x5
b5 Agent x5 x1
b5 Theme x5 x6
b5 do "v.02" x5
b5 REF x6
b5 damage "n.01" x6

b1 Name x1 "ken"
b1 PRESUPPOSITION b2
b1 REF x1
b1 male "n.02" x1
b2 REF x2
b2 Manner x3 x2
b2 just "a.01" x2
b2 REF x3
b2 REF x4
b2 REF x5
b2 ATTRIBUTION b3
b2 Agent x3 x1
b2 TPR x5 "now"
b2 Time x3 x5
b2 Topic x3 x4
b2 hope "v.01" x3
b2 proposition "n.01" x4
b2 time "n.08" x5
b1 PRESUPPOSITION b3
b3 REF x6
b3 TPR x6 "now"
b3 time "n.08" x6
b4 Time x7 x6
b3 NEGATION b4
b4 REF x7
b4 Agent x7 x1
b4 Theme x7 x8
b4 take "v.01" x7
b1 PRESUPPOSITION b5
b5 REF x8
b5 PRESUPPOSITION b4
b5 User x8 x2
b5 temper "n.01" x8
b4 Location x7 x9
b6 REF x9
b6 Name x9 "chris"
b6 PRESUPPOSITION b4
b6 male "n.02" x9

b1 PRESUPPOSITION b2
b1 REF x1
b1 male "n.02" x1
b3 REF x2
b3 Agent x2 x1
b3 Source x2 x4
b3 Time x2 x3
b3 rub "v.01" x2
b3 REF x3
b3 TPR x3 "now"
b3 time "n.08" x3
b3 REF x4
b3 back "n.01" x4
b3 PartOf x4 x5
b2 REF x5
b2 PRESUPPOSITION b3
b2 PartOf x5 x1
b2 neck "n.01" x5
b3 CONTINUATION b4
b4 REF x6
b4 Agent x6 x1
b4 Theme x6 x7
b4 Time x6 x3
b4 hang "v.02" x6
b1 PRESUPPOSITION b5
b5 REF x7
b5 PRESUPPOSITION b4
b5 PartOf x7 x2
b5 head "n.01" x7

b1 REF x1
b1 PRESUPPOSITION b2
b1 male "n.02" x1
b2 REF x2
b2 Agent x2 x1
b2 Time x2 x3
b2 sit_down "v.01" x2
b2 REF x3
b2 TPR x3 "now"
b2 time "n.08" x3
b2 CONTINUATION b3
b4 REF x4
b4 Name x4 "lucy"
b4 PRESUPPOSITION b3
b4 female "n.02" x4
b3 REF x5
b3 Agent x5 x4
b3 Theme x5 x6
b3 Time x5 x3
b3 lay "v.01" x5
b1 PRESUPPOSITION b5
b5 REF x6
b5 PRESUPPOSITION b3
b5 PartOf x6 x4
b5 hand "n.01" x6
b3 Destination x5 x8
b6 REF x7
b6 PRESUPPOSITION b7
b6 male "n.02" x7
b7 REF x8
b7 PRESUPPOSITION b3
b7 PartOf x8 x7
b7 cheek "n.01" x8

b1 REF x1
b1 REF x2
b1 TPR x2 "now"
b1 Theme x1 x1
b1 Time x1 x2
b1 stand "v.01" x1
b1 time "n.08" x2
b1 Location x1 x3
b1 REF x3
b1 PRESUPPOSITION b1
b1 wall "n.01" x3
b1 Instrument x1 x4
b2 REF x4
b2 PRESUPPOSITION b1
b2 PartOf x4 x6
b2 hand "n.01" x4
b1 REF x5
b1 Destination x2 x5
b1 SXP x5 x6
b1 location "n.01" x5
b3 REF x6
b3 PRESUPPOSITION b1
b3 PartOf x6 x7
b4 REF x7
b4 PRESUPPOSITION b2
b4 male "n.02" x7
b3 back "n.01" x6

b1 REF x1
b1 Theme x1 "hearer"
b1 run "v.01" x1
b1 Instrument x1 x2
b1 REF x2
b1 home "n.01" x2
b1 REF x3
b1 EQU x3 "now"
b1 Time x4 x3
b1 time "n.08" x3
b1 REF x4
b1 Agent x4 "hearer"
b1 Destination x4 "speaker"
b1 Theme x4 x5
b1 bring "v.01" x4
b1 REF x5
b1 man "n.01" x5
b1 Causer x4 x6
b1 REF x6
b1 Patient x6 "speaker"
b1 kill "v.01" x6

b1 REF x1
b1 PRESUPPOSITION b2
b1 female "n.02" x1
b2 REF x2
b2 Manner x3 x2
b2 just "a.01" x2
b2 REF x3
b2 REF x4
b2 REF x5
b2 ATTRIBUTION b3
b2 Agent x3 x1
b2 TPR x5 "now"
b2 Theme x3 x4
b2 Time x3 x5
b2 keep "v.01" x3
b2 proposition "n.01" x4
b2 time "n.08" x5
b3 REF x6
b3 REF x7
b3 ATTRIBUTION b4
b3 Agent x6 x2
b3 Recipient x6 x8
b3 Topic x6 x7
b3 proposition "n.01" x7
b3 tell "v.01" x6
b5 REF x8
b5 PRESUPPOSITION b3
b5 female "n.02" x8
b6 REF x9
b6 PRESUPPOSITION b4
b6 male "n.02" x9
b4 REF x10
b4 TPR x10 "now"
b4 time "n.08" x10
b5 Time x11 x10
b5 REF x11
b5 Agent x11 x9
b5 Topic x11 x12
b5 learn "v.01" x11
b5 REF x12
b5 lesson "n.01" x12

b1 REF x1
b1 PRESUPPOSITION b2
b1 female "n.02" x1
b2 REF x2
b2 Agent x2 x1
b2 TPR x3 "now"
b2 Time x2 x3
b2 sentence "v.01" x2
b2 REF x3
b2 time "n.08" x3
b2 REF x4
b2 Agent x4 x1
b2 talk "v.01" x4
b2 Co-Agent x4 x3
b2 REF x5
b2 person "n.01" x5
b2 Topic x5 x3
b2 time "n.01" x3
b2 Location x3 x6
b3 REF x6
b3 Name x6 "india"
b3 PRESUPPOSITION b2
b3 country "n.02" x6

b1 REF x1
b1 PRESUPPOSITION b2
b1 gate "n.01" x1
b2 REF x2
b2 TPR x2 "now"
b2 Time x3 x2
b2 time "n.08" x2
b2 REF x3
b2 Attribute x1 x3
b2 double "r.01" x3
b2 REF x4
b2 Quantity x4 "1"
b2 REF x5
b2 Attribute x4 x5
b2 huge "a.01" x5
b2 mass "n.01" x4
b2 Part x4 x6
b2 REF x6
b2 wood "n.01" x6
b2 REF x7
b2 Agent x7 x4
b2 Patient x7 x8
b2 follow "v.01" x7
b2 REF x8
b2 NEQ x8 x9
b2 person "n.01" x8
b3 REF x9
b3 PRESUPPOSITION b2
b3 person "n.01" x9

b1 REF x1
b1 REF x2
b1 Attribute x1 x2
b1 escaped "a.01" x2
b1 REF x3
b1 PRESUPPOSITION b2
b1 Role x1 x3
b1 person "n.01" x1
b1 villager "n.01" x3
b2 REF x4
b2 REF x5
b2 Agent x4 x1
b2 TPR x5 "now"
b2 Theme x4 x6
b2 Time x4 x5
b2 take "v.01" x4
b2 time "n.08" x5
b2 REF x6
b2 step "n.01" x6
b2 REF x7
b2 Manner x4 x7
b2 back "a.01" x7
b2 Value x4 x8
b2 REF x8
b2 Quantity x8 "1"
b2 man "n.01" x8

b1 REF x1
b1 TPR "now" x1
b1 Time x2 x1
b1 time "n.08" x1
b1 REF x2
b1 Theme x2 "speaker"
b1 arrive "v.01" x2
b1 REF x3
b1 Manner x2 x3
b1 properly "r.01" x3
b2 ALTERNATION b3
b4 TPR "now" x4
b4 Time x5 x4
b4 REF x4
b4 time "n.08" x4
b3 NEGATION b4
b4 REF x5
b4 Experiencer x5 "hearer"
b4 Stimulus x5 x6
b4 live "v.01" x5
b5 REF x6
b5 PRESUPPOSITION b4
b5 down "n.01" x6

b1 EXPLANATION b2
b3 REF x1
b3 PRESUPPOSITION b2
b3 person "n.01" x1
b2 REF x2
b2 Agent x2 x1
b2 Patient x2 x4
b2 drink "v.01" x2
b4 REF x3
b4 PRESUPPOSITION b5
b4 person "n.01" x3
b5 REF x4
b5 Owner x4 x3
b5 PRESUPPOSITION b2
b5 tea "n.01" x4
b6 REF x5
b6 PRESUPPOSITION b3
b6 male "n.02" x5
b3 REF x6
b3 REF x7
b3 Agent x6 x5
b3 Recipient x6 x8
b3 TPR x7 "now"
b3 Time x6 x7
b3 dig "v.02" x6
b3 time "n.08" x7
b7 REF x8
b7 PRESUPPOSITION b3
b7 person "n.01" x8
b3 REF x9
b3 trench "n.01" x9

b1 REF x1
b1 REF x2
b1 EQU x2 "now"
b1 Experiencer x1 "hearer"
b1 Stimulus x1 x3
b1 Time x1 x2
b1 know "v.01" x1
b1 time "n.08" x2
b1 REF x3
b1 Attribute x3 x1
b1 good "a.01" x3
b1 CONTINUATION b2
b2 REF x4
b2 Agent x4 x1
b2 talk "v.01" x4
b2 Co-Agent x4 x5
b1 REF x5
b1 Of x6 "hearer"
b1 REF x6
b1 PRESUPPOSITION b2
b1 Role x5 x6
b1 mother "n.01" x6
b1 person "n.01" x5
b1 Participant x6 x7
b3 REF x7
b3 PRESUPPOSITION b1
b3 entity "n.01" x7

b1 REF x1
b1 REF x2
b1 REF x3
b1 ATTRIBUTION b2
b1 EQU x3 "now"
b1 Experiencer x1 "hearer"
b1 Stimulus x1 x2
b1 Time x1 x3
b1 know "v.01" x1
b1 proposition "n.01" x2
b1 time "n.08" x3
b3 REF x4
b3 TPR "now" x4
b3 time "n.08" x4
b4 Time x5 x4
b4 REF x5
b4 Agent x5 "speaker"
b4 Theme x5 x6
b4 do "v.02" x5
b2 CONDITION b3
b3 REF x6
b3 CONSEQUENCE b4
b3 entity "n.01" x6
b3 REF x7
b3 EQU x7 "now"
b3 time "n.08" x7
b4 REF x8
b4 Agent x8 "hearer"
b4 Patient x8 x6
b4 Time x8 x7
b4 ask "v.01" x8
b4 Instrument x3 "speaker"

b1 NECESSITY b2
b2 NEGATION b3
b2 REF x1
b2 TPR x1 "now"
b2 time "n.08" x1
b3 Time x2 x1
b3 REF x2
b3 Agent x2 "hearer"
b3 Theme x2 x3
b3 race "v.01" x2
b4 REF x3
b4 Owner x3 "speaker"
b4 PRESUPPOSITION b3
b4 truck "n.01" x3
b3 Time x2 x4
b5 REF x4
b5 PRESUPPOSITION b3
b5 Order x4 "1"
b5 place "n.01" x4

b1 REF x1
b1 smile "n.01" x1
b1 REF x2
b1 Theme x2 x1
b1 Time x2 x3
b1 come "v.01" x2
b1 REF x3
b1 TPR x3 "now"
b1 time "n.08" x3
b1 Destination x2 x4
b2 REF x4
b2 PRESUPPOSITION b1
b2 PartOf x4 x5
b3 REF x5
b3 PRESUPPOSITION b2
b3 male "n.02" x5
b2 lip "n.01" x4
b1 REF x6
b1 Agent x6 x4
b1 Time x6 x3
b1 think "v.01" x6
b1 Theme x6 x7
b1 REF x7
b1 idea "n.01" x7

b1 CONDITION b2
b2 REF x1
b2 CONSEQUENCE b3
b2 all "n.01" x1
b3 REF x2
b3 TPR x2 "now"
b3 REF x3
b3 Colour x2 x3
b3 white "a.01" x3
b3 van "n.01" x2
b3 REF x4
b3 Theme x4 x2
b3 Time x4 x5
b3 park "v.01" x4
b3 REF x5
b3 TPR x5 "now"
b3 time "n.08" x5
b3 Path x4 x6
b4 REF x6
b4 PRESUPPOSITION b3
b4 street "n.01" x6

b1 REF x1
b1 Name x1 "maria"
b1 PRESUPPOSITION b2
b1 female "n.02" x1
b2 REF x2
b2 REF x3
b2 Agent x2 x1
b2 TPR x3 "now"
b2 Time x2 x3
b2 sit_down "v.01" x2
b2 time "n.08" x3
b2 Instrument x2 x4
b2 REF x4
b2 cup "n.01" x4
b2 Content x4 x5
b2 REF x5
b2 tea "n.01" x5
b2 REF x6
b2 Sub x6 x4
b2 Sub x6 x7
b2 entity "n.01" x6
b2 REF x7
b2 sandwich "n.01" x7

b1 PRESUPPOSITION b2
b1 REF x1
b1 male "n.02" x1
b3 Time x3 x2
b3 REF x2
b3 TPR x2 "now"
b3 time "n.08" x2
b2 NEGATION b3
b3 REF x3
b3 REF x4
b3 ATTRIBUTION b4
b3 Experiencer x3 x1
b3 Stimulus x3 x4
b3 proposition "n.01" x4
b3 seem "v.01" x3
b4 REF x5
b4 Experiencer x5 x1
b4 Stimulus "v.01" x5
b4 Theme x5 x6
b1 REF x6
b1 PRESUPPOSITION b4
b1 User x6 x1
b1 ear "n.01" x6
b5 REF x7
b5 PRESUPPOSITION b4
b5 female "n.02" x7
b4 Time x8 x2
b4 REF x8
b4 Agent x8 x7
b4 scream "v.01" x8
b4 Location x8 x9
b2 PRESUPPOSITION b6
b6 REF x9
b6 PRESUPPOSITION b4
b6 PartOf x9 x2
b6 ear "n.01" x9

b1 REF x1
b1 PRESUPPOSITION b2
b1 male "n.02" x1
b2 REF x2
b2 Agent x2 x1
b2 Patient x2 x4
b2 Time x2 x3
b2 drink "v.01" x2
b2 REF x3
b2 TPR x3 "now"
b2 time "n.08" x3
b2 REF x4
b2 Quantity x4 "?"
b2 measure "n.02" x4
b2 Location x2 x5
b2 REF x5
b2 times "n.01" x5
b2 CONTINUATION b3
b3 REF x6
b3 Agent x6 x1
b3 Patient x6 x7
b3 Time x6 x3
b3 wash "v.03" x6
b3 REF x7
b3 little "n.01" x7
b3 Context x6 x8
b3 REF x8
b3 times "n.01" x8

b1 PRESUPPOSITION b2
b1 REF x1
b1 male "n.02" x1
b3 REF x2
b3 Agent x2 x1
b3 Patient x2 x4
b3 Time x2 x3
b3 fold "v.01" x2
b3 REF x3
b3 TPR x3 "now"
b3 time "n.08" x3
b2 REF x4
b2 PRESUPPOSITION b3
b2 PartOf x4 x1
b2 arm "n.01" x4
b3 Patient x2 x5
b4 PRESUPPOSITION b5
b5 REF x5
b5 PRESUPPOSITION b2
b5 PartOf x5 x1
b5 PRESUPPOSITION "n.02" b5
b4 CONTINUATION b6
b6 REF x6
b6 Agent x6 x1
b6 Theme x6 x7
b6 Time x6 x3
b6 put "v.01" x6
b3 PRESUPPOSITION b7
b7 REF x7
b7 PRESUPPOSITION b6
b7 PartOf x7 x2
b7 lip "n.01" x7

b1 PRESUPPOSITION b2
b1 REF x1
b1 male "n.02" x1
b2 REF x2
b2 Experiencer x2 x1
b2 Stimulus x2 x4
b2 Time x2 x3
b2 have "v.01" x2
b2 REF x3
b2 TPR x3 "now"
b2 time "n.08" x3
b3 REF x4
b3 PRESUPPOSITION b2
b2 REF x5
b2 NEQ x5 x4
b3 shock "n.01" x4
b2 shock "n.01" x5
b4 REF x6
b4 PRESUPPOSITION b2
b4 person "n.01" x6
b2 REF x7
b2 REF x8
b2 ATTRIBUTION b5
b2 Agent x7 x6
b2 Recipient x7 x1
b2 Time x7 x2
b2 Topic x7 x8
b2 proposition "n.01" x8
b2 tell "v.01" x7
b3 PRESUPPOSITION b5
b5 Time x9 x3
b5 REF x9
b5 Agent x9 x2
b5 Theme x9 x10
b5 move "v.01" x9
b5 REF x10
b5 cell "n.01" x10

b1 REF x1
b1 Agent x1 x5
b1 Theme x1 x3
b1 Time x1 x2
b1 put "v.01" x1
b1 REF x2
b1 TPR x2 "now"
b1 time "n.08" x2
b2 REF x3
b2 PRESUPPOSITION b1
b2 PartOf x3 x5
b2 hand "n.01" x3
b1 Destination x1 x4
b3 REF x4
b3 PRESUPPOSITION b1
b3 User x4 x5
b4 REF x5
b4 PRESUPPOSITION b1
b4 male "n.02" x5
b3 pocket "n.01" x4
b1 CONTINUATION b5
b5 REF x6
b5 Theme x6 x1
b5 Time x6 x2
b5 lean "v.01" x6
b5 REF x7
b5 Location x6 x7
b5 STI x7 x8
b5 location "n.01" x7
b6 REF x8
b6 PRESUPPOSITION b5
b6 truck "n.01" x8

b1 PRESUPPOSITION b2
b1 REF x1
b1 male "n.02" x1
b2 REF x2
b2 TPR x2 "now"
b2 Time x3 x2
b2 time "n.08" x2
b2 REF x3
b2 Product x3 x1
b2 build "v.01" x3
b2 Instrument x3 x4
b2 REF x4
b2 muscle "n.01" x4
b2 CONTINUATION b3
b3 REF x5
b3 REF x6
b3 REF x7
b3 ATTRIBUTION b4
b3 Experiencer x5 x1
b3 Stimulus x5 x6
b3 TPR x7 "now"
b3 Time x5 x7
b3 like "v.02" x5
b3 proposition "n.01" x6
b3 time "n.08" x7
b4 REF x8
b4 Agent x8 x1
b4 Theme x8 x9
b4 throw "v.03" x8
b1 PRESUPPOSITION b5
b5 REF x9
b5 PRESUPPOSITION b4
b5 PartOf x9 x3
b5 weight "n.01" x9

b1 REF x1
b1 EQU x1 "now"
b1 Time x2 x1
b1 time "n.08" x1
b1 REF x2
b1 Agent x2 "speaker"
b1 try "v.01" x2
b1 Theme x2 x4
b1 REF x3
b1 REF x4
b1 Attribute x4 x3
b1 Value x3 "+"
b1 old "a.01" x3
b1 man "n.01" x4
b1 CONTRAST b2
b2 REF x5
b2 TPR "now" x5
b2 time "n.08" x5
b3 Time x6 x5
b2 NEGATION b3
b3 REF x6
b3 Agent x6 "speaker"
b3 Patient x6 x7
b3 kill "v.01" x6
b4 REF x7
b4 PRESUPPOSITION b3
b4 ship "n.01" x7

b1 REF x1
b1 TPR "now" x1
b1 Time x2 x1
b1 time "n.08" x1
b1 REF x2
b1 Pivot x2 "speaker"
b1 Theme x2 x3
b1 have "v.01" x2
b1 REF x3
b1 victory "n.01" x3
b1 CONTINUATION b2
b2 REF x4
b2 REF x5
b2 REF x6
b2 ATTRIBUTION b3
b2 Agent x4 "speaker"
b2 EQU x6 "now"
b2 Recipient x4 x7
b2 Time x4 x6
b2 Topic x4 x5
b2 proposition "n.01" x5
b2 time "n.08" x6
b2 want "v.01" x4
b4 REF x7
b4 PRESUPPOSITION b2
b4 entity "n.01" x7
b2 REF x8
b2 TPR x8 "now"
b2 time "n.08" x8
b3 REF x9
b3 Theme x9 x7
b3 Time x9 x8
b3 remember "v.01" x9

b1 Location x4 x1
b2 REF x1
b2 PRESUPPOSITION b1
b2 morning "n.01" x1
b1 REF x2
b1 REF x3
b1 Agent x3 "now"
b1 Theme x2 x1
b1 Time x2 x3
b1 stand "v.01" x2
b1 time "n.08" x3
b1 REF x4
b1 Manner x2 x4
b1 straight "a.08" x4
b1 Instrument x2 x5
b2 REF x5
b2 PartOf x5 x1
b2 hand "n.01" x5
b1 REF x6
b1 Destination x3 x6
b1 SXP x6 x7
b1 location "n.01" x6
b3 REF x7
b3 PRESUPPOSITION b1
b3 PartOf x7 x2
b3 back "n.01" x7

b1 Location x4 x1
b1 REF x1
b1 morning "n.01" x1
b1 PartOf x1 x2
b2 REF x2
b2 PRESUPPOSITION b1
b2 male "n.02" x2
b1 REF x3
b1 Agent x3 x2
b1 Time x3 x4
b1 smile "v.01" x3
b1 TPR x4 "now"
b1 REF x4
b1 time "n.08" x4
b1 Location x3 x5
b1 REF x5
b1 letter "n.01" x5
b1 REF x6
b1 Agent x6 x1
b1 Theme x6 x5
b1 Time x6 x4
b1 receive "v.01" x6

b1 REF x1
b1 PRESUPPOSITION b2
b1 entity "n.01" x1
b2 REF x2
b2 Co-Theme x2 x4
b2 Theme x2 x1
b2 Time x2 x3
b2 be "v.01" x2
b2 REF x3
b2 TPR x3 "now"
b2 time "n.08" x3
b2 REF x4
b2 Quantity x4 "2"
b2 Unit x4 "week"
b2 measure "n.02" x4
b3 REF x5
b3 PRESUPPOSITION b2
b3 male "n.02" x5
b2 Time x6 x3
b2 REF x6
b2 Theme x6 x5
b2 send "v.01" x6
b2 Destination x6 x7
b2 REF x7
b2 prison "n.01" x7

b1 REF x1
b1 PRESUPPOSITION b2
b1 entity "n.01" x1
b3 REF x2
b3 Co-Theme x2 x3
b3 Theme x2 x1
b3 Time x2 x3
b3 be "v.01" x2
b3 REF x3
b3 EQU x3 "now"
b3 time "n.08" x3
b2 NEGATION b3
b4 REF x4
b4 PRESUPPOSITION b3
b4 Quantity x4 "+"
b4 Attribute x4 x5
b4 REF x5
b4 place "n.01" x5
b3 CONTRAST b5
b5 REF x6
b5 Agent x6 "speaker"
b5 Product x6 x7
b5 Time x6 x2
b5 make "v.01" x6
b3 REF x7
b3 Theme x7 x1
b3 do "v.03" x7

b1 REF x1
b1 PRESUPPOSITION b2
b1 male "n.02" x1
b2 REF x2
b2 TPR x3 "now"
b2 Theme x2 x1
b2 Time x2 x3
b2 walk "v.01" x2
b2 REF x3
b2 time "n.08" x3
b2 Causer x2 x4
b2 REF x4
b2 Agent x4 x1
b2 Patient x4 x5
b2 wake_up "v.01" x4
b3 REF x5
b3 PRESUPPOSITION b2
b3 male "n.02" x5
b2 ClockTime x3 "16:00"
b2 PartOf x3 x6
b4 REF x6
b4 PRESUPPOSITION b2
b4 morning "n.01" x6

b1 REF x1
b1 TPR "now" x1
b1 Time x2 x1
b1 time "n.08" x1
b1 REF x2
b1 Agent x2 "speaker"
b1 Theme x2 x3
b1 give "v.01" x2
b1 REF x3
b1 battle "n.01" x3
b1 Recipient x2 x4
b2 REF x4
b2 REF x5
b2 Attribute x4 x5
b2 PRESUPPOSITION b1
b2 foreign "a.01" x5
b2 snake "n.01" x4
b1 CONTINUATION b3
b4 Beneficiary x4 x6
b3 CONDITION b5
b5 REF x6
b5 CONSEQUENCE b4
b5 all "n.01" x6

b1 REF x1
b1 Name x1 "mike"
b1 PRESUPPOSITION b2
b1 male "n.02" x1
b2 REF x2
b2 REF x3
b2 TPR x3 "now"
b2 Theme x2 x1
b2 Time x2 x3
b2 time "n.08" x3
b2 Source x2 x4
b3 REF x4
b3 REF x5
b3 PRESUPPOSITION b2
b3 Theme x4 x5
b3 staff "n.01" x5
b3 toilet "n.02" x4
b2 REF x6
b2 Attribute x6 x7
b2 Theme x6 x4
b2 look "v.01" x6
b2 REF x7
b2 Quantity x7 "-"
b2 pale "n.01" x7

b1 PRESUPPOSITION b1
b1 REF x1
b1 male "n.02" x1
b1 REF x2
b1 REF x3
b1 REF x4
b1 ATTRIBUTION b2
b1 Experiencer x2 x1
b1 Stimulus x2 x3
b1 TPR x4 "now"
b1 Time x2 x4
b1 know "v.01" x2
b1 proposition "n.01" x3
b1 time "n.08" x4
b3 REF x5
b3 PRESUPPOSITION b2
b3 person "n.01" x5
b2 NEGATION b4
b4 REF x6
b4 time "n.08" x6
b4 REF x7
b4 Agent x7 x5
b4 Patient x7 x2
b4 TPR x6 "now"
b4 Time x7 x6
b4 hit "v.01" x7
b1 PRESUPPOSITION b4
b4 CONTINUATION b5
b6 REF x8
b6 PRESUPPOSITION b5
b6 entity "n.01" x8
b5 EQU x8 x9
b5 TPR x8 "now"
b5 Quantity x9 "0.5"
b7 REF x9
b7 PRESUPPOSITION b5
b7 problem "n.01" x9

b1 REF x1
b1 PRESUPPOSITION b2
b1 person "n.01" x1
b2 REF x2
b2 REF x3
b2 REF x4
b2 ATTRIBUTION b3
b2 Agent x2 x1
b2 Recipient x2 x5
b2 TPR x4 "now"
b2 Time x2 x4
b2 Topic x2 x3
b2 proposition "n.01" x3
b2 tell "v.02" x2
b2 time "n.08" x4
b3 PRESUPPOSITION b1
b3 REF x5
b3 male "n.02" x5
b2 REF x6
b2 TPR "now" x6
b2 Time x8 x6
b2 time "n.08" x6
b2 REF x7
b2 Manner x8 x7
b2 just "a.01" x7
b2 REF x8
b2 Agent x8 x4
b2 sit "v.01" x8
b2 CONTINUATION b4
b4 REF x9
b4 Pivot x9 x4
b4 Theme x9 x10
b4 have "v.01" x9
b1 PRESUPPOSITION b5
b5 REF x10
b5 PRESUPPOSITION b4
b5 User x10 x5
b5 lunch "n.01" x10

b1 REF x1
b1 EQU x1 "now"
b1 Time x3 x1
b1 time "n.08" x1
b2 REF x2
b2 PRESUPPOSITION b1
b2 man "n.01" x2
b1 REF x3
b1 EQU x3 "now"
b1 Time x4 x3
b1 time "n.08" x3
b1 REF x4
b1 Theme x4 x2
b1 come "v.01" x4
b1 Recipient x4 "speaker"

b1 PRESUPPOSITION b2
b1 REF x1
b1 female "n.02" x1
b2 REF x2
b2 REF x3
b2 REF x4
b2 ATTRIBUTION b3
b2 Agent x2 x1
b2 TPR x4 "now"
b2 Theme x2 x3
b2 Time x2 x4
b2 proposition "n.01" x3
b2 threaten "v.01" x2
b2 time "n.08" x4
b3 REF x5
b3 Theme x5 x1
b3 leave "v.01" x5
b3 CONTINUATION b4
b5 REF x6
b5 PRESUPPOSITION b4
b5 Time x7 x6
b4 time "n.08" x6
b4 REF x7
b4 Attribute x1 x7
b4 sufficient "a.01" x7

b1 REF x1
b1 PRESUPPOSITION b2
b1 Order x1 "1"
b1 knife "n.02" x1
b2 REF x2
b2 Theme x2 x1
b2 Time x2 x3
b2 catch "v.01" x2
b2 REF x3
b2 TPR x3 "now"
b2 time "n.08" x3
b2 Location x2 x4
b3 REF x4
b3 PRESUPPOSITION b2
b3 User x4 x5
b4 REF x5
b4 PRESUPPOSITION b3
b4 female "n.02" x5
b3 skirt "n.01" x4
b2 CONTINUATION b5
b3 PRESUPPOSITION b5
b5 REF x6
b5 Agent x6 x5
b5 Patient x6 x7
b5 Time x6 x3
b5 shake "v.01" x6
b6 REF x7
b6 PRESUPPOSITION b5
b6 entity "n.01" x7

b1 REF x1
b1 REF x2
b1 Attribute x1 x2
b1 last "a.01" x2
b1 entity "n.01" x1
b2 REF x3
b2 PRESUPPOSITION b1
b2 male "n.02" x3
b1 REF x4
b1 Theme x4 x3
b1 Time x4 x5
b1 feel "v.01" x4
b1 REF x5
b1 TPR x5 "now"
b1 time "n.08" x5
b1 REF x6
b1 Attribute x4 x7
b1 entity "n.01" x6
b1 REF x7
b1 Agent x7 x6
b1 Theme x7 x2
b1 do "v.01" x7
b1 TPR x8 x4
b1 REF x8
b1 work "n.01" x8
b1 REF x9
b1 Co-Theme x9 x10
b1 Theme x9 x8
b1 Time x9 x5
b1 be "v.01" x9
b1 REF x10
b1 work "n.01" x10

b1 REF x1
b1 PRESUPPOSITION b2
b1 truck "n.01" x1
b2 REF x2
b2 Co-Theme x2 x4
b2 Theme x2 x1
b2 Time x2 x3
b2 be "v.01" x2
b2 REF x3
b2 TPR x3 "now"
b2 time "n.08" x3
b2 REF x4
b2 REF x5
b2 Theme x5 x4
b2 older "v.01" x5
b2 version "n.01" x4
b2 PartOf x4 x6
b3 REF x6
b3 PRESUPPOSITION b2
b3 tire "n.01" x6
b4 REF x7
b4 REF x8
b4 PRESUPPOSITION b2
b4 Role x7 x8
b4 person "n.01" x7
b4 person "n.01" x8
b2 REF x9
b2 Agent x9 x7
b2 Theme x9 x2
b2 Time x9 x4
b2 drive "v.01" x9

b1 REF x1
b1 PRESUPPOSITION b2
b1 person "n.01" x1
b2 REF x2
b2 REF x3
b2 Agent x2 x1
b2 TPR x3 "now"
b2 Time x2 x3
b2 stare "v.01" x2
b2 time "n.08" x3
b2 Theme x2 x4
b3 REF x4
b3 REF x5
b3 Colour x4 x5
b3 PRESUPPOSITION b2
b3 black "a.01" x5
b3 wall "n.01" x4
b2 CONTINUATION b4
b2 REF x6
b2 EQU x6 "now"
b2 time "n.08" x6
b4 Time x7 x6
b5 REF x7
b5 PRESUPPOSITION b4
b5 entity "n.01" x7
b4 REF x8
b4 TPR x8 "now"
b4 time "n.08" x8
b6 REF x9
b6 Agent x9 x7
b6 Theme x9 x10
b6 Time x9 x8
b6 offer "v.01" x9
b4 NEGATION b6
b6 REF x10
b6 comfort "n.01" x10

b1 NECESSITY b2
b2 REF x1
b2 Agent x1 "speaker"
b2 talk "v.01" x1
b2 Theme x1 x2
b3 REF x2
b3 PRESUPPOSITION b2
b3 thing "n.01" x2
b1 REF x3
b1 person "n.01" x3
b1 REF x4
b1 Agent x4 x3
b1 talk "v.01" x4
b1 Theme x4 x2
b1 Location x1 x5
b1 REF x5
b1 Order x5 "1"
b1 date "n.01" x5

b1 REF x1
b1 Causer x3 x1
b1 EQU x1 "?"
b1 reason "n.01" x1
b2 EQU x2 "now"
b2 Time x3 x2
b2 REF x2
b2 REF x3
b2 time "n.08" x3
b1 NEGATION b2
b2 REF x4
b2 Agent x4 "hearer"
b2 Recipient x4 "speaker"
b2 Topic x4 x5
b2 tell "v.01" x4
b2 REF x5
b2 entity "n.01" x5
b2 REF x6
b2 TPR x7 "now"
b2 Theme x6 x5
b2 happen "v.01" x6
b2 Time x6 x7
b2 REF x7
b2 time "n.08" x7
b2 DayOfWeek x7 "saturday"
b2 REF x8
b2 step "n.01" x8
b2 Instrument x6 x9
b2 REF x9
b2 step "n.01" x9

b1 REF x1
b1 PRESUPPOSITION b2
b1 female "n.02" x1
b3 REF x2
b3 REF x3
b3 Agent x2 x1
b3 TPR x3 "now"
b3 Theme x2 x4
b3 Time x2 x3
b3 put "v.01" x2
b3 time "n.08" x3
b2 REF x4
b2 PRESUPPOSITION b3
b2 User x4 x1
b3 Theme x2 x5
b3 REF x5
b3 tea "n.01" x5
b3 Location x2 x6
b4 REF x6
b4 PRESUPPOSITION b3
b4 table "n.02" x6
b3 Instrument x3 x7
b3 REF x7
b3 bang "n.01" x7

b1 REF x1
b1 PRESUPPOSITION b2
b1 male "n.02" x1
b3 REF x2
b3 EQU x2 "now"
b3 Time x3 x2
b3 time "n.08" x2
b3 REF x3
b3 Agent x3 x1
b3 look "v.04" x3
b3 Theme x3 x4
b3 REF x4
b3 person "n.01" x4
b3 REF x5
b3 Agent x5 x1
b3 Theme x5 x6
b3 take "v.01" x5
b2 REF x6
b2 REF x7
b2 Attribute x6 x7
b2 PRESUPPOSITION b3
b2 spare "n.01" x7
b2 room "n.01" x6
b2 Location x5 x8
b4 REF x8
b4 PRESUPPOSITION b2
b4 User x8 x3
b4 flat "n.01" x8

b1 Source x4 x1
b2 REF x1
b2 PRESUPPOSITION b1
b2 moment "n.01" x1
b1 REF x2
b1 Agent x2 "speaker"
b1 Theme x2 x3
b1 leave "v.01" x2
b3 REF x3
b3 PRESUPPOSITION b1
b3 station "n.01" x3
b1 REF x4
b1 EQU x4 "now"
b1 Time x6 x4
b1 time "n.08" x4
b1 REF x5
b1 Degree x6 x5
b1 very "r.01" x5
b1 REF x6
b1 Experiencer x6 "hearer"
b1 Stimulus x6 x7
b1 careful "v.01" x6
b1 REF x7
b1 entity "n.01" x7
b1 REF x8
b1 REF x9
b1 Agent x8 "hearer"
b1 EQU x9 "now"
b1 Time x8 x9
b1 Topic x8 x7
b1 Topic x8 x9
b1 say "v.01" x8
b1 time "n.08" x9

b1 PRESUPPOSITION b2
b1 REF x1
b1 male "n.02" x1
b2 REF x2
b2 Agent x2 x1
b2 Time x2 x3
b2 knock "v.02" x2
b2 REF x3
b2 TPR x3 "now"
b2 time "n.08" x3
b2 Patient x2 x4
b3 REF x4
b3 PRESUPPOSITION b2
b3 door "n.01" x4
b2 RESULT b4
b2 REF x5
b2 Attribute x1 x5
b2 Value x5 "+"
b2 hard "a.01" x5
b1 PRESUPPOSITION b4
b4 REF x6
b4 Agent x6 x1
b4 Patient x6 x7
b4 Time x6 x3
b4 break "v.01" x6
b5 REF x7
b5 PRESUPPOSITION b4
b5 entity "n.01" x7

b1 PRESUPPOSITION b2
b1 REF x1
b1 male "n.02" x1
b2 REF x2
b2 Agent x2 x1
b2 Theme x2 x4
b2 Time x2 x3
b2 let "v.01" x2
b2 REF x3
b2 TPR x3 "now"
b2 time "n.08" x3
b2 PRESUPPOSITION b1
b2 REF x4
b2 male "n.02" x4
b1 CONTINUATION b3
b2 PRESUPPOSITION b3
b3 REF x5
b3 Theme x5 x4
b3 Time x5 x3
b3 fall "v.01" x5
b3 Destination x5 x6
b4 REF x6
b4 PRESUPPOSITION b3
b4 floor "n.01" x6
b3 Instrument x5 x7
b3 REF x7

b1 REF x1
b1 PRESUPPOSITION b2
b1 male "n.02" x1
b2 REF x2
b2 Agent x2 x1
b2 Time x2 x3
b2 smile "v.01" x2
b2 REF x3
b2 TPR x3 "now"
b2 time "n.08" x3
b2 CONTINUATION b3
b3 REF x4
b3 Theme x4 x1
b3 Time x4 x3
b3 feel "v.01" x4
b3 Attribute x4 x6
b3 REF x5
b3 man "n.01" x5
b3 NEGATION b4
b4 Instrument x4 x6
b5 REF x6
b5 PRESUPPOSITION b4
b5 kid "n.01" x6

b1 PRESUPPOSITION b2
b1 REF x1
b1 male "n.02" x1
b2 REF x2
b2 REF x3
b2 Agent x2 x1
b2 TPR x3 "now"
b2 Theme x2 x4
b2 Time x2 x3
b2 get "v.01" x2
b2 time "n.08" x3
b3 REF x4
b3 PRESUPPOSITION b2
b3 ability "n.01" x4
b2 REF x5
b2 Agent x5 x1
b2 work "v.01" x5
b2 CONTRAST b4
b1 PRESUPPOSITION b4
b4 REF x6
b4 Manner x7 x6
b4 just "a.01" x6
b4 REF x7
b4 REF x8
b4 EQU x8 "now"
b4 Experiencer x7 x2
b4 Stimulus x7 x9
b4 Time x7 x8
b4 get "v.01" x7
b4 time "n.08" x8
b4 REF x9
b4 Experiencer x9 x1
b4 bored "a.01" x9
b4 REF x10
b4 Degree x11 x10
b4 ticket "r.01" x10
b4 REF x11
b4 Attribute x9 x11
b4 easy "a.01" x11

b1 POSSIBILITY b2
b3 NEGATION b1
b2 REF x1
b2 Experiencer x1 "speaker"
b2 Stimulus x1 x2
b2 see "v.01" x1
b2 REF x2
b2 amount "n.01" x2
b2 Content x2 x3
b2 REF x3
b2 talk "n.01" x3
b2 REF x4
b2 Patient x4 x3
b2 Theme x4 "hearer"
b2 get "v.01" x4
b2 Source x4 x5
b4 REF x5
b4 PRESUPPOSITION b2
b4 mess "n.01" x5

b1 REF x1
b1 Agent x1 "speaker"
b1 Theme x1 x3
b1 Time x1 x2
b1 REF x2
b1 TPR x2 "now"
b1 time "n.08" x2
b2 REF x3
b2 PRESUPPOSITION b1
b2 PartOf x3 "speaker"
b2 hand "n.01" x3
b1 CONTINUATION b3
b4 REF x4
b4 PRESUPPOSITION b3
b4 person "n.01" x4
b3 REF x5
b3 REF x6
b3 ATTRIBUTION b5
b3 Agent x5 x4
b3 Time x5 x2
b3 Topic x5 x6
b3 proposition "n.01" x6
b3 say "v.01" x5
b3 REF x7
b3 TPR x7 "now"
b3 time "n.08" x7
b5 REF x8
b5 Agent x8 "speaker"
b5 Patient x8 x9
b5 Time x8 x7
b5 break "v.03" x8
b6 REF x9
b6 PRESUPPOSITION b5
b6 PartOf x9 "speaker"
b6 wrist "n.01" x9

b1 REF x1
b1 Manner x2 x1
b1 just "a.01" x1
b1 REF x2
b1 Manner x3 x2
b1 just "a.01" x2
b1 REF x3
b1 REF x4
b1 Agent x3 "speaker"
b1 TPR x4 "now"
b1 Theme x3 x5
b1 Time x3 x4
b1 pick "v.01" x3
b1 time "n.08" x4
b1 REF x5
b1 REF x6
b1 Attribute x5 x6
b1 dry "n.01" x6
b1 REF x7
b1 Colour x5 x7
b1 white "a.01" x7
b1 CONTINUATION b2
b2 REF x8
b2 REF x9
b2 Agent x8 "speaker"
b2 EQU x9 "now"
b2 Patient x8 x10
b2 Time x8 x9
b2 drink "v.01" x8
b2 time "n.08" x9
b3 REF x10
b3 PRESUPPOSITION b2
b3 entity "n.01" x10
b2 REF x11
b2 Experiencer x11 x10
b2 Stimulus x11 x12
b2 get "v.01" x11
b2 REF x12
b2 Experiencer x12 "speaker"
b2 drunk "a.01" x12

b1 REF x1
b1 PRESUPPOSITION b2
b1 male "n.02" x1
b2 REF x2
b2 Agent x2 x1
b2 Theme x2 x4
b2 Time x2 x3
b2 feel "v.01" x2
b2 REF x3
b2 TPR x3 "now"
b2 time "n.08" x3
b2 REF x4
b2 Attribute x1 x4
b2 good "a.01" x4
b2 Time x5 x3
b2 REF x5
b2 Theme x5 x1
b2 go "v.01" x5
b2 Location x5 x6
b2 REF x6
b2 night "n.01" x6

b1 REF x1
b1 Name x1 "jill"
b1 PRESUPPOSITION b2
b1 male "n.02" x1
b2 REF x2
b2 Agent x2 x1
b2 Time x2 x3
b2 knock "v.02" x2
b2 REF x3
b2 TPR x3 "now"
b2 time "n.08" x3
b2 Patient x2 x4
b3 REF x4
b3 PRESUPPOSITION b2
b3 door "n.01" x4
b2 CONTINUATION b4
b4 REF x5
b4 Theme x5 x1
b4 Time x5 x3
b4 wait "v.01" x5
b2 PRESUPPOSITION b4
b4 Time x6 x3
b4 REF x6
b4 REF x7
b4 ATTRIBUTION b5
b4 Recipient x6 x7
b4 Topic x6 x1
b4 proposition "n.01" x7
b4 tell "v.01" x6
b5 REF x8
b5 Theme x8 x2
b5 enter "v.01" x8

b1 REF x1
b1 Name x1 "bob"
b1 PRESUPPOSITION b2
b1 male "n.02" x1
b2 REF x2
b2 Agent x2 x1
b2 Time x2 x3
b2 sit "v.01" x2
b2 REF x3
b2 TPR x3 "now"
b2 time "n.08" x3
b2 Location x2 x4
b2 REF x4
b2 entrance "n.01" x4
b2 Destination x4 x5
b3 REF x5
b3 PRESUPPOSITION b2
b3 warehouse "n.01" x5
b2 CONTINUATION b4
b4 REF x6
b4 Agent x6 x1
b4 Theme x6 x7
b4 Time x6 x3
b4 make "v.01" x6
b4 REF x7
b4 cigarette "n.01" x7

b1 Name x1 "brian"
b1 PRESUPPOSITION b2
b1 REF x1
b1 male "n.02" x1
b2 REF x2
b2 Agent x2 x1
b2 Time x2 x3
b2 sit "v.01" x2
b2 REF x3
b2 TPR x3 "now"
b2 time "n.08" x3
b2 Location x2 x4
b2 REF x4
b2 REF x5
b2 Attribute x4 x5
b2 empty "a.01" x5
b2 table "n.02" x4
b2 CONTINUATION b3
b3 REF x6
b3 PartOf x6 x7
b3 Time x6 x3
b3 begin "v.01" x6
b3 REF x7
b3 Agent x7 x1
b3 Patient x7 x8
b3 eat "v.01" x7
b1 PRESUPPOSITION b4
b4 REF x8
b4 Consumer x8 x2
b4 PRESUPPOSITION b3
b4 breakfast "n.01" x8

b1 Creator x4 x1
b1 REF x1
b1 person "n.01" x1
b2 REF x2
b2 PRESUPPOSITION b3
b2 female "n.02" x2
b1 REF x3
b1 Agent x3 x2
b1 Theme x3 x5
b1 Time x3 x4
b1 place "v.01" x3
b1 REF x4
b1 TPR x4 "now"
b1 time "n.08" x4
b3 REF x5
b3 PRESUPPOSITION b1
b3 PartOf x5 x2
b3 fang "n.01" x5
b1 Topic x3 x7
b4 REF x6
b4 PRESUPPOSITION b5
b4 person "n.01" x6
b5 REF x7
b5 PRESUPPOSITION b2
b5 PartOf x7 x6
b5 neck "n.01" x7
b2 CONTINUATION b6
b6 REF x8
b6 Agent x8 x1
b6 Patient x8 x9
b6 Time x8 x3
b6 kill "v.01" x8
b7 REF x9
b7 PRESUPPOSITION b6
b7 person "n.01" x9

b1 REF x1
b1 PRESUPPOSITION b2
b1 shout "n.01" x1
b2 REF x2
b2 Agent x2 x1
b2 Theme x2 x4
b2 Time x2 x3
b2 catch "v.01" x2
b2 REF x3
b2 TPR x3 "now"
b2 time "n.08" x3
b3 PRESUPPOSITION b2
b3 REF x4
b3 male "n.02" x4
b2 Source x2 x5
b2 REF x5
b2 REF x6
b2 Role x5 x6
b2 guard "n.01" x6
b2 person "n.01" x5
b2 CONTINUATION b4
b3 PRESUPPOSITION b4
b4 REF x7
b4 Agent x7 x5
b4 Time x7 x3
b4 Topic x7 x8
b4 fall "v.01" x7
b4 REF x8
b4 Quantity x8 "-"
b4 way "n.07" x8

b1 PRESUPPOSITION b2
b1 REF x1
b1 male "n.02" x1
b3 REF x2
b3 Theme x2 x1
b3 Time x2 x3
b3 rise "v.01" x2
b3 REF x3
b3 TPR x3 "now"
b3 time "n.08" x3
b3 Source x2 x4
b2 REF x4
b2 PRESUPPOSITION b3
b2 User x4 x1
b2 seat "n.01" x4
b3 CONTINUATION b4
b4 REF x5
b4 PartOf x5 x6
b4 Time x5 x3
b4 stop "v.01" x5
b4 REF x6
b4 REF x7
b4 Attribute x6 x7
b4 mid "a.01" x7
b4 way "n.01" x6
b5 REF x8
b5 PRESUPPOSITION b4
b5 Name x8 "joe"
b5 male "n.02" x8
b4 REF x9
b4 Agent x9 x8
b4 Time x9 x4
b4 glare "v.01" x9
b4 Recipient x9 x4
b2 PRESUPPOSITION b4

b1 PRESUPPOSITION b2
b1 REF x1
b1 male "n.02" x1
b3 REF x2
b3 Agent x2 x1
b3 Patient x2 x4
b3 Time x2 x3
b3 sit "v.01" x2
b3 REF x3
b3 TPR x3 "now"
b3 time "n.08" x3
b2 REF x4
b2 Of x5 x1
b2 REF x5
b2 PRESUPPOSITION b3
b2 Role x4 x5
b2 person "n.01" x4
b2 son "n.01" x5
b3 Location x2 x6
b4 REF x6
b4 PRESUPPOSITION b3
b4 table "n.02" x6
b3 CONTINUATION b5
b5 REF x7
b5 Agent x7 x1
b5 Theme x7 x8
b5 Time x7 x3
b5 lay "v.02" x7
b6 REF x8
b6 PRESUPPOSITION b5
b6 User x8 x1
b6 belt "n.02" x8
b5 REF x9
b5 Location x8 x9
b5 SY1 x9 x2
b5 location "n.01" x9

b1 PRECONDITION b2
b1 REF x1
b1 REF x2
b1 EQU x2 "now"
b1 Pivot x1 "speaker"
b1 Theme x1 x3
b1 Time x1 x2
b1 have "v.01" x1
b1 time "n.08" x2
b1 REF x3
b1 time "n.01" x3
b1 Location x1 x4
b3 REF x4
b3 PRESUPPOSITION b1
b3 end "n.01" x4
b1 REF x5
b1 TPR "now" x5
b1 time "n.08" x5
b2 Time x6 x5
b2 REF x6
b2 Agent x6 "speaker"
b2 Recipient x6 "hearer"
b2 fill "v.01" x6
b2 Theme x6 x7
b2 REF x7
b2 entity "n.01" x7
b2 REF x8
b2 REF x9
b2 TPR x9 "now"
b2 Theme x8 x7
b2 Time x8 x9
b2 happen "v.01" x8
b2 time "n.08" x9

b1 REF x1
b1 PRESUPPOSITION b2
b1 male "n.02" x1
b3 REF x2
b3 Agent x2 x1
b3 Patient x2 x4
b3 Time x2 x3
b3 wash "v.03" x2
b3 REF x3
b3 TPR x3 "now"
b3 time "n.08" x3
b2 REF x4
b2 PRESUPPOSITION b3
b2 PartOf x4 x1
b2 hand "n.01" x4
b3 CONTINUATION b4
b4 REF x5
b4 Agent x5 x1
b4 Time x5 x3
b4 sit "v.03" x5
b4 Location x5 x6
b5 REF x6
b5 PRESUPPOSITION b4
b5 seat "n.01" x6
b4 Context x5 x7
b4 REF x7
b4 front "n.01" x7
b4 PartOf x7 x8
b6 REF x8
b6 PRESUPPOSITION b4
b6 stove "n.01" x8

b1 REF x1
b1 PRESUPPOSITION b2
b2 REF x2
b2 Theme x2 x1
b2 Time x2 x3
b2 REF x3
b2 TPR x3 "now"
b2 time "n.08" x3
b2 Source x2 x4
b3 REF x4
b3 PRESUPPOSITION b2
b3 car "n.01" x4
b2 CONTINUATION b4
b4 REF x5
b4 Agent x5 x1
b4 Theme x5 x6
b4 Time x5 x3
b4 pick_up "v.02" x5
b5 REF x6
b5 PRESUPPOSITION b4
b5 Quantity x6 "2"
b5 measure "n.02" x6

b1 REF x1
b1 REF x2
b1 PRESUPPOSITION b2
b1 Role x1 x2
b1 person "n.01" x1
b1 speaker "n.01" x2
b2 REF x3
b2 REF x4
b2 Agent x3 x1
b2 TPR x4 "now"
b2 Time x3 x4
b2 time "n.08" x4
b2 turn "v.01" x3
b2 Recipient x3 x5
b3 REF x5
b3 PRESUPPOSITION b2
b3 female "n.02" x5
b2 Instrument x3 x7
b2 REF x6
b2 smile "n.01" x6
b2 REF x7
b2 Sub x7 x6
b2 Sub x7 x8
b2 entity "n.01" x7
b2 REF x8
b2 bow "n.02" x8
b2 PartOf x8 x10
b4 REF x9
b4 PRESUPPOSITION b5
b4 male "n.02" x9
b5 REF x10
b5 PRESUPPOSITION b2
b5 PartOf x10 x9
b5 head "n.01" x10

b1 REF x1
b1 PRESUPPOSITION b2
b1 person "n.01" x1
b2 REF x2
b2 REF x3
b2 REF x4
b2 ATTRIBUTION b3
b2 Agent x2 x1
b2 EQU x4 "now"
b2 Time x2 x4
b2 Topic x2 x3
b2 proposition "n.01" x3
b2 say "v.01" x2
b2 time "n.08" x4
b4 REF x5
b4 PRESUPPOSITION b5
b4 male "n.02" x5
b3 POSSIBILITY b5
b5 REF x6
b5 Agent x6 x5
b5 Theme x6 x8
b5 breathe "v.01" x6
b5 REF x7
b5 fire "n.01" x7
b5 REF x8
b5 Agent x8 x7
b5 Patient x8 x9
b5 kill "v.01" x8
b5 REF x9
b5 man "n.01" x9
b5 Instrument x8 x10
b5 REF x10
b5 REF x11
b5 Attribute x10 x11
b5 Value x11 "+"
b5 single "a.01" x11
b5 word "n.01" x10

b1 REF x1
b1 Theme x1 x5
b1 Time x1 x2
b1 come "v.01" x1
b1 REF x2
b1 TPR x2 "now"
b1 time "n.08" x2
b1 Destination x1 x3
b2 REF x3
b2 PRESUPPOSITION b1
b2 PartOf x3 x7
b2 light "n.02" x3
b1 REF x4
b1 REF x5
b1 ATTRIBUTION b3
b1 Experiencer x4 x3
b1 Stimulus x4 x5
b1 Time x4 x2
b1 hear "v.01" x4
b1 proposition "n.01" x5
b3 REF x6
b3 Of x7 x3
b3 REF x7
b3 PRESUPPOSITION b1
b3 Role x6 x7
b3 dad "n.01" x7
b3 person "n.01" x6
b1 REF x8
b1 Theme x8 x6
b1 stand "v.01" x8
b1 Recipient x8 x2

b1 REF x1
b1 PRESUPPOSITION b2
b1 male "n.02" x1
b2 Time x3 x2
b2 REF x2
b2 TPR x2 "now"
b2 time "n.08" x2
b2 REF x3
b2 Experiencer x3 x1
b2 up "v.01" x3
b2 CONTINUATION b3
b3 REF x4
b3 Agent x4 x1
b3 Time x4 x2
b3 dress "v.01" x4
b3 REF x5
b3 Experiencer x4 x5
b3 entity "n.01" x5
b3 Causer x4 x6
b3 REF x6
b3 cup "n.01" x6
b3 Content x6 x7
b3 REF x7
b3 tea "n.01" x7

b1 REF x1
b1 REF x2
b1 REF x3
b1 ATTRIBUTION b2
b1 EQU x3 "now"
b1 Experiencer x1 "speaker"
b1 Stimulus x1 x2
b1 Time x1 x3
b1 know "v.01" x1
b1 proposition "n.01" x2
b1 time "n.08" x3
b3 REF x4
b3 PRESUPPOSITION b2
b3 person "n.01" x4
b2 REF x5
b2 Agent x5 x4
b2 Patient x5 x7
b2 Time x5 x6
b2 drink "v.01" x5
b2 REF x6
b2 EQU x6 "now"
b2 time "n.08" x6
b2 REF x7
b2 Quantity x7 "-"
b2 measure "n.02" x7
b2 Quantity x6 "?"
b2 CONTINUATION b4
b4 REF x8
b4 Pivot x8 "speaker"
b4 Theme x8 x9
b4 Time x8 x6
b4 have "v.01" x8
b4 REF x9
b4 Quantity x9 "-"
b4 measure "n.02" x9
b4 Creator x9 x10
b4 REF x10
b4 temper "n.01" x10

b1 PRECONDITION b2
b3 REF x1
b3 PRESUPPOSITION b1
b3 entity "n.01" x1
b1 REF x2
b1 REF x3
b1 Co-Theme x2 x4
b1 TPR x3 "now"
b1 Theme x2 x1
b1 Time x2 x3
b1 be "v.01" x2
b1 time "n.08" x3
b1 REF x4
b1 movie "n.01" x4
b1 NEGATION b4
b4 Patient x2 x5
b4 REF x5
b4 book "n.01" x5
b5 REF x6
b5 PRESUPPOSITION b4
b5 entity "n.01" x6
b3 REF x7
b3 TPR "now" x7
b3 time "n.08" x7
b4 Time x8 x7
b4 REF x8
b4 Co-Theme x8 x9
b4 Theme x8 x6
b4 be "v.01" x8
b4 REF x9
b4 REF x10
b4 Attribute x9 x10
b4 good "a.01" x10
b4 bit "n.01" x9

b1 REF x1
b1 Name x1 "james"
b1 PRESUPPOSITION b2
b1 male "n.02" x1
b2 REF x2
b2 Theme x2 x1
b2 Time x2 x3
b2 be "v.01" x2
b2 REF x3
b2 TPR x3 "now"
b2 time "n.08" x3
b2 REF x4
b2 Manner x2 x4
b2 only "a.01" x4
b2 Location x2 x5
b3 REF x5
b3 PRESUPPOSITION b2
b3 cell "n.01" x5
b2 Duration x2 x6
b2 REF x6
b2 Quantity x6 "1"
b2 Unit x6 "hour"
b2 measure "n.02" x6
b2 CONTRAST b4
b5 REF x7
b5 PRESUPPOSITION b4
b5 entity "n.01" x7
b4 REF x8
b4 Theme x8 x7
b4 Time x8 x3
b4 feel "v.03" x8
b4 Attribute x8 x9
b4 REF x9
b4 week "n.01" x9

