b1 Theme x4 x1
b1 REF x1
b1 Quantity x1 "10"
b1 Unit x1 "year"
b1 measure "n.02" x1
b1 REF x2
b1 Theme x2 "speaker"
b1 Value x2 x1
b1 old "a.01" x2
b2 POSSIBILITY b3
b1 NEGATION b2
b3 REF x3
b3 Agent x3 "speaker"
b3 Theme x3 x4
b3 figure "v.01" x3
b3 REF x4
b3 entity "n.01" x4
b4 REF x5
b4 PRESUPPOSITION b3
b4 entity "n.01" x5
b3 REF x6
b3 REF x7
b3 Co-Theme x6 x4
b3 TPR x7 "now"
b3 Theme x6 x5
b3 Time x6 x7
b3 be "v.01" x6
b3 time "n.08" x7
b5 REF x8
b5 PRESUPPOSITION b6
b5 Creator x8 x9
b7 REF x9
b7 Name x9 "elvis~presley"
b7 PRESUPPOSITION b5
b7 male "n.02" x9
b5 guy "n.01" x8
b4 REF x10
b4 REF x11
b4 Pivot x10 x8
b4 TPR x11 "now"
b4 Theme x10 x8
b4 Time x10 x11
b4 have "v.01" x10
b4 time "n.08" x11
b8 REF x12
b8 PRESUPPOSITION b9
b8 rest "n.01" x12
b8 PartOf x12 "speaker"
b6 REF x13
b6 PRESUPPOSITION b9
b6 TPR x13 "now"
b6 time "n.08" x13
b9 Time x14 x13
b6 NEGATION b9
b9 REF x14
b9 Pivot x14 x12
b9 Theme x14 x11
b9 have "v.01" x14

b1 REF x1
b1 PRESUPPOSITION b2
b1 male "n.02" x1
b2 REF x2
b2 REF x3
b2 REF x4
b2 ATTRIBUTION b3
b2 Experiencer x2 x1
b2 Stimulus x2 x3
b2 TPR x4 "now"
b2 Time x2 x4
b2 proposition "n.01" x3
b2 seem "v.01" x2
b2 time "n.08" x4
b4 REF x5
b4 Co-Theme x5 x6
b4 Theme x5 x1
b4 be "v.01" x5
b3 NEGATION b4
b4 REF x6
b4 different "n.01" x6
b4 Source x6 x7
b5 REF x7
b5 PRESUPPOSITION b4
b5 rest "n.01" x7
b5 PartOf x7 "speaker"

b1 REF x1
b1 PRESUPPOSITION b2
b1 male "n.02" x1
b2 EQU x1 x3
b2 TPR x1 "now"
b2 REF x2
b2 Manner x3 x2
b2 simply "r.01" x2
b2 REF x3
b2 man "n.01" x3
b2 REF x4
b2 Pivot x4 x3
b2 Theme x4 x7
b2 Time x4 x5
b2 have "v.01" x4
b2 REF x5
b2 TPR x5 "now"
b2 time "n.08" x5
b2 REF x6
b2 head "n.01" x6
b2 REF x7
b2 Quantity x7 "2"
b2 arm "n.01" x7
b2 REF x8
b2 Sub x8 x6
b2 Sub x8 x7
b2 Sub x8 x9
b2 entity "n.01" x8
b2 REF x9
b2 Quantity x9 "2"
b2 leg "n.01" x9

b1 CONDITION b2
b3 REF x1
b3 PRESUPPOSITION b4
b3 entity "n.01" x1
b1 NECESSITY b4
b4 REF x2
b4 REF x3
b4 Co-Theme x2 x4
b4 TPR x3 "now"
b4 Theme x2 x1
b4 Time x2 x3
b4 be "v.01" x2
b4 time "n.08" x3
b4 REF x4
b4 entity "n.01" x4
b4 REF x5
b4 Degree x6 x5
b4 pretty "r.01" x5
b4 REF x6
b4 Attribute x7 x6
b4 pretty "a.01" x6
b5 PRESUPPOSITION b4
b5 REF x7
b5 male "n.02" x7
b4 REF x8
b4 Agent x8 x7
b4 Time x8 x9
b4 hide "v.01" x8
b4 REF x9
b4 TPR x9 "now"
b4 time "n.08" x9
b2 EXPLANATION b6
b6 CONDITION b7
b7 REF x10
b7 CONSEQUENCE b8
b7 PartOf x10 x11
b7 entity "n.01" x10
b5 REF x11
b5 CONSEQUENCE b8
b5 REF x12
b5 Attribute x11 x12
b5 Value x12 "+"
b5 young "a.01" x12
b5 girl "n.01" x11
b5 Location x11 x13
b9 REF x13
b9 PRESUPPOSITION b5
b5 REF x14
b5 Theme x14 x11
b5 Time x14 x9
b5 wrap "v.01" x14
b5 REF x15
b5 Location x14 x15
b5 SXY x15 x16
b5 location "n.01" x15
b10 REF x16
b10 PRESUPPOSITION b5
b10 PartOf x16 x5
b10 REF x17
b10 Attribute x16 x17
b10 PRESUPPOSITION b6
b10 little "a.01" x17
b10 handstick "n.01" x16

b1 Theme x4 x1
b1 REF x1
b1 REF x2
b1 REF x3
b1 APX x2 x3
b1 Quantity x1 x2
b1 quantity "n.01" x2
b1 quantity "n.01" x3
b1 ClockTime x1 "09:00"
b1 time "n.08" x1
b1 PartOf x1 x4
b1 REF x4
b1 morning "n.01" x4
b1 REF x5
b1 Agent x5 "speaker"
b1 Theme x5 x7
b1 Time x5 x6
b1 figure "v.01" x5
b1 REF x6
b1 TPR x6 "now"
b1 time "n.08" x6
b1 REF x7
b1 REF x8
b1 Attribute x7 x8
b1 good "a.01" x8
b1 solution "n.01" x7
b1 Time x9 x6
b1 REF x9
b1 Agent x9 x7
b1 Recipient x9 x10
b1 ask "v.01" x9
b2 REF x10
b2 PRESUPPOSITION b1
b2 male "n.02" x10
b1 REF x11
b1 Co-Theme x11 x13
b1 Theme x11 x10
b1 Time x11 x12
b1 be "v.01" x11
b1 REF x12
b1 TPR x12 "now"
b1 time "n.08" x12
b1 REF x13
b1 Quantity x13 "1"
b1 entity "n.01" x13
b1 SubOf x13 x14
b3 REF x14
b3 REF x15
b3 PRESUPPOSITION b1
b3 Theme x14 x15
b3 older "n.01" x15
b3 REF x16
b3 Attribute x14 x16
b3 upper "a.01" x16
b3 boy "n.01" x14
b1 REF x17
b1 entity "n.01" x17
b1 REF x18
b1 Co-Theme x18 x19
b1 Theme x18 x17
b1 Time x18 x7
b1 make "v.01" x18
b4 REF x19
b4 PRESUPPOSITION b2
b4 Creator x19 x20
b5 REF x20
b5 PRESUPPOSITION b4
b5 male "n.02" x20
b4 guy "n.01" x19
b2 REF x21
b2 Degree x22 x21
b2 so "r.01" x21
b2 REF x22
b2 Attribute x19 x22

b1 PRESUPPOSITION b2
b1 REF x1
b1 male "n.02" x1
b2 REF x2
b2 REF x3
b2 REF x4
b2 ATTRIBUTION b3
b2 Agent x2 x1
b2 Recipient x2 "speaker"
b2 TPR x4 "now"
b2 Time x2 x4
b2 Topic x2 x3
b2 proposition "n.01" x3
b2 tell "v.01" x2
b2 time "n.08" x4
b4 REF x5
b4 PRESUPPOSITION b3
b4 entity "n.01" x5
b5 REF x6
b5 TPR x6 "now"
b5 time "n.08" x6
b6 REF x7
b6 Co-Theme x7 x8
b6 Theme x7 x5
b6 Time x7 x6
b6 be "v.01" x7
b5 NEGATION b6
b6 REF x8
b6 entity "n.01" x8
b6 Topic x8 x9
b7 REF x9
b7 PRESUPPOSITION b6
b7 artifact "n.01" x9
b6 CONTRAST b8
b5 PRESUPPOSITION b9
b9 REF x10
b9 PRESUPPOSITION b6
b9 PartOf x10 x1
b9 REF x11
b9 Attribute x10 x11
b9 PRESUPPOSITION b8
b9 west "n.01" x11
b9 hair "n.01" x10
b8 REF x12
b8 Sub x12 x10
b8 Sub x12 x13
b8 entity "n.01" x12
b10 REF x13
b10 PRESUPPOSITION b8
b10 way "n.01" x13
b6 REF x14
b6 REF x15
b6 Agent x14 x4
b6 TPR x15 "now"
b6 Theme x14 x16
b6 Time x14 x15
b6 move "v.01" x14
b6 time "n.08" x15
b10 REF x16
b10 PRESUPPOSITION b6
b10 PartOf x16 x13
b10 person "n.01" x16

b1 REF x1
b1 REF x2
b1 REF x3
b1 APX x2 x3
b1 Quantity x1 x2
b1 quantity "n.01" x2
b1 quantity "n.01" x3
b1 EQU x3 "0.5"
b1 Unit x1 "hour"
b1 measure "n.02" x1
b1 REF x4
b1 Sub x4 x1
b1 Sub x4 x5
b1 entity "n.01" x4
b1 REF x5
b1 boy "n.01" x5
b1 Location x5 x6
b2 REF x6
b2 PRESUPPOSITION b1
b1 REF x7
b1 Theme x7 x5
b1 Time x7 x8
b1 call "v.01" x7
b1 REF x8
b1 TPR x8 "now"
b1 time "n.08" x8
b1 Destination x7 x9
b1 REF x9
b1 REF x10
b1 Attribute x9 x10
b1 main "a.01" x10
b1 Theme x9 x11
b3 REF x11
b3 PRESUPPOSITION b1
b1 REF x12
b1 TPR x12 "now"
b1 Time x13 x12
b1 time "n.08" x12
b1 REF x13
b1 REF x14
b1 ATTRIBUTION b4
b1 Agent x13 x16
b1 Topic x13 x14
b1 proposition "n.01" x14
b1 tell "v.01" x13
b5 REF x15
b5 PRESUPPOSITION b4
b5 person "n.01" x15
b4 REF x16
b4 TPR x16 "now"
b4 Time x17 x16
b4 time "n.08" x16
b4 REF x17
b4 Theme x17 x15
b4 go "v.01" x17
b4 Destination x17 x19
b6 REF x18
b6 REF x19
b6 Attribute x19 x18
b6 PRESUPPOSITION b4
b6 downtown "a.01" x18
b6 city "n.01" x19
b4 REF x20
b4 Sub x20 x19
b4 Sub x20 x21
b4 entity "n.01" x20
b4 REF x21
b4 hair "n.01" x21
b4 REF x22
b4 Sub x22 x21
b4 Sub x22 x23
b4 entity "n.01" x22
b4 REF x23
b4 hair "n.01" x23
b4 REF x24

b1 REF x1
b1 PRESUPPOSITION b2
b1 entity "n.01" x1
b2 REF x2
b2 REF x3
b2 Co-Theme x2 x4
b2 EQU x3 "now"
b2 Theme x2 x1
b2 Time x2 x3
b2 be "v.01" x2
b2 time "n.08" x3
b2 REF x4
b2 REF x5
b2 Agent x4 "speaker"
b2 TPR x5 "now"
b2 Theme x4 x6
b2 Time x4 x5
b2 get "v.01" x4
b2 time "n.08" x5
b3 REF x6
b3 REF x7
b3 Attribute x6 x7
b3 PRESUPPOSITION b2
b3 big "a.01" x7
b3 idea "n.01" x6
b2 REF x8
b2 REF x9
b2 Agent x8 "speaker"
b2 Patient x8 "speaker"
b2 TPR x9 "now"
b2 Time x8 x9
b2 hit "v.01" x8
b2 time "n.08" x9
b2 Instrument x8 x10
b2 REF x10
b2 Unit x10 "ton"
b2 measure "n.02" x10
b2 Quantity x11 x10
b2 REF x11
b2 brick "n.01" x11

b1 PRECONDITION b2
b3 REF x1
b3 REF x2
b3 PRESUPPOSITION b1
b3 Theme x1 x2
b3 haircut "n.01" x1
b1 REF x3
b1 REF x4
b1 Co-Theme x3 x5
b1 TPR x4 "now"
b1 Theme x3 x1
b1 Time x3 x4
b1 be "v.02" x3
b1 time "n.08" x4
b4 REF x5
b4 REF x6
b4 Attribute x5 x6
b4 PRESUPPOSITION b1
b4 Value x6 "+"
b4 big "a.01" x6
b4 secret "n.01" x5
b5 REF x7
b5 PRESUPPOSITION b6
b5 male "n.02" x7
b6 REF x8
b6 PRESUPPOSITION b2
b6 User x8 x7
b6 haircut "n.01" x8
b2 REF x9
b2 TPR x9 "now"
b2 Time x10 x9
b2 time "n.08" x9
b2 REF x10
b2 Theme x10 "speaker"
b2 go "v.01" x10
b2 REF x11
b2 Patient x11 x8
b2 get "v.01" x11

b1 REF x1
b1 TPR x1 "now"
b1 Time x2 x1
b1 time "n.08" x1
b1 REF x2
b1 REF x3
b1 ATTRIBUTION b2
b1 Agent x2 "speaker"
b1 Topic x2 x3
b1 go "v.01" x2
b1 proposition "n.01" x3
b2 REF x4
b2 Agent x4 "speaker"
b2 Patient x4 x5
b2 have "v.01" x4
b3 REF x5
b3 PRESUPPOSITION b2
b3 User x5 "speaker"
b3 day "n.01" x5
b2 Location x3 x6
b4 REF x6
b4 PRESUPPOSITION b2
b4 sun "n.01" x6
b1 CONTINUATION b5
b5 CONDITION b6
b6 CONSEQUENCE b7
b6 REF x7
b6 CONSEQUENCE b8
b7 PartOf x7 x8
b7 entity "n.01" x7
b9 REF x8
b9 PRESUPPOSITION b7
b9 way "n.01" x8
b7 Destination x8 x9
b7 REF x9
b7 town "n.01" x9
b7 REF x10
b7 TPR x10 "now"
b7 time "n.08" x10
b8 REF x11
b8 Agent x11 "speaker"
b8 Time x11 x10
b8 talk "v.01" x11
b8 Theme x11 x8

b1 REF x1
b1 REF x2
b1 PRESUPPOSITION b2
b1 Role x1 x2
b1 fact "n.01" x2
b1 person "n.01" x1
b2 Time x4 x3
b2 REF x3
b2 TPR x3 "now"
b2 time "n.08" x3
b2 REF x4
b2 Agent x4 "speaker"
b2 Theme x4 x5
b2 get "v.01" x4
b2 REF x5
b2 REF x6
b2 MadeOf x5 x6
b2 christmas "n.01" x6
b2 haircut "n.01" x5
b2 NEGATION b3
b4 REF x7
b4 REF x8
b4 Attribute x7 x8
b4 PRESUPPOSITION b3
b4 simple "n.01" x8
b4 fact "n.01" x7
b3 Time x9 x3
b2 REF x9
b2 Agent x9 "speaker"
b2 get "v.01" x9
b2 Source x9 x10
b5 REF x10
b5 PRESUPPOSITION b2
b2 REF x11
b2 Agent x11 "speaker"
b2 Beneficiary x11 "speaker"
b2 Product x11 x13
b2 Time x11 x5
b2 make "v.01" x11
b2 REF x12
b2 Degree x13 x12
b2 particular "r.01" x12
b2 REF x13
b2 Attribute "speaker" x13

b1 CONDITION b2
b3 REF x1
b3 REF x2
b3 REF x3
b3 ATTRIBUTION b4
b3 Agent x1 "speaker"
b3 Recipient x1 x4
b3 TPR x3 "now"
b3 Time x1 x3
b3 Topic x1 x2
b3 proposition "n.01" x2
b3 tell "v.01" x1
b3 time "n.08" x3
b5 CONDITION b6
b6 REF x4
b6 CONSEQUENCE b3
b6 person "n.01" x4
b3 Sub x4 x5
b3 REF x5
b3 REF x6
b3 Theme x5 x6
b3 REF x7
b3 Role x5 x7
b3 person "n.01" x5
b3 REF x8
b3 Manner x9 x8
b3 normally "a.01" x8
b3 REF x9
b3 REF x10
b3 Experiencer x9 "speaker"
b3 Stimulus x9 x10
b3 fear "v.01" x9
b3 proposition "n.01" x10
b7 REF x11
b7 TPR x11 "now"
b7 Time x12 x11
b7 time "n.08" x11
b7 REF x12
b7 REF x13
b7 ATTRIBUTION b8
b7 Agent x12 "speaker"
b7 Topic x12 x13
b7 go "v.01" x12
b7 proposition "n.01" x13
b8 REF x14
b8 Agent x14 "speaker"
b8 look "v.01" x14
b8 Theme x14 x15
b9 REF x15
b9 Name x15 "elvis~presley"
b9 PRESUPPOSITION b8
b9 male "n.02" x15
b8 CONTINUATION b10
b10 REF x16
b10 TPR "now" x16
b10 Time x17 x16
b10 time "n.08" x16
b10 REF x17
b10 REF x18
b10 ATTRIBUTION b11
b10 Agent x17 "speaker"
b10 Topic x17 x18
b10 learn "v.01" x17
b10 proposition "n.01" x18
b11 REF x19
b11 Theme x19 "speaker"
b11 move "v.01" x19
b11 CONTINUATION b12
b12 REF x20
b12 TPR "now" x20
b12 Time x21 x20
b12 time "n.08" x20
b12 REF x21
b12 Attribute "speaker" x21
b12 Value x21 x21

b1 REF x1
b1 REF x2
b1 PRESUPPOSITION b2
b1 Role x1 x2
b1 person "n.01" x1
b2 REF x3
b2 Experiencer x3 x1
b2 Stimulus x3 x5
b2 Time x3 x4
b2 understand "v.01" x3
b2 REF x4
b2 TPR x4 "now"
b2 time "n.08" x4
b3 REF x5
b3 Creator x5 "speaker"
b3 PRESUPPOSITION b2
b3 idea "n.01" x5
b2 REF x6
b2 Co-Theme x6 x7
b2 Theme x6 x5
b2 Time x6 x4
b2 be "v.01" x6
b2 REF x7
b2 entity "n.01" x7
b4 REF x8
b4 TPR x8 "now"
b4 Time x10 x8
b4 time "n.08" x8
b4 REF x9
b4 Degree x10 x9
b4 really "r.04" x9
b4 REF x10
b4 Experiencer x10 "speaker"
b4 excited "a.01" x10
b4 Stimulus x10 x6
b2 CONTINUATION b5
b5 REF x11
b5 TPR x11 "now"
b5 time "n.08" x11
b6 REF x12
b6 Agent x12 "speaker"
b6 Time x12 x11
b6 Topic x12 x13
b6 say "v.01" x12
b5 NEGATION b6
b6 REF x13
b6 entity "n.01" x13

b1 REF x1
b1 Agent x1 "speaker"
b1 Theme x1 x3
b1 Time x1 x2
b1 get "v.01" x1
b1 REF x2
b1 TPR x2 "now"
b1 time "n.08" x2
b2 REF x3
b2 User x3 "speaker"
b2 REF x4
b2 Attribute x3 x4
b2 PRESUPPOSITION b1
b2 new "a.01" x4
b1 Time x5 x2
b1 REF x5
b1 Agent x5 "speaker"
b1 smile "v.01" x5
b1 Source x5 x6
b1 REF x6
b1 ear "n.01" x6
b1 Recipient x5 x7
b1 REF x7
b1 ear "n.01" x7

b1 REF x1
b1 PRESUPPOSITION b2
b1 shoe "n.01" x1
b3 REF x2
b3 PRESUPPOSITION b2
b3 person "n.01" x2
b2 REF x3
b2 REF x4
b2 Agent x3 x2
b2 TPR x4 "now"
b2 Time x3 x4
b2 shine "v.01" x3
b2 time "n.08" x4
b2 REF x5
b2 Degree x6 x5
b2 really "r.04" x5
b2 REF x6
b2 Manner x7 x6
b2 REF x7
b2 REF x8
b2 REF x9
b2 ATTRIBUTION b4
b2 Experiencer x7 "speaker"
b2 Stimulus x7 x8
b2 TPR x9 "now"
b2 Time x7 x9
b2 like "v.01" x7
b2 proposition "n.01" x8
b2 time "n.08" x9
b4 REF x10
b4 Agent x10 "speaker"
b4 look "v.01" x10
b4 Theme x10 x11
b2 REF x11
b2 bone "n.01" x11
b2 PartOf x11 x12
b5 REF x12
b5 PRESUPPOSITION b2
b5 PartOf x12 "speaker"
b5 foot "n.01" x12
b6 REF x13
b6 Experiencer x13 "speaker"
b6 Stimulus x13 x15
b6 Time x13 x14
b6 see "v.01" x13
b4 REF x14
b4 TPR x14 "now"
b4 time "n.08" x14
b4 Stimulus x13 x15
b4 REF x15
b4 REF x16
b4 Attribute x15 x16
b4 special "a.01" x16
b4 REF x17
b4 MadeOf x15 x17
b4 machine "n.01" x15
b7 REF x18
b7 PRESUPPOSITION b4
b7 person "n.01" x18
b4 REF x19
b4 Pivot x19 x18
b4 Theme x19 x12
b4 Time x19 x8
b4 have "v.01" x19
b4 Location x8 x20
b4 REF x20
b4 REF x21
b4 Attribute x20 x21
b4 shoe "n.01" x21
b4 store "n.01" x20
b4 REF x22
b4 REF x23
b4 Causer x22 x20
b4 Patient x22 x23
b4 TPR x23 "now"

b1 REF x1
b1 TPR x1 "now"
b1 Time x2 x1
b1 time "n.08" x1
b1 REF x2
b1 REF x3
b1 ATTRIBUTION b2
b1 Experiencer x3 "speaker"
b1 Stimulus x3 x2
b1 proposition "n.01" x2
b1 ready "a.01" x3
b2 REF x4
b2 Theme x4 "speaker"
b2 go "v.01" x4
b2 Destination x4 x5
b3 REF x5
b3 PRESUPPOSITION b2
b2 CONTINUATION b4
b4 REF x6
b4 practice "n.01" x6
b4 REF x7
b4 Theme x7 x6
b4 be "v.01" x7
b4 Co-Theme x7 x8
b5 REF x8
b5 PRESUPPOSITION b4
b6 REF x9
b6 CONSEQUENCE b7
b6 PartOf x9 x10
b6 entity "n.01" x9
b8 REF x10
b8 PRESUPPOSITION b6
b8 girl "n.01" x10
b6 REF x11
b6 Theme x11 x9
b6 Time x11 x12
b6 love "v.01" x11
b6 REF x12
b6 TPR x12 "now"
b6 time "n.08" x12
b6 REF x13
b6 Agent x13 "speaker"
b6 Patient x13 x14
b6 Time x13 x12
b6 love "v.01" x13
b9 REF x14
b9 User x14 "speaker"
b9 REF x15
b9 Attribute x14 x15
b9 PRESUPPOSITION b7
b9 new "a.01" x15

b1 REF x1
b1 PRESUPPOSITION b2
b1 entity "n.01" x1
b2 REF x2
b2 Co-Theme x2 x4
b2 Theme x2 x1
b2 Time x2 x3
b2 be "v.01" x2
b2 REF x3
b2 TPR x3 "now"
b2 time "n.08" x3
b3 REF x4
b3 REF x5
b3 Attribute x4 x5
b3 PRESUPPOSITION b2
b3 new "a.01" x5
b3 haircut "n.01" x4
b2 CONTRAST b4
b4 REF x6
b4 REF x7
b4 ATTRIBUTION b5
b4 Pivot x6 "speaker"
b4 Theme x6 x7
b4 Time x6 x3
b4 need "v.01" x6
b4 proposition "n.01" x7
b5 REF x8
b5 Agent x8 "speaker"
b5 Theme x8 x9
b5 complete "v.01" x8
b6 REF x9
b6 User x9 "speaker"
b6 REF x10
b6 Attribute x9 x10
b6 PRESUPPOSITION b5
b6 new "a.01" x10
b6 look "n.01" x9

b1 REF x1
b1 Manner x2 x1
b1 finally "a.01" x1
b1 REF x2
b1 Theme x2 "speaker"
b1 Time x2 x3
b1 arrive "v.01" x2
b1 REF x3
b1 TPR x3 "now"
b1 time "n.08" x3
b1 Location x2 x4
b2 REF x4
b2 REF x5
b2 Attribute x4 x5
b2 PRESUPPOSITION b1
b1 Location x9 x4
b3 REF x6
b3 PRESUPPOSITION b1
b3 person "n.01" x6
b1 REF x7
b1 Agent x7 x6
b1 Patient x7 x8
b1 Time x7 x3
b1 cut "v.01" x7
b4 REF x8
b4 PRESUPPOSITION b1
b4 PartOf x8 "speaker"
b4 hair "n.01" x8
b1 Beneficiary x7 x10
b1 REF x9
b1 Attribute "speaker" x9
b1 free "a.01" x9
b1 EXPLANATION b5
b5 REF x10
b5 Co-Theme x10 x12
b5 Theme x10 "speaker"
b5 Time x10 x11
b5 be "v.01" x10
b2 REF x11
b2 TPR x11 "now"
b2 time "n.08" x11
b5 REF x12

b1 REF x1
b1 TPR x1 "now"
b1 Time x2 x1
b1 time "n.08" x1
b1 REF x2
b1 Theme x2 "speaker"
b1 suppose "v.01" x2
b1 Destination x2 x3
b1 REF x3
b1 person "n.01" x3
b1 SubOf x3 x4
b2 REF x4
b2 REF x5
b2 PRESUPPOSITION b1
b2 Source x4 x5
b2 barber "n.01" x5
b2 chair "n.01" x4
b1 CONTINUATION b3
b3 REF x6
b3 Theme x6 "speaker"
b3 Time x6 x7
b3 climb "v.01" x6
b1 REF x7
b1 TPR x7 "now"
b1 time "n.08" x7
b1 Destination x6 x8
b1 REF x8
b1 one "n.01" x8
b1 SubOf x8 x9
b4 REF x9
b4 PRESUPPOSITION b1
b4 REF x10
b4 PRESUPPOSITION b3
b4 Source x9 x10
b4 barber "n.01" x10
b4 chair "n.01" x9
b3 PRESUPPOSITION b5
b5 REF x11
b5 Theme x11 x4
b5 Time x11 x6
b5 climb "v.01" x11
b3 REF x12
b3 Location x8 x12
b3 entity "n.01" x12
b3 Destination x11 x13
b6 REF x13
b6 PRESUPPOSITION b3
b6 board "n.01" x13
b3 REF x14
b3 REF x15
b3 Role x14 x15
b3 barber "n.02" x15
b3 person "n.01" x14
b3 REF x16
b3 REF x17
b3 Agent x16 x14
b3 TPR x17 "now"
b3 Theme x16 x14
b3 Time x16 x17
b3 place "v.01" x16
b3 time "n.08" x17
b3 Path x16 x18
b7 REF x18
b7 PRESUPPOSITION b3
b7 arm "n.01" x18
b3 REF x19
b3 Causer x19 "speaker"
b3 Patient x19 "speaker"
b3 Result x19 x20
b3 make "v.01" x19
b3 REF x20
b3 Theme x20 "speaker"
b3 seat "v.01" x20

b1 REF x1
b1 Agent x1 "speaker"
b1 Time x1 x2
b1 look "v.01" x1
b1 REF x2
b1 TPR x2 "now"
b1 time "n.08" x2
b1 Theme x1 x3
b2 REF x3
b2 PRESUPPOSITION b1
b2 man "n.01" x3
b1 CONTINUATION b3
b3 REF x4
b3 Agent x4 "speaker"
b3 Time x4 x2
b3 Topic "v.01" x4
b1 Instrument x1 x5
b1 REF x5
b1 REF x6
b1 Attribute x5 x6
b1 smile "n.01" x5
b1 PartOf x5 x7
b4 REF x7
b4 PRESUPPOSITION b1
b4 PartOf x7 "speaker"
b4 face "n.01" x7
b1 REF x8
b1 REF x9
b1 EQU x9 "now"
b1 Pivot x8 "speaker"
b1 Theme x8 x10
b1 Time x8 x9
b1 time "n.08" x9
b1 want "v.01" x8
b1 REF x10
b1 REF x11
b1 Attribute x10 x11
b1 islamic "a.01" x11
b1 haircut "n.01" x10

b1 POSSIBILITY b2
b2 REF x1
b2 Agent x1 "hearer"
b2 Patient x1 x2
b2 make "v.01" x1
b3 REF x2
b3 PRESUPPOSITION b2
b3 PartOf x2 "speaker"
b3 hair "n.01" x2
b2 Attribute x1 x3
b4 REF x3
b4 PRESUPPOSITION b2
b4 artifact "n.01" x3
b2 CONTINUATION b5
b2 REF x4
b2 TPR x4 "now"
b2 time "n.08" x4
b5 REF x5
b5 Agent x5 "speaker"
b5 Time x5 x4
b5 ask "v.01" x5

b1 REF x1
b1 REF x2
b1 PRESUPPOSITION b2
b1 Role x1 x2
b1 barber "n.02" x2
b1 person "n.01" x1
b2 REF x3
b2 Co-Theme x3 x5
b2 Theme x3 x1
b2 Time x3 x4
b2 be "v.01" x3
b2 REF x4
b2 TPR x4 "now"
b2 time "n.08" x4
b2 REF x5
b2 REF x6
b2 Attribute x5 x6
b2 REF x7
b2 Attribute x5 x7
b2 young "a.01" x7
b2 man "n.01" x5
b2 CONTINUATION b3
b3 REF x8
b3 Agent x8 x1
b3 Time x8 x4
b3 grin "v.01" x8
b3 REF x9
b3 Manner x8 x9
b3 back "r.01" x9
b3 Recipient x8 "speaker"
b3 CONTINUATION b4
b4 REF x10
b4 REF x11
b4 REF x12
b4 ATTRIBUTION b5
b4 Agent x10 x5
b4 TPR x12 "now"
b4 Time x10 x12
b4 Topic x10 x11
b4 proposition "n.01" x11
b4 say "v.01" x10
b4 time "n.08" x12
b2 PRESUPPOSITION b5
b4 PRESUPPOSITION b5
b4 REF x13
b4 TPR "now" x13
b4 time "n.08" x13
b5 Time x14 x13
b5 REF x14
b5 Agent x14 x7
b5 Theme x14 x15
b5 try "v.01" x14
b2 PRESUPPOSITION b6
b6 REF x15
b6 PRESUPPOSITION b5
b6 User x15 x4
b6 best "n.01" x15

b1 Time x2 x1
b1 REF x1
b1 TPR x1 "now"
b1 time "n.08" x1
b1 REF x2
b1 Degree x3 x2
b1 so "r.01" x2
b1 REF x3
b1 Experiencer x3 "speaker"
b1 happy "a.01" x3
b2 REF x4
b2 PRESUPPOSITION b1
b2 male "n.02" x4
b1 REF x5
b1 PartOf x5 x6
b1 Time x5 x2
b1 start "v.01" x5
b1 REF x6
b1 Agent x6 x4
b1 Patient x6 x7
b1 cut "v.01" x6
b3 REF x7
b3 PRESUPPOSITION b1
b3 PartOf x7 "speaker"
b3 hair "n.01" x7
b1 CONTRAST b4
b1 PRESUPPOSITION b4
b4 REF x8
b4 PartOf x8 x10
b4 Time x8 x9
b4 start "v.01" x8
b4 REF x9
b4 TPR x9 "now"
b4 time "n.08" x9
b4 REF x10
b4 Agent x10 x6
b4 Patient x10 "speaker"
b4 watch "v.01" x10
b5 REF x11
b5 PRESUPPOSITION b4
b4 Time x12 x9
b4 REF x12
b4 Agent x12 x11
b4 Theme x12 "speaker"
b4 watch "v.01" x12
b6 REF x13
b6 REF x14
b6 PRESUPPOSITION b4
b6 Role x13 x14
b6 person "n.01" x13
b4 REF x15
b4 TPR x15 "now"
b4 Time x16 x15
b4 time "n.08" x15
b4 REF x16
b4 Agent x16 x13
b4 Theme x16 x17
b4 watch "v.01" x16
b4 REF x17
b4 look "n.01" x17
b4 REF x18
b4 Attribute x17 x18
b4 cold "a.01" x18
b4 Attribute x17 x19
b4 REF x19
b4 ice "n.01" x19
b4 REF x20
b4 Theme x20 x17
b4 Time x20 x21
b4 REF x21
b4 TPR x21 "now"
b4 time "n.08" x21
b4 Recipient x20 x22
b7 REF x22
b7 PRESUPPOSITION b4

b1 REF x1
b1 PRESUPPOSITION b2
b1 female "n.02" x1
b3 REF x2
b3 REF x3
b3 Agent x2 x1
b3 TPR x3 "now"
b3 Time x2 x3
b3 Topic x2 x4
b3 time "n.08" x3
b3 whisper "v.01" x2
b3 REF x4
b3 entity "n.01" x4
b3 Destination x2 x5
b2 REF x5
b2 PartOf x5 x1
b2 PRESUPPOSITION b3
b2 ear "n.01" x5
b3 REF x6
b3 REF x7
b3 Agent x6 x5
b3 TPR x7 "now"
b3 Theme x6 x8
b3 Time x6 x7
b3 cause "v.01" x6
b3 time "n.08" x7
b4 REF x8
b4 REF x9
b4 PRESUPPOSITION b3
b4 Role x8 x9
b4 barber "n.01" x9
b4 person "n.01" x8
b3 REF x10
b3 Agent x10 x3
b3 Patient x10 x11
b3 shake "v.01" x10
b5 PRESUPPOSITION b6
b6 REF x11
b6 PRESUPPOSITION b3
b6 PartOf x11 x12
b5 REF x12
b5 male "n.02" x12
b6 head "n.01" x11
b3 REF x13
b3 TPR x13 "now"
b3 Time x14 x13
b3 time "n.08" x13
b3 REF x14
b3 Agent x14 x7
b3 Recipient x14 x11
b3 Topic x14 x15
b3 tell "v.01" x14
b7 REF x15
b7 PRESUPPOSITION b3
b7 female "n.02" x15
b3 REF x16
b3 no "n.01" x16

b1 REF x1
b1 Participant x1 x2
b1 event "v.01" x1
b2 CONDITION b1
b1 CONSEQUENCE b3
b1 REF x2
b1 response "n.01" x2
b4 REF x3
b4 REF x4
b4 PRESUPPOSITION b3
b4 Role x3 x4
b4 person "n.01" x3
b3 REF x5
b3 Theme x5 x3
b3 Time x5 x6
b3 walk "v.01" x5
b3 REF x6
b3 TPR x6 "now"
b3 time "n.08" x6
b3 Destination x5 x7
b3 REF x7
b3 REF x8
b3 Attribute x7 x8
b3 little "a.01" x8
b3 man "n.01" x7
b3 REF x9
b3 Theme x9 x7
b3 sit "v.01" x9
b3 Location x9 x10
b3 REF x10
b3 REF x11
b3 Attribute x10 x11
b3 office "n.01" x11
b3 chair "n.01" x10
b3 REF x12
b3 Agent x12 x10
b3 Time x12 x7
b3 squeak "v.01" x12
b3 Location x12 x13
b5 REF x13
b5 PRESUPPOSITION b3
b5 floor "n.01" x13
b3 CONTINUATION b6
b6 REF x14
b6 Agent x14 x5
b6 Time x14 x8
b6 speak "v.02" x14
b6 Co-Agent x14 x7
b4 PRESUPPOSITION b6

b1 REF x1
b1 PRESUPPOSITION b2
b1 entity "n.01" x1
b2 REF x2
b2 Co-Theme x2 x4
b2 Theme x2 x1
b2 Time x2 x3
b2 be "v.01" x2
b2 REF x3
b2 TPR x3 "now"
b2 time "n.08" x3
b2 REF x4
b2 REF x5
b2 Attribute x4 x5
b2 little "a.01" x5
b2 man "n.01" x4
b2 REF x6
b2 Theme x6 x4
b2 Time x6 x3
b2 walk "v.01" x6
b2 CONTINUATION b3
b3 REF x7
b3 Agent x7 x4
b3 Time x7 x8
b3 Topic x7 x9
b3 say "v.01" x7
b3 REF x8
b3 TPR x8 "now"
b3 time "n.08" x8
b3 REF x9
b3 entity "n.01" x9
b3 Recipient x7 x10
b2 REF x10
b2 man "n.01" x10
b2 Time x11 x9
b2 REF x11
b2 Agent x11 x10
b2 Patient x11 x12
b2 cut "v.01" x11
b4 REF x12
b4 PRESUPPOSITION b2
b4 PartOf x12 "speaker"
b4 hair "n.01" x12

b1 REF x1
b1 PRESUPPOSITION b2
b1 entity "n.01" x1
b1 REF x2
b1 Experiencer x2 "speaker"
b1 Stimulus x2 x1
b1 Time x2 x3
b1 know "v.04" x2
b1 REF x3
b1 TPR x3 "now"
b1 time "n.08" x3
b1 CONTINUATION b2
b1 REF x4
b1 man "n.01" x4
b1 Time x5 x3
b1 REF x5
b1 Agent x5 x4
b1 Patient x5 x6
b1 cut "v.01" x5
b3 REF x6
b3 PRESUPPOSITION b1
b3 PartOf x6 "speaker"
b3 hair "n.01" x6
b4 REF x7
b4 TPR x7 "now"
b4 Time x8 x7
b4 time "n.08" x7
b2 NEGATION b4
b4 REF x8
b4 REF x9
b4 ATTRIBUTION b5
b4 Agent x8 x4
b4 Topic x8 x9
b4 allow "v.01" x8
b4 proposition "n.01" x9
b5 REF x10
b5 Agent x10 x3
b5 Recipient x10 "speaker"
b5 Theme x10 x11
b5 give "v.03" x10
b5 REF x11
b5 Creator x11 x12
b6 REF x12
b6 PRESUPPOSITION b5
b6 male "n.02" x12
b5 cut "n.01" x11

b1 REF x1
b1 REF x2
b1 Agent x1 "speaker"
b1 TPR x2 "now"
b1 Time x1 x2
b1 cry "v.01" x1
b1 time "n.08" x2
b1 REF x3
b1 Manner x1 x3
b1 desperately "r.01" x3

b1 REF x1
b1 REF x2
b1 Attribute x1 x2
b1 REF x3
b1 PRESUPPOSITION b2
b1 Role x1 x3
b1 barber "n.02" x3
b1 person "n.01" x1
b2 REF x4
b2 REF x5
b2 TPR x5 "now"
b2 Theme x4 x1
b2 Time x4 x5
b2 stop "v.01" x4
b2 time "n.08" x5
b2 Path x4 x6
b3 REF x6
b3 REF x7
b3 PRESUPPOSITION b2
b3 Role x6 x7
b3 person "n.01" x6
b4 REF x8
b4 TPR x8 "now"
b4 Time x9 x8
b4 time "n.08" x8
b2 NEGATION b4
b4 REF x9
b4 Agent x9 "speaker"
b4 answer "v.02" x9
b2 CONTRAST b5
b5 Source x11 x10
b6 PRESUPPOSITION b7
b7 REF x10
b7 Creator x10 x11
b7 PRESUPPOSITION b5
b6 REF x11
b6 male "n.02" x11
b7 expression "n.01" x10
b6 POSSIBILITY b8
b8 REF x12
b8 REF x13
b8 ATTRIBUTION b9
b8 Agent x12 "speaker"
b8 Topic x12 x13
b8 proposition "n.01" x13
b8 tell "v.01" x12
b6 PRESUPPOSITION b9
b8 PRESUPPOSITION b9
b9 POSSIBILITY b10
b10 REF x14
b10 Agent x14 x7
b10 Patient x14 x15
b10 cut "v.01" x14
b11 PRESUPPOSITION b10
b11 entity "n.01" x14
b10 REF x15
b10 Patient x15 "speaker"
b10 Time x15 x16
b10 ask "v.01" x15
b9 REF x16
b9 TPR x16 "now"
b9 time "n.08" x16

b1 Time x4 x1
b1 REF x1
b1 Quantity x1 "-"
b1 Unit x1 "minute"
b1 measure "n.02" x1
b2 REF x2
b2 PRESUPPOSITION b1
b2 entity "n.01" x2
b3 EQU x2 x3
b3 TPR x2 "now"
b1 NEGATION b3
b3 REF x3
b4 REF x4
b4 PRESUPPOSITION b3
b4 Source x3 x4
b4 location "n.01" x4
b4 haircut "n.01" x3
b3 CONTRAST b5
b5 REF x5
b5 REF x6
b5 Attribute x5 x6
b5 short "a.02" x6
b5 REF x7
b5 MadeOf x5 x7
b5 buzz "n.01" x7
b5 cut "n.01" x5
b6 REF x8
b6 REF x9
b6 PRESUPPOSITION b5
b6 Role x8 x9
b6 barber "n.02" x9
b6 person "n.01" x8
b5 REF x10
b5 Agent x10 x8
b5 Beneficiary x10 "speaker"
b5 Theme x10 x7
b5 give "v.03" x10

b1 REF x1
b2 PRESUPPOSITION b3
b2 REF x2
b2 male "n.02" x2
b1 REF x3
b1 REF x4
b1 Agent x3 x2
b1 TPR x4 "now"
b1 Time x3 x4
b1 finish "v.01" x3
b1 time "n.08" x4
b4 REF x5
b4 Agent x5 x2
b4 Theme x5 x6
b4 shave "v.01" x5
b2 CONDITION b5
b5 REF x6
b5 CONSEQUENCE b4
b5 PartOf x6 x7
b5 entity "n.01" x6
b6 REF x7
b6 PRESUPPOSITION b5
b6 PartOf x7 "speaker"
b6 hair "n.01" x7
b7 REF x8
b7 REF x9
b7 REF x10
b7 ATTRIBUTION b8
b7 Causer x8 x7
b7 Patient x8 "speaker"
b7 Result x8 x9
b7 TPR x10 "now"
b7 Time x8 x10
b7 make "v.01" x8
b7 proposition "n.01" x9
b7 time "n.08" x10
b8 REF x11
b8 Manner x12 x11
b8 just "r.01" x11
b8 REF x12
b8 Experiencer x12 "speaker"
b8 Stimulus x12 x13
b8 smell "v.01" x12
b8 REF x13
b8 measure "n.02" x13
b8 Instrument x12 x14
b4 REF x14
b4 PRESUPPOSITION b8
b4 REF x15
b4 Role x14 x15
b4 barber "n.02" x15
b4 person "n.01" x14
b9 REF x16
b9 REF x17
b9 PRESUPPOSITION b8
b9 Role x16 x17
b9 barber "n.02" x17
b9 person "n.01" x16
b8 REF x18
b8 REF x19
b8 Agent x18 x16
b8 Destination x18 "speaker"
b8 TPR x19 "now"
b8 Theme x18 x20
b8 Time x18 x19
b8 hand "v.01" x18
b8 time "n.08" x19
b8 REF x20
b8 Quantity x20 "50"
b8 CONTINUATION b10
b10 REF x21
b10 REF x22
b10 REF x23
b10 ATTRIBUTION b11
b10 Agent x21 x16

b1 REF x1
b1 REF x2
b1 Agent x1 "speaker"
b1 Destination x1 x3
b1 TPR x2 "now"
b1 Theme x1 x4
b1 Time x1 x2
b1 hand "v.01" x1
b1 time "n.08" x2
b2 PRESUPPOSITION b1
b2 REF x3
b2 male "n.02" x3
b3 REF x4
b3 PRESUPPOSITION b1
b1 CONTINUATION b4
b4 REF x5
b4 REF x6
b4 REF x7
b4 ATTRIBUTION b5
b4 Agent x5 x3
b4 Recipient x5 x3
b4 TPR x7 "now"
b4 Time x5 x7
b4 Topic x5 x6
b4 proposition "n.01" x6
b4 tell "v.01" x5
b4 time "n.08" x7
b2 PRESUPPOSITION b4
b5 REF x8
b5 TPR x8 "now"
b5 time "n.08" x8
b6 Time x9 x8
b5 NEGATION b6
b6 REF x9
b6 Experiencer x9 "speaker"
b6 hungry "a.01" x9

b1 REF x1
b1 EQU x1 "now"
b1 time "n.08" x1
b2 Time x2 x1
b2 REF x2
b2 Degree x3 x2
b2 so "r.01" x2
b2 REF x3
b2 Experiencer x3 "speaker"
b2 sorry "a.01" x3
b2 Stimulus x3 x4
b2 REF x4
b2 baby "n.01" x4
b3 REF x5
b3 PRESUPPOSITION b2
b3 male "n.02" x5
b2 REF x6
b2 REF x7
b2 ATTRIBUTION b4
b2 Agent x6 x5
b2 Time x6 x8
b2 Topic x6 x7
b2 proposition "n.01" x7
b2 say "v.01" x6
b2 REF x8
b2 TPR x8 "now"
b2 time "n.08" x8
b2 REF x9
b2 Theme x9 x5
b2 Time x9 x8
b2 climb "v.01" x9
b2 Source x9 x10
b4 PRESUPPOSITION b5
b5 REF x10
b5 User x10 x5
b5 REF x11
b5 PRESUPPOSITION b4
b5 Source x10 x11
b5 barber "n.02" x11
b5 chair "n.01" x10

b1 EQU "speaker" "now"
b2 NEGATION b1
b1 REF x1
b1 baby "n.01" x1
b1 REF x2
b1 REF x3
b1 REF x4
b1 ATTRIBUTION b2
b1 Agent x2 "speaker"
b1 TPR x4 "now"
b1 Time x2 x4
b1 Topic x2 x3
b1 proposition "n.01" x3
b1 say "v.01" x2
b1 time "n.08" x4
b1 REF x5
b1 REF x6
b1 Agent x5 "speaker"
b1 Source x5 x7
b1 TPR x6 "now"
b1 Time x5 x6
b1 time "n.08" x6
b1 wipe "v.01" x5
b3 REF x7
b3 PRESUPPOSITION b1
b3 tear "n.01" x7
b1 Source x5 x8
b4 REF x8
b4 PRESUPPOSITION b1
b4 PartOf x8 "speaker"
b4 eye "n.01" x8

b1 REF x1
b1 Agent x1 "speaker"
b1 Time x1 x2
b1 sit_down "v.01" x1
b1 REF x2
b1 TPR x2 "now"
b1 time "n.08" x2
b1 Location x1 x3
b2 REF x3
b2 PRESUPPOSITION b1
b2 floor "n.01" x3
b1 CONTINUATION b3
b3 REF x4
b3 Agent x4 "speaker"
b3 Theme x4 x6
b3 Time x4 x2
b3 brush "v.01" x4
b1 REF x5
b1 hair "n.01" x5
b1 REF x6
b1 REF x7
b1 TPR x7 "now"
b1 Theme x6 x5
b1 Time x6 x7
b1 accumulate "v.01" x6
b1 time "n.08" x7
b1 Location x6 x8
b4 REF x8
b4 User x8 "speaker"
b4 REF x9
b4 Attribute x8 x9
b4 PRESUPPOSITION b1
b4 bright-red "a.01" x9

b1 REF x1
b1 PRESUPPOSITION b2
b1 PartOf x1 "speaker"
b1 head "n.01" x1
b3 REF x2
b3 TPR x2 "now"
b3 Time x3 x2
b3 time "n.08" x2
b2 NEGATION b3
b3 REF x3
b3 Theme x3 x1
b3 longer "v.01" x3
b3 Location x3 x4
b4 REF x4
b4 PRESUPPOSITION b3
b4 cloud "n.02" x4
b3 CONTINUATION b5
b5 REF x5
b5 Agent x5 "speaker"
b5 Theme x5 x7
b5 Time x5 x6
b3 REF x6
b3 TPR x6 "now"
b3 time "n.08" x6
b6 REF x7
b6 User x7 "speaker"
b6 REF x8
b6 Attribute x7 x8
b6 PRESUPPOSITION b5
b6 short "a.01" x8
b6 pants "n.01" x7
b5 PRESUPPOSITION b7
b7 REF x9
b7 Theme x9 x2
b7 Time x9 x6
b7 walk "v.01" x9
b7 Destination x9 x10
b8 REF x10
b8 PRESUPPOSITION b7
b8 door "n.01" x10

b1 REF x1
b1 PRESUPPOSITION b2
b2 REF x2
b2 TPR x2 "now"
b2 Time x3 x2
b2 time "n.08" x2
b2 REF x3
b2 Agent x3 x1
b2 smile "v.01" x3
b2 Recipient x3 "speaker"
b2 REF x4
b2 Manner x3 x4
b2 like "r.01" x4

b1 REF x1
b1 REF x2
b1 Role x1 x2
b1 barber "n.01" x2
b1 person "n.01" x1
b1 REF x3
b1 Experiencer x3 x1
b1 upset "a.01" x3
b1 Stimulus x3 x4
b2 REF x4
b2 REF x5
b2 PRESUPPOSITION b1
b2 Role x4 x5
b2 person "n.01" x4
b1 REF x6
b1 REF x7
b1 ATTRIBUTION b3
b1 Agent x5 x1
b1 TPR x7 "now"
b1 Time x5 x7
b1 Topic x5 x6
b1 proposition "n.01" x6
b1 say "v.01" x5
b1 time "n.08" x7
b1 Recipient x5 x8
b4 REF x8
b4 PRESUPPOSITION b1
b4 female "n.02" x8
b1 REF x9
b1 EQU x9 "now"
b1 time "n.08" x9
b3 REF x10
b3 Co-Theme x10 x11
b3 Theme x10 "hearer"
b3 Time x10 x9
b3 be "v.01" x10
b3 REF x11
b3 REF x12
b3 Attribute x11 x12
b3 damn "a.01" x12
b3 REF x13
b3 Role x11 x13
b3 bitch "n.01" x13
b3 person "n.01" x11
b3 REF x14
b3 lady "n.01" x14

b1 REF x1
b1 PRESUPPOSITION b2
b1 female "n.02" x1
b3 REF x2
b3 REF x3
b3 Agent x2 x1
b3 TPR x3 "now"
b3 Time x2 x3
b3 time "n.08" x3
b3 yell "v.01" x2
b3 Recipient x2 x4
b4 REF x4
b4 PRESUPPOSITION b3
b4 male "n.02" x4
b3 Location x2 x5
b2 REF x5
b2 top "n.01" x5
b2 PartOf x5 x6
b5 REF x6
b5 PRESUPPOSITION b2
b5 PartOf x6 x1
b5 lung "n.01" x6
b3 CONTINUATION b6
b6 REF x7
b6 Theme x7 x1
b6 walk "v.01" x7
b6 Destination x7 x8
b7 REF x8
b7 PRESUPPOSITION b6
b7 office "n.01" x8
b6 REF x9
b6 Manner x7 x9
b6 fast "a.01" x9
b6 Participant x7 x9
b4 PRESUPPOSITION b6

b1 REF x1
b1 REF x2
b1 Agent x2 x1
b1 Theme x2 x3
b1 show "v.01" x2
b2 PRESUPPOSITION b3
b3 REF x3
b3 CONSEQUENCE b1
b3 PartOf x3 x4
b4 REF x4
b4 PRESUPPOSITION b3
b4 male "n.02" x4
b3 anger "n.01" x3
b5 REF x5
b5 PRESUPPOSITION b2
b5 man "n.01" x5
b2 REF x6
b2 REF x7
b2 Agent x6 x5
b2 TPR x7 "now"
b2 Theme x6 x8
b2 Time x6 x7
b2 hit "v.01" x6
b2 time "n.08" x7
b6 REF x8
b6 PRESUPPOSITION b2
b6 wall "n.01" x8
b2 Instrument x6 x9
b7 REF x9
b7 PRESUPPOSITION b2
b7 PartOf x9 x5
b7 PRESUPPOSITION b3
b7 hand "n.01" x9
b3 CONTINUATION b8
b8 REF x10
b8 Theme x10 x3
b8 Time x10 x11
b8 walk "v.01" x10
b8 REF x11
b8 TPR x11 "now"
b8 time "n.08" x11
b8 Location x10 x12
b9 REF x12
b9 REF x13
b9 Attribute x12 x13
b9 PRESUPPOSITION b8
b9 money_laundering "n.01" x13
b9 wall "n.01" x12
b8 REF x14
b8 Agent x14 x7
b8 Patient x14 x15
b8 smoke "v.01" x14
b8 REF x15
b8 cigarette "n.01" x15

b1 REF x1
b1 Experiencer x1 "speaker"
b1 Stimulus x1 x3
b1 Time x1 x2
b1 understand "v.01" x1
b1 REF x2
b1 TPR x2 "now"
b1 time "n.08" x2
b1 right "r.01" x1
b2 REF x3
b2 PRESUPPOSITION b1
b2 PartOf x3 "speaker"
b2 haircut "n.01" x3
b1 REF x4
b1 Co-Theme x4 x5
b1 Theme x4 x3
b1 Time x4 x1
b1 be "v.01" x4
b1 REF x5
b1 entity "n.01" x5
b1 REF x6
b1 Theme x6 x5
b1 be "a.01" x6
b1 Source x6 x7
b1 REF x7
b1 PRESUPPOSITION b1
b1 power "n.01" x7
b1 PartOf x7 x8
b3 REF x8
b3 PRESUPPOSITION b1
b3 REF x9
b3 Role x8 x9
b3 barber "n.01" x9
b3 person "n.01" x8
b1 CONTINUATION b4
b4 REF x10
b4 Manner x11 x10
b4 slowly "a.01" x10
b4 REF x11
b4 Theme x11 "speaker"
b4 Time x11 x12
b4 walk "v.01" x11
b4 REF x12
b4 TPR x12 "now"
b4 time "n.08" x12
b4 Causer x11 x13
b4 REF x13
b4 Agent x13 "speaker"
b4 Theme x13 x14
b4 join "v.01" x13
b5 REF x14
b5 PRESUPPOSITION b4
b5 man "n.01" x14

b1 PRESUPPOSITION b2
b1 REF x1
b1 male "n.02" x1
b2 REF x2
b2 Agent x2 x1
b2 Time x2 x3
b2 look_down_on "v.01" x2
b2 REF x3
b2 TPR x3 "now"
b2 time "n.08" x3
b2 CONTINUATION b3
b3 REF x4
b3 Agent x4 x1
b3 Time x4 x3
b3 smile "v.01" x4
b3 Recipient x4 "speaker"
b1 PRESUPPOSITION b4
b4 REF x5
b4 Agent x5 x1
b4 Experiencer x5 "speaker"
b4 Time x5 x3
b4 pat "v.02" x5
b4 Instrument x5 x6
b1 REF x6
b1 top "n.01" x6
b1 PartOf x6 x7
b5 REF x7
b5 PRESUPPOSITION b1
b5 User x7 "speaker"
b4 Attribute x4 x8
b4 REF x8
b4 REF x9
b4 Attribute x8 x9
b4 head "n.01" x8

b1 REF x1
b1 PRESUPPOSITION b2
b1 entity "n.01" x1
b2 REF x2
b2 REF x3
b2 Co-Theme x2 x4
b2 TPR x3 "now"
b2 Theme x2 x1
b2 Time x2 x3
b2 be "v.01" x2
b2 time "n.08" x3
b2 REF x4
b2 fact "n.01" x4
b2 PartOf x4 x5
b3 REF x5
b3 PRESUPPOSITION b2
b3 User x5 "speaker"
b3 life "n.01" x5
b4 Location x6 x4
b2 NEGATION b4
b4 REF x6
b4 Patient x6 "speaker"
b4 Result x6 x7
b4 have "v.01" x6
b4 REF x7
b4 hair "n.01" x7
b2 REF x8
b2 TPR x8 "now"
b2 time "n.08" x8
b4 REF x9
b4 Co-Theme x9 x10
b4 Theme x9 x7
b4 Time x9 x8
b4 be "v.01" x9
b4 REF x10
b4 entity "n.01" x10
b4 Instrument x9 x11
b5 REF x11
b5 PRESUPPOSITION b4
b5 female "n.02" x11
b4 REF x12
b4 Manner x9 x12
b4 soon "a.01" x12

b1 REF x1
b1 Agent x1 "speaker"
b1 Time x1 x2
b1 look "v.01" x1
b1 REF x2
b1 TPR x2 "now"
b1 time "n.08" x2
b1 Location x1 x3
b2 REF x3
b2 REF x4
b2 PRESUPPOSITION b1
b2 Role x3 x4
b2 barber "n.01" x4
b2 person "n.01" x3
b1 Instrument x1 x5
b3 REF x5
b3 PartOf x5 "speaker"
b3 REF x6
b3 Attribute x5 x6
b3 wet "a.01" x6
b3 REF x7
b3 Colour x5 x7
b3 PRESUPPOSITION b1
b3 red "a.01" x7
b3 eye "n.01" x5
b1 CONTINUATION b4
b4 Time x9 x8
b4 REF x8
b4 EQU x8 "now"
b4 time "n.08" x8
b4 REF x9
b4 REF x10
b4 ATTRIBUTION b5
b4 Experiencer x9 "hearer"
b4 Stimulus x9 x10
b4 know "v.01" x9
b4 question "n.01" x10
b6 REF x11
b6 Name x11 "elvis~presley"
b6 PRESUPPOSITION b5
b6 male "n.02" x11
b5 REF x12
b5 Pivot x12 x11
b5 Theme x12 x13
b5 Time x12 x7
b5 have "v.02" x12
b5 REF x13
b5 bone "n.01" x13

